10    5    0.645705
0    1    11    1    2    3    4    5    6    7    8    9    10    11    [0]    [0]    [0]    [0]    [0]    [0]    [0]    [0]    [0]    [0]    [0]
1    1    7    2    6    7    8    9    10    11    [3]    [7]    [9]    [0]    [6]    [9]    [3]
2    1    6    6    7    8    9    10    11    [1]    [3]    [0]    [2]    [0]    [1]
3    1    7    2    6    7    8    9    10    11    [2]    [5]    [0]    [1]    [2]    [4]    [2]
4    1    6    6    7    8    9    10    11    [3]    [3]    [2]    [3]    [3]    [1]
5    1    5    6    7    9    11    10    [2]    [0]    [5]    [2]    [-1]
6    1    6    1    2    3    4    7    11    [-30]    [-17]    [-20]    [-21]    [5]    [5]
7    1    1    11    [4]
8    1    4    2    3    4    11    [-22]    [-25]    [-18]    [9]
9    1    6    1    2    3    6    7    11    [-19]    [-9]    [-20]    [5]    [5]    [5]
10    1    2    7    11    [5]    [5]
11    1    0
0	1	0	0	0	0	0	0
1	1	3	0	4	2	0	0
2	1	1	0	4	0	0	0
3	1	2	3	3	2	0	0
4	1	1	0	0	1	0	0
5	1	2	0	0	0	3	0
6	1	5	2	5	2	4	1
7	1	4	1	2	0	5	4
8	1	9	1	0	0	2	0
9	1	5	0	4	2	0	1
10	1	5	0	2	3	0	5
11	1	0	0	0	0	0	0
3	7	6	7	7
