10    5    0.884274
0    1    11    1    2    3    4    5    6    7    8    9    10    11    [0]    [0]    [0]    [0]    [0]    [0]    [0]    [0]    [0]    [0]    [0]
1    1    6    3    5    6    7    9    11    [6]    [6]    [10]    [6]    [6]    [6]
2    1    6    5    6    7    9    10    11    [5]    [5]    [5]    [5]    [15]    [5]
3    1    5    5    6    7    9    11    [6]    [4]    [4]    [4]    [4]
4    1    7    3    5    6    7    8    9    11    [1]    [1]    [1]    [1]    [2]    [1]    [1]
5    1    2    7    11    [5]    [3]
6    1    5    5    5    7    9    11    [-3]    [4]    [4]    [4]    [4]
7    1    3    5    11    9    [-6]    [8]    [-6]
8    1    4    5    7    9    11    [10]    [10]    [10]    [10]
9    1    2    5    11    [-7]    [2]
10    1    3    7    9    11    [4]    [4]    [4]
11    1    0
0	1	0	0	0	0	0	0
1	1	6	4	0	0	0	0
2	1	5	0	0	0	3	0
3	1	4	5	0	0	0	0
4	1	1	1	0	4	2	0
5	1	3	0	5	3	5	3
6	1	4	2	1	4	5	0
7	1	8	3	2	2	4	4
8	1	10	1	4	0	0	0
9	1	2	0	3	5	0	5
10	1	4	0	0	0	0	2
11	1	0	0	0	0	0	0
6	6	5	6	5
