10    5    0.571625
0    1    11    1    2    3    4    5    6    7    8    9    10    11    [0]    [0]    [0]    [0]    [0]    [0]    [0]    [0]    [0]    [0]    [0]
1    1    6    4    6    7    8    10    11    [10]    [10]    [26]    [10]    [10]    [10]
2    1    9    3    4    6    7    8    9    10    11    10    [9]    [9]    [25]    [9]    [9]    [9]    [9]    [9]    [-2]
3    1    8    6    7    8    9    10    11    6    10    [6]    [6]    [6]    [6]    [6]    [6]    [-1]    [-1]
4    1    6    6    7    8    9    10    11    [1]    [1]    [1]    [0]    [3]    [1]
5    1    8    6    7    8    9    10    11    9    10    [10]    [10]    [10]    [10]    [10]    [10]    [-6]    [-8]
6    1    4    8    9    10    11    [13]    [5]    [5]    [5]
7    1    5    6    8    9    10    11    [11]    [4]    [4]    [9]    [4]
8    1    3    9    10    11    [5]    [2]    [2]
9    1    3    1    8    11    [-60]    [-19]    [7]
10    1    1    11    [1]
11    1    0
0	1	0	0	0	0	0	0
1	1	10	5	5	3	4	1
2	1	9	1	2	1	2	2
3	1	6	1	2	1	2	4
4	1	1	1	1	3	4	1
5	1	10	2	1	4	5	2
6	1	5	3	3	3	1	5
7	1	4	2	5	5	3	5
8	1	2	3	4	3	2	4
9	1	7	3	2	5	1	2
10	1	1	1	2	4	4	5
11	1	0	0	0	0	0	0
8	8	9	11	8
