10    5    0.672855
0    1    11    1    2    3    4    5    6    7    8    9    10    11    [0]    [0]    [0]    [0]    [0]    [0]    [0]    [0]    [0]    [0]    [0]
1    1    6    2    6    7    8    10    11    [3]    [0]    [0]    [3]    [3]    [3]
2    1    2    10    11    [0]    [7]
3    1    6    4    6    8    9    10    11    [8]    [23]    [8]    [8]    [8]    [8]
4    1    2    11    6    [10]    [-7]
5    1    7    2    6    8    9    10    11    7    [3]    [9]    [3]    [3]    [3]    [3]    [-1]
6    1    3    3    10    11    [-24]    [7]    [7]
7    1    5    6    8    9    10    11    [6]    [6]    [1]    [6]    [6]
8    1    2    10    11    [7]    [7]
9    1    5    1    6    8    10    11    [-5]    [7]    [8]    [7]    [7]
10    1    2    8    11    [-8]    [2]
11    1    0
0	1	0	0	0	0	0	0
1	1	3	3	3	5	1	0
2	1	7	1	2	3	0	2
3	1	8	5	3	4	5	3
4	1	10	3	3	0	4	0
5	1	3	0	1	0	0	1
6	1	7	2	0	0	4	4
7	1	6	3	4	1	4	2
8	1	7	2	0	0	4	2
9	1	7	5	0	4	4	3
10	1	2	4	1	4	2	5
11	1	0	0	0	0	0	0
13	11	11	12	8
