10    5    0.567609
0    1    11    1    2    3    4    5    6    7    8    9    10    11    [0]    [0]    [0]    [0]    [0]    [0]    [0]    [0]    [0]    [0]    [0]
1    1    10    2    3    4    5    6    7    8    9    10    11    [2]    [2]    [2]    [2]    [0]    [2]    [2]    [2]    [2]    [2]
2    1    4    9    10    11    8    [8]    [8]    [8]    [-7]
3    1    3    9    10    11    [10]    [11]    [4]
4    1    6    3    5    7    9    10    11    [4]    [10]    [4]    [4]    [4]    [4]
5    1    5    3    7    9    10    11    [7]    [0]    [3]    [3]    [3]
6    1    6    3    4    5    9    10    11    [3]    [1]    [3]    [3]    [3]    [3]
7    1    5    6    3    9    10    11    [-15]    [8]    [5]    [8]    [8]
8    1    6    2    3    7    9    10    11    [0]    [12]    [4]    [5]    [5]    [5]
9    1    2    10    11    [3]    [3]
10    1    2    3    11    [-14]    [8]
11    1    0
0	1	0	0	0	0	0	0
1	1	2	4	4	1	4	4
2	1	8	0	0	0	1	0
3	1	4	3	0	0	0	4
4	1	4	3	0	0	2	2
5	1	3	5	0	1	4	0
6	1	3	0	0	3	0	0
7	1	8	0	2	3	2	2
8	1	5	0	3	2	0	0
9	1	3	0	0	0	4	4
10	1	8	0	1	0	3	0
11	1	0	0	0	0	0	0
5	5	5	5	5
