10    5    0.531115
0    1    11    1    2    3    4    5    6    7    8    9    10    11    [0]    [0]    [0]    [0]    [0]    [0]    [0]    [0]    [0]    [0]    [0]
1    1    8    2    5    7    8    9    10    11    8    [10]    [19]    [6]    [10]    [10]    [10]    [10]    [-3]
2    1    5    5    7    8    10    11    [3]    [9]    [1]    [3]    [3]
3    1    9    1    2    5    7    8    9    10    11    6    [10]    [10]    [10]    [10]    [10]    [10]    [10]    [10]    [-1]
4    1    9    1    2    3    5    7    8    9    10    11    [4]    [4]    [4]    [10]    [4]    [11]    [4]    [4]    [4]
5    1    5    1    9    10    11    9    [-19]    [4]    [10]    [4]    [-1]
6    1    10    3    5    1    2    5    7    8    9    10    11    [-2]    [-3]    [9]    [9]    [9]    [9]    [9]    [9]    [9]    [9]
7    1    4    9    10    11    10    [10]    [6]    [6]    [-5]
8    1    5    5    7    9    10    11    [8]    [8]    [8]    [8]    [8]
9    1    2    2    11    [-22]    [9]
10    1    1    11    [6]
11    1    0
0	1	0	0	0	0	0	0
1	1	10	3	4	0	3	0
2	1	3	0	3	3	0	0
3	1	10	1	2	1	2	5
4	1	4	0	4	0	0	5
5	1	4	0	3	0	3	3
6	1	9	2	0	0	0	0
7	1	6	2	1	0	0	0
8	1	8	3	1	0	0	5
9	1	9	0	0	4	0	2
10	1	6	0	0	0	3	2
11	1	0	0	0	0	0	0
4	6	4	4	6
