10    5    0.775401
0    1    11    1    2    3    4    5    6    7    8    9    10    11    [0]    [0]    [0]    [0]    [0]    [0]    [0]    [0]    [0]    [0]    [0]
1    1    5    6    8    9    10    11    [0]    [5]    [3]    [9]    [3]
2    1    7    1    3    6    8    9    10    11    [9]    [9]    [25]    [1]    [9]    [9]    [9]
3    1    4    6    10    11    8    [0]    [8]    [8]    [-2]
4    1    7    1    6    7    8    9    10    11    [6]    [6]    [0]    [6]    [6]    [6]    [6]
5    1    7    1    6    7    8    9    10    11    [8]    [8]    [8]    [8]    [12]    [4]    [8]
6    1    2    9    11    [20]    [10]
7    1    5    6    8    9    10    11    [11]    [7]    [6]    [7]    [6]
8    1    4    3    6    9    11    [-20]    [4]    [9]    [4]
9    1    2    3    11    [-40]    [10]
10    1    1    11    [10]
11    1    0
0	1	0	0	0	0	0	0
1	1	3	2	2	3	2	2
2	1	9	3	5	5	5	5
3	1	8	1	3	2	5	3
4	1	6	1	3	2	1	2
5	1	8	1	2	2	4	2
6	1	10	3	1	4	5	1
7	1	6	3	3	1	3	4
8	1	4	1	3	5	4	2
9	1	10	4	4	2	2	3
10	1	10	2	1	4	2	5
11	1	0	0	0	0	0	0
7	10	9	10	10
