10    5    0.540701
0    1    11    1    2    3    4    5    6    7    8    9    10    11    [0]    [0]    [0]    [0]    [0]    [0]    [0]    [0]    [0]    [0]    [0]
1    1    9    4    5    6    7    8    9    10    11    7    [9]    [9]    [9]    [9]    [9]    [9]    [9]    [9]    [-6]
2    1    10    1    3    4    5    6    7    8    9    10    11    [8]    [8]    [8]    [8]    [23]    [8]    [14]    [8]    [8]    [8]
3    1    9    1    4    5    6    7    8    9    10    11    [7]    [7]    [9]    [7]    [7]    [7]    [7]    [7]    [7]
4    1    5    7    9    10    11    10    [2]    [0]    [2]    [2]    [-1]
5    1    7    4    6    7    8    9    10    11    [5]    [2]    [5]    [5]    [5]    [5]    [5]
6    1    6    4    7    8    9    10    11    [9]    [14]    [9]    [9]    [9]    [9]
7    1    3    9    10    11    [3]    [9]    [3]
8    1    5    4    7    9    10    11    [4]    [3]    [3]    [3]    [3]
9    1    1    11    [8]
10    1    3    7    9    11    [-9]    [8]    [8]
11    1    0
0	1	0	0	0	0	0	0
1	1	9	2	5	3	5	3
2	1	8	3	1	4	1	2
3	1	7	2	2	3	1	2
4	1	2	1	4	3	5	5
5	1	5	4	1	2	5	5
6	1	9	2	3	2	5	3
7	1	3	3	4	1	3	5
8	1	3	3	1	5	5	1
9	1	8	3	4	5	1	5
10	1	8	5	1	2	4	3
11	1	0	0	0	0	0	0
5	5	5	5	5
