10    5    0.634338
0    1    11    1    2    3    4    5    6    7    8    9    10    11    [0]    [0]    [0]    [0]    [0]    [0]    [0]    [0]    [0]    [0]    [0]
1    1    10    2    5    6    7    9    10    11    7    8    9    [6]    [6]    [9]    [6]    [6]    [18]    [6]    [-3]    [-5]    [-3]
2    1    5    7    10    11    6    9    [11]    [10]    [9]    [-3]    [-5]
3    1    6    2    5    7    9    10    11    [1]    [0]    [1]    [1]    [2]    [1]
4    1    8    6    7    8    9    10    11    9    10    [0]    [7]    [15]    [9]    [9]    [9]    [-7]    [-8]
5    1    7    3    6    7    8    10    11    9    [-12]    [4]    [3]    [9]    [3]    [3]    [-1]
6    1    9    1    2    3    4    5    7    8    10    11    [-43]    [-29]    [-16]    [-47]    [-38]    [4]    [4]    [4]    [4]
7    1    2    10    11    [3]    [3]
8    1    5    1    3    4    5    11    [-32]    [-41]    [-46]    [-24]    [9]
9    1    3    7    10    11    [5]    [5]    [5]
10    1    1    11    [8]
11    1    0
0	1	0	0	0	0	0	0
1	1	6	3	5	3	3	2
2	1	9	2	5	1	2	3
3	1	1	0	0	2	0	4
4	1	9	2	3	2	2	4
5	1	3	3	1	2	5	0
6	1	4	1	2	0	4	0
7	1	3	5	2	4	2	5
8	1	9	2	4	4	5	3
9	1	5	0	0	0	1	5
10	1	8	4	5	0	0	0
11	1	0	0	0	0	0	0
8	10	8	9	12
