10    5    0.380028
0    1    11    1    2    3    4    5    6    7    8    9    10    11    [0]    [0]    [0]    [0]    [0]    [0]    [0]    [0]    [0]    [0]    [0]
1    1    8    2    3    4    5    6    7    9    11    [8]    [8]    [8]    [8]    [20]    [13]    [8]    [8]
2    1    2    9    11    [6]    [6]
3    1    9    2    4    5    6    7    8    9    10    11    [8]    [8]    [7]    [8]    [8]    [8]    [15]    [8]    [8]
4    1    7    2    6    7    8    9    10    11    [1]    [2]    [0]    [1]    [3]    [1]    [1]
5    1    9    3    2    4    6    7    8    9    10    11    [-9]    [5]    [5]    [2]    [3]    [5]    [5]    [5]    [5]
6    1    5    2    8    9    10    11    [6]    [0]    [6]    [5]    [6]
7    1    6    2    6    8    9    10    11    [4]    [4]    [11]    [4]    [4]    [4]
8    1    5    1    7    2    9    11    [-46]    [-37]    [3]    [3]    [3]
9    1    1    11    [10]
10    1    6    1    6    2    8    9    11    [-37]    [-39]    [10]    [10]    [10]    [10]
11    1    0
0	1	0	0	0	0	0	0
1	1	8	5	1	4	2	2
2	1	6	5	4	3	5	4
3	1	8	4	5	1	4	1
4	1	1	2	4	2	3	4
5	1	5	5	1	4	1	1
6	1	6	3	1	2	2	1
7	1	4	1	2	5	4	4
8	1	3	1	4	4	2	5
9	1	10	1	3	1	4	5
10	1	10	3	1	2	1	5
11	1	0	0	0	0	0	0
5	5	5	5	5
