10    5    0.621074
0    1    11    1    2    3    4    5    6    7    8    9    10    11    [0]    [0]    [0]    [0]    [0]    [0]    [0]    [0]    [0]    [0]    [0]
1    1    9    3    5    6    7    8    9    10    11    10    [3]    [3]    [2]    [3]    [0]    [9]    [3]    [3]    [-2]
2    1    12    1    3    5    6    7    8    9    10    11    8    9    10    [4]    [4]    [4]    [9]    [0]    [4]    [4]    [4]    [4]    [-3]    [-3]    [-2]
3    1    7    5    6    7    8    9    10    11    [1]    [2]    [1]    [1]    [0]    [0]    [1]
4    1    9    1    3    5    6    7    8    9    10    11    [3]    [3]    [3]    [4]    [7]    [3]    [7]    [3]    [3]
5    1    5    7    8    9    10    11    [2]    [0]    [0]    [0]    [1]
6    1    6    1    2    3    4    8    11    [-6]    [-13]    [-17]    [-12]    [9]    [9]
7    1    4    5    8    10    11    [-4]    [1]    [1]    [1]
8    1    1    11    [6]
9    1    3    5    10    11    [-6]    [1]    [1]
10    1    2    5    11    [-4]    [6]
11    1    0
0	1	0	0	0	0	0	0
1	1	3	3	2	0	5	3
2	1	4	4	3	0	0	4
3	1	1	0	5	0	0	4
4	1	3	0	0	2	3	0
5	1	1	0	3	5	4	0
6	1	9	1	0	0	0	0
7	1	1	3	0	3	5	0
8	1	6	1	0	0	4	0
9	1	1	0	0	0	0	3
10	1	6	3	1	0	2	4
11	1	0	0	0	0	0	0
4	6	5	6	6
