10    5    0.826963
0    1    11    1    2    3    4    5    6    7    8    9    10    11    [0]    [0]    [0]    [0]    [0]    [0]    [0]    [0]    [0]    [0]    [0]
1    1    7    6    7    9    10    11    7    8    [14]    [5]    [11]    [10]    [5]    [-4]    [-4]
2    1    7    6    7    8    9    11    9    10    [0]    [0]    [7]    [6]    [6]    [-3]    [-3]
3    1    8    1    5    6    7    8    9    10    11    [6]    [6]    [18]    [9]    [10]    [1]    [5]    [6]
4    1    7    5    6    7    8    9    10    11    [2]    [3]    [3]    [0]    [3]    [2]    [2]
5    1    6    6    7    8    9    10    11    [0]    [1]    [2]    [1]    [0]    [1]
6    1    5    1    5    7    9    11    [-18]    [-12]    [3]    [3]    [3]
7    1    1    11    [9]
8    1    6    1    5    6    7    9    11    [-14]    [-16]    [2]    [2]    [2]    [2]
9    1    2    7    11    [5]    [5]
10    1    1    11    [9]
11    1    0
0	1	0	0	0	0	0	0
1	1	5	0	0	0	5	0
2	1	6	0	3	1	0	0
3	1	6	0	0	0	1	3
4	1	2	0	0	1	0	2
5	1	1	0	0	0	0	2
6	1	3	5	0	3	0	4
7	1	9	4	2	4	2	2
8	1	2	3	1	5	0	0
9	1	5	3	1	4	3	2
10	1	9	0	2	0	0	0
11	1	0	0	0	0	0	0
5	5	5	5	5
