10    5    0.339769
0    1    11    1    2    3    4    5    6    7    8    9    10    11    [0]    [0]    [0]    [0]    [0]    [0]    [0]    [0]    [0]    [0]    [0]
1    1    9    2    4    5    6    7    8    9    10    11    [3]    [3]    [7]    [3]    [3]    [3]    [3]    [3]    [3]
2    1    2    9    11    [12]    [9]
3    1    9    1    2    4    5    7    8    9    10    11    [9]    [9]    [9]    [9]    [19]    [9]    [9]    [9]    [9]
4    1    4    2    9    10    11    [10]    [10]    [7]    [10]
5    1    9    1    2    4    6    7    8    9    10    11    [-8]    [3]    [3]    [3]    [3]    [9]    [3]    [3]    [3]
6    1    7    3    2    4    8    9    10    11    [-29]    [7]    [7]    [7]    [7]    [7]    [7]
7    1    6    2    4    6    8    9    11    [6]    [6]    [5]    [6]    [6]    [6]
8    1    5    2    4    9    10    11    [10]    [10]    [26]    [3]    [10]
9    1    1    11    [9]
10    1    5    7    8    2    9    11    [-39]    [-31]    [8]    [8]    [8]
11    1    0
0	1	0	0	0	0	0	0
1	1	3	1	5	2	4	1
2	1	9	1	2	2	3	1
3	1	9	4	2	1	5	4
4	1	10	5	4	2	4	5
5	1	3	2	5	5	4	4
6	1	7	3	3	5	5	3
7	1	6	4	5	3	2	5
8	1	10	2	3	4	3	1
9	1	9	3	4	5	4	2
10	1	8	1	3	5	4	3
11	1	0	0	0	0	0	0
5	5	5	5	5
