10    5    0.435218
0    1    11    1    2    3    4    5    6    7    8    9    10    11    [0]    [0]    [0]    [0]    [0]    [0]    [0]    [0]    [0]    [0]    [0]
1    1    10    2    3    4    5    6    7    8    9    10    11    [7]    [7]    [7]    [7]    [12]    [7]    [7]    [7]    [7]    [7]
2    1    8    3    4    5    6    8    9    10    11    [2]    [0]    [1]    [1]    [1]    [1]    [1]    [1]
3    1    8    4    5    6    7    8    9    10    11    [5]    [5]    [5]    [7]    [5]    [5]    [5]    [5]
4    1    4    5    9    10    11    [7]    [7]    [7]    [7]
5    1    3    9    10    11    [1]    [3]    [1]
6    1    5    4    5    8    9    11    [17]    [9]    [9]    [9]    [9]
7    1    8    2    4    5    6    8    9    10    11    [-9]    [4]    [4]    [4]    [10]    [4]    [4]    [4]
8    1    5    4    5    9    10    11    [10]    [10]    [17]    [10]    [10]
9    1    3    8    10    11    [-21]    [2]    [2]
10    1    2    6    11    [-29]    [2]
11    1    0
0	1	0	0	0	0	0	0
1	1	7	0	2	5	3	5
2	1	1	4	0	0	2	5
3	1	5	0	1	0	0	0
4	1	7	2	5	5	2	0
5	1	1	5	2	2	4	3
6	1	9	5	3	2	1	3
7	1	4	1	3	3	5	2
8	1	10	4	5	2	5	1
9	1	2	0	4	2	0	4
10	1	2	5	3	0	4	0
11	1	0	0	0	0	0	0
6	6	5	5	6
