10    5    0.515476
0    1    11    1    2    3    4    5    6    7    8    9    10    11    [0]    [0]    [0]    [0]    [0]    [0]    [0]    [0]    [0]    [0]    [0]
1    1    9    2    4    5    6    7    8    9    10    11    [7]    [7]    [7]    [7]    [0]    [7]    [7]    [7]    [7]
2    1    5    7    8    9    10    11    [2]    [1]    [2]    [0]    [2]
3    1    10    1    2    4    5    6    7    8    9    10    11    [7]    [7]    [14]    [7]    [7]    [7]    [7]    [7]    [7]    [7]
4    1    9    3    2    5    6    7    8    9    10    11    [-18]    [6]    [6]    [1]    [6]    [6]    [6]    [6]    [6]
5    1    6    2    7    8    9    10    11    [4]    [5]    [4]    [9]    [12]    [4]
6    1    7    2    5    7    8    9    10    11    [5]    [0]    [5]    [10]    [5]    [5]    [5]
7    1    1    11    [5]
8    1    5    2    7    9    10    11    [-2]    [5]    [5]    [5]    [5]
9    1    2    7    11    [8]    [8]
10    1    4    5    7    9    11    [-12]    [7]    [7]    [7]
11    1    0
0	1	0	0	0	0	0	0
1	1	7	3	5	5	1	0
2	1	2	5	4	0	0	3
3	1	7	0	2	2	4	4
4	1	6	4	0	2	0	1
5	1	4	1	5	0	0	4
6	1	5	3	3	3	1	2
7	1	5	0	3	0	0	2
8	1	5	1	4	5	2	5
9	1	8	4	2	2	5	4
10	1	7	0	3	5	3	1
11	1	0	0	0	0	0	0
5	5	5	5	5
