10    5    0.655182
0    1    11    1    2    3    4    5    6    7    8    9    10    11    [0]    [0]    [0]    [0]    [0]    [0]    [0]    [0]    [0]    [0]    [0]
1    1    8    2    4    6    7    8    9    10    11    [5]    [5]    [5]    [5]    [13]    [5]    [5]    [5]
2    1    5    6    7    9    10    11    [9]    [11]    [9]    [9]    [9]
3    1    9    2    4    6    7    8    9    10    11    6    [6]    [6]    [6]    [6]    [6]    [6]    [5]    [6]    [-4]
4    1    6    6    7    8    9    10    11    [5]    [9]    [9]    [9]    [9]    [9]
5    1    7    4    6    7    8    9    10    11    [10]    [10]    [10]    [10]    [14]    [10]    [10]
6    1    6    4    7    9    10    11    7    [-10]    [5]    [3]    [5]    [5]    [-2]
7    1    1    11    [3]
8    1    4    1    7    9    11    [-15]    [9]    [9]    [9]
9    1    1    11    [9]
10    1    3    7    9    11    [10]    [10]    [10]
11    1    0
0	1	0	0	0	0	0	0
1	1	5	1	5	2	3	5
2	1	9	1	3	0	5	3
3	1	6	0	0	2	4	0
4	1	9	4	0	0	2	0
5	1	10	5	0	0	0	1
6	1	5	0	0	4	5	5
7	1	3	0	0	0	3	4
8	1	9	5	0	1	0	0
9	1	9	0	0	0	4	0
10	1	10	0	0	0	4	3
11	1	0	0	0	0	0	0
7	6	5	7	6
