10    5    0.835227
0    1    11    1    2    3    4    5    6    7    8    9    10    11    [0]    [0]    [0]    [0]    [0]    [0]    [0]    [0]    [0]    [0]    [0]
1    1    7    5    7    8    9    10    11    9    [5]    [12]    [5]    [5]    [5]    [5]    [-2]
2    1    8    5    6    7    8    9    10    11    8    [6]    [6]    [6]    [6]    [12]    [5]    [6]    [-3]
3    1    8    1    5    6    7    8    9    10    11    [4]    [10]    [8]    [4]    [4]    [4]    [4]    [4]
4    1    9    1    2    5    6    7    8    9    10    11    [2]    [2]    [2]    [6]    [2]    [2]    [2]    [2]    [2]
5    1    5    7    8    9    10    11    [5]    [6]    [1]    [4]    [2]
6    1    8    3    5    7    8    9    10    11    10    [-8]    [5]    [12]    [13]    [5]    [5]    [5]    [-2]
7    1    2    5    11    [-6]    [6]
8    1    1    11    [7]
9    1    1    11    [10]
10    1    2    8    11    [7]    [7]
11    1    0
0	1	0	0	0	0	0	0
1	1	5	1	2	5	5	5
2	1	6	2	2	4	1	2
3	1	4	5	3	5	5	2
4	1	2	1	2	1	3	5
5	1	2	3	4	3	4	4
6	1	5	4	5	3	1	3
7	1	6	1	2	4	2	2
8	1	7	3	5	2	4	4
9	1	10	1	3	4	1	2
10	1	7	2	4	2	5	5
11	1	0	0	0	0	0	0
7	10	10	10	10
