10    5    0.789394
0    1    11    1    2    3    4    5    6    7    8    9    10    11    [0]    [0]    [0]    [0]    [0]    [0]    [0]    [0]    [0]    [0]    [0]
1    1    9    3    4    5    6    7    8    9    10    11    [3]    [3]    [3]    [3]    [3]    [3]    [9]    [3]    [3]
2    1    8    3    5    6    7    8    9    10    11    [4]    [4]    [4]    [6]    [4]    [4]    [4]    [4]
3    1    3    5    9    11    [0]    [5]    [2]
4    1    6    5    6    8    9    10    11    [2]    [2]    [2]    [3]    [3]    [2]
5    1    3    9    11    6    [3]    [3]    [-2]
6    1    4    3    5    11    8    [-9]    [-4]    [8]    [-1]
7    1    6    5    6    8    9    10    11    [4]    [4]    [4]    [5]    [2]    [4]
8    1    4    3    5    6    11    [-8]    [-5]    [-12]    [5]
9    1    1    11    [4]
10    1    2    8    11    [3]    [3]
11    1    0
0	1	0	0	0	0	0	0
1	1	3	2	3	5	5	4
2	1	4	5	2	4	3	5
3	1	2	2	1	1	1	2
4	1	2	1	1	4	1	4
5	1	3	5	4	1	5	2
6	1	8	4	1	3	4	2
7	1	4	3	3	3	5	2
8	1	5	5	4	4	3	5
9	1	4	1	1	2	1	3
10	1	3	5	4	5	4	4
11	1	0	0	0	0	0	0
12	9	10	11	10
