10    5    0.489297
0    1    11    1    2    3    4    5    6    7    8    9    10    11    [0]    [0]    [0]    [0]    [0]    [0]    [0]    [0]    [0]    [0]    [0]
1    1    10    2    3    4    5    6    7    8    9    10    11    [2]    [2]    [2]    [2]    [0]    [2]    [2]    [2]    [2]    [2]
2    1    5    8    9    10    11    9    [3]    [3]    [3]    [3]    [-2]
3    1    5    2    8    9    10    11    [5]    [8]    [5]    [11]    [5]
4    1    7    2    3    7    8    9    10    11    [1]    [1]    [0]    [1]    [1]    [1]    [1]
5    1    9    4    2    3    8    9    10    11    7    8    [-15]    [9]    [9]    [9]    [9]    [16]    [9]    [-18]    [-5]
6    1    8    2    3    4    5    8    9    10    11    [7]    [7]    [7]    [7]    [7]    [7]    [7]    [7]
7    1    9    4    6    2    3    5    8    9    10    11    [-15]    [-16]    [10]    [10]    [2]    [10]    [10]    [10]    [10]
8    1    3    9    10    11    [7]    [7]    [7]
9    1    2    10    11    [6]    [6]
10    1    1    11    [1]
11    1    0
0	1	0	0	0	0	0	0
1	1	2	0	0	2	1	5
2	1	3	3	4	4	0	3
3	1	5	1	4	0	0	4
4	1	1	3	3	5	3	0
5	1	9	4	5	1	0	1
6	1	7	2	5	5	4	4
7	1	10	3	0	0	5	5
8	1	7	0	0	2	3	4
9	1	6	3	5	2	2	3
10	1	1	4	0	1	3	5
11	1	0	0	0	0	0	0
4	5	5	5	5
