10    5    0.496163
0    1    11    1    2    3    4    5    6    7    8    9    10    11    [0]    [0]    [0]    [0]    [0]    [0]    [0]    [0]    [0]    [0]    [0]
1    1    9    3    4    5    6    7    8    9    10    11    [7]    [18]    [7]    [7]    [7]    [7]    [7]    [7]    [7]
2    1    10    3    4    5    6    7    8    9    10    11    5    [3]    [9]    [9]    [9]    [9]    [9]    [9]    [9]    [9]    [-5]
3    1    6    6    7    8    9    10    11    [10]    [9]    [10]    [10]    [10]    [10]
4    1    8    3    5    6    7    8    9    10    11    [7]    [21]    [7]    [7]    [7]    [7]    [7]    [7]
5    1    6    6    7    8    9    10    11    [8]    [16]    [2]    [8]    [8]    [8]
6    1    5    9    10    11    7    8    [2]    [1]    [1]    [-10]    [-16]
7    1    5    6    8    9    10    11    [0]    [9]    [9]    [9]    [9]
8    1    3    6    10    11    [-1]    [5]    [3]
9    1    3    8    10    11    [-4]    [8]    [8]
10    1    1    11    [4]
11    1    0
0	1	0	0	0	0	0	0
1	1	7	0	3	0	1	0
2	1	9	4	2	0	4	5
3	1	10	4	4	0	0	0
4	1	7	0	4	4	4	0
5	1	8	1	0	2	2	0
6	1	1	0	4	5	0	3
7	1	9	0	3	1	0	0
8	1	3	0	3	5	0	0
9	1	8	0	0	0	4	0
10	1	4	5	0	2	3	0
11	1	0	0	0	0	0	0
6	6	5	5	5
