10    5    0.613226
0    1    11    1    2    3    4    5    6    7    8    9    10    11    [0]    [0]    [0]    [0]    [0]    [0]    [0]    [0]    [0]    [0]    [0]
1    1    10    2    3    4    5    6    7    8    9    10    11    [10]    [10]    [10]    [10]    [16]    [10]    [10]    [30]    [10]    [10]
2    1    7    4    6    7    8    9    10    11    [10]    [10]    [27]    [10]    [24]    [2]    [10]
3    1    7    4    6    7    8    9    10    11    [3]    [3]    [5]    [0]    [7]    [8]    [3]
4    1    5    8    9    10    11    8    [8]    [8]    [17]    [8]    [-1]
5    1    7    4    7    8    9    10    11    6    [9]    [9]    [9]    [23]    [9]    [9]    [-2]
6    1    10    1    5    4    7    8    9    10    11    7    10    [-28]    [-9]    [8]    [8]    [22]    [8]    [8]    [8]    [-2]    [-2]
7    1    3    2    8    11    [-32]    [9]    [9]
8    1    1    11    [2]
9    1    4    4    8    10    11    [-11]    [7]    [7]    [7]
10    1    3    4    8    11    [-19]    [2]    [2]
11    1    0
0	1	0	0	0	0	0	0
1	1	10	1	4	2	5	5
2	1	10	0	0	0	1	4
3	1	3	1	1	0	3	0
4	1	8	1	2	1	4	3
5	1	9	0	4	2	0	1
6	1	8	2	5	3	1	2
7	1	9	1	0	0	1	0
8	1	2	4	5	0	3	2
9	1	7	0	1	3	4	1
10	1	2	3	3	2	1	3
11	1	0	0	0	0	0	0
4	5	5	5	5
