10    5    0.404714
0    1    11    1    2    3    4    5    6    7    8    9    10    11    [0]    [0]    [0]    [0]    [0]    [0]    [0]    [0]    [0]    [0]    [0]
1    1    8    4    5    6    7    8    9    10    11    [24]    [8]    [8]    [8]    [8]    [24]    [8]    [8]
2    1    8    4    5    6    8    9    10    11    7    [3]    [3]    [2]    [0]    [3]    [3]    [3]    [-2]
3    1    6    4    5    6    8    9    11    [12]    [4]    [12]    [0]    [4]    [4]
4    1    4    7    9    11    10    [15]    [8]    [8]    [-7]
5    1    6    4    7    9    10    11    9    [4]    [4]    [4]    [4]    [4]    [-2]
6    1    6    2    5    7    9    10    11    [-35]    [0]    [6]    [6]    [12]    [6]
7    1    4    2    3    4    11    [-36]    [-45]    [-37]    [3]
8    1    6    4    5    7    9    10    11    [1]    [1]    [1]    [1]    [1]    [1]
9    1    2    7    11    [10]    [10]
10    1    3    3    4    11    [-48]    [-39]    [9]
11    1    0
0	1	0	0	0	0	0	0
1	1	8	4	4	2	0	0
2	1	3	1	4	1	1	2
3	1	4	4	2	4	3	3
4	1	8	2	0	0	4	1
5	1	4	1	1	3	0	2
6	1	6	0	0	3	0	4
7	1	3	1	0	4	4	0
8	1	1	4	5	1	3	2
9	1	10	3	4	1	3	2
10	1	9	0	5	2	0	1
11	1	0	0	0	0	0	0
9	10	7	6	6
