10    5    0.579237
0    1    11    1    2    3    4    5    6    7    8    9    10    11    [0]    [0]    [0]    [0]    [0]    [0]    [0]    [0]    [0]    [0]    [0]
1    1    9    4    5    6    7    8    9    10    11    5    [3]    [3]    [7]    [5]    [3]    [3]    [9]    [3]    [-2]
2    1    9    4    5    6    7    8    9    10    11    9    [4]    [4]    [12]    [2]    [10]    [4]    [7]    [4]    [-3]
3    1    11    1    2    4    5    6    7    8    9    10    11    8    [9]    [9]    [9]    [9]    [0]    [3]    [9]    [14]    [25]    [9]    [-6]
4    1    6    5    6    7    9    11    6    [10]    [8]    [7]    [8]    [8]    [-3]
5    1    5    4    7    8    9    11    [-11]    [3]    [4]    [3]    [3]
6    1    4    7    8    9    11    [6]    [6]    [6]    [6]
7    1    2    9    11    [8]    [8]
8    1    5    4    5    7    9    11    [-17]    [-9]    [2]    [2]    [2]
9    1    1    11    [8]
10    1    8    3    4    5    6    7    8    9    11    [-28]    [8]    [8]    [8]    [8]    [8]    [8]    [8]
11    1    0
0	1	0	0	0	0	0	0
1	1	3	3	3	1	2	5
2	1	4	5	3	2	4	3
3	1	9	5	2	2	4	4
4	1	8	2	5	2	3	5
5	1	3	2	2	5	3	1
6	1	6	5	1	1	4	5
7	1	8	5	2	4	4	5
8	1	2	5	2	1	5	1
9	1	8	5	3	5	4	3
10	1	8	5	1	3	5	1
11	1	0	0	0	0	0	0
8	7	6	7	8
