10    5    0.795942
0    1    11    1    2    3    4    5    6    7    8    9    10    11    [0]    [0]    [0]    [0]    [0]    [0]    [0]    [0]    [0]    [0]    [0]
1    1    8    3    5    6    7    8    9    10    11    [7]    [7]    [7]    [8]    [7]    [7]    [7]    [7]
2    1    9    1    3    5    6    7    8    9    10    11    [9]    [9]    [9]    [17]    [9]    [9]    [9]    [9]    [9]
3    1    6    6    7    8    9    11    9    [2]    [7]    [7]    [3]    [3]    [-1]
4    1    10    3    5    6    7    8    9    10    11    6    7    [10]    [10]    [10]    [10]    [10]    [25]    [17]    [10]    [-4]    [-7]
5    1    7    3    6    7    8    9    10    11    [8]    [8]    [8]    [8]    [12]    [9]    [8]
6    1    4    7    8    9    11    [2]    [2]    [2]    [2]
7    1    1    11    [3]
8    1    1    11    [4]
9    1    4    5    7    8    11    [-14]    [1]    [1]    [1]
10    1    1    11    [5]
11    1    0
0	1	0	0	0	0	0	0
1	1	7	3	5	0	4	3
2	1	9	0	2	0	0	0
3	1	3	1	0	0	2	4
4	1	10	0	1	1	1	4
5	1	8	0	0	0	4	5
6	1	2	1	5	1	2	4
7	1	3	0	1	0	0	0
8	1	4	0	2	0	0	1
9	1	1	1	4	0	0	0
10	1	5	0	0	0	0	1
11	1	0	0	0	0	0	0
3	6	4	6	7
