10    5    0.718391
0    1    11    1    2    3    4    5    6    7    8    9    10    11    [0]    [0]    [0]    [0]    [0]    [0]    [0]    [0]    [0]    [0]    [0]
1    1    8    4    5    7    8    9    10    11    6    [9]    [9]    [9]    [9]    [9]    [16]    [9]    [-7]
2    1    8    4    5    7    8    9    10    11    6    [9]    [9]    [9]    [9]    [9]    [9]    [9]    [-4]
3    1    6    5    6    7    9    10    11    [0]    [4]    [5]    [5]    [5]    [5]
4    1    2    11    7    [7]    [-3]
5    1    4    8    9    10    11    [0]    [3]    [3]    [3]
6    1    6    3    5    8    9    10    11    [-10]    [1]    [1]    [1]    [1]    [1]
7    1    5    5    8    9    10    11    [0]    [1]    [3]    [1]    [1]
8    1    5    3    5    6    10    11    [-9]    [-3]    [-4]    [5]    [5]
9    1    1    11    [10]
10    1    1    11    [4]
11    1    0
0	1	0	0	0	0	0	0
1	1	9	0	0	0	0	5
2	1	9	0	0	1	3	0
3	1	5	0	0	4	5	0
4	1	7	0	0	0	1	5
5	1	3	0	2	4	5	0
6	1	1	1	3	4	4	0
7	1	1	2	0	5	3	0
8	1	5	4	0	5	5	3
9	1	10	0	4	4	0	0
10	1	4	2	0	0	3	0
11	1	0	0	0	0	0	0
5	4	10	9	8
