10    5    0.506560
0    1    11    1    2    3    4    5    6    7    8    9    10    11    [0]    [0]    [0]    [0]    [0]    [0]    [0]    [0]    [0]    [0]    [0]
1    1    8    4    5    6    7    8    9    10    11    [2]    [6]    [6]    [6]    [6]    [6]    [6]    [6]
2    1    7    4    5    6    7    8    10    11    [8]    [8]    [8]    [8]    [8]    [8]    [8]
3    1    9    1    4    5    6    7    8    9    10    11    [6]    [6]    [6]    [6]    [6]    [2]    [6]    [6]    [6]
4    1    2    10    11    [2]    [2]
5    1    4    4    8    10    11    [1]    [2]    [1]    [1]
6    1    4    4    10    11    9    [10]    [10]    [10]    [-6]
7    1    5    4    5    6    10    11    [3]    [3]    [1]    [3]    [3]
8    1    5    6    7    4    10    11    [-21]    [-20]    [12]    [4]    [4]
9    1    5    4    5    8    10    11    [9]    [13]    [9]    [9]    [9]
10    1    1    11    [3]
11    1    0
0	1	0	0	0	0	0	0
1	1	6	3	0	2	0	1
2	1	8	0	0	0	1	0
3	1	6	3	5	4	4	5
4	1	2	0	5	0	0	0
5	1	1	3	0	0	0	0
6	1	10	1	5	0	0	0
7	1	3	4	5	2	5	5
8	1	4	4	3	4	0	2
9	1	9	0	0	3	0	0
10	1	3	0	5	0	0	1
11	1	0	0	0	0	0	0
4	5	5	5	5
