10    5    0.274730
0    1    11    1    2    3    4    5    6    7    8    9    10    11    [0]    [0]    [0]    [0]    [0]    [0]    [0]    [0]    [0]    [0]    [0]
1    1    8    3    5    6    7    8    9    10    11    [4]    [7]    [4]    [4]    [9]    [7]    [8]    [4]
2    1    8    3    5    6    7    8    10    11    4    [7]    [7]    [7]    [19]    [7]    [11]    [7]    [-6]
3    1    3    8    9    11    [0]    [9]    [8]
4    1    8    2    3    6    7    8    9    10    11    [-10]    [10]    [23]    [10]    [10]    [10]    [10]    [10]
5    1    9    1    3    6    7    8    9    10    11    7    [-8]    [8]    [8]    [8]    [8]    [8]    [8]    [8]    [-7]
6    1    4    3    8    9    11    [2]    [6]    [6]    [6]
7    1    5    3    6    8    9    11    [2]    [2]    [2]    [2]    [2]
8    1    2    9    11    [1]    [1]
9    1    2    2    11    [-46]    [4]
10    1    6    3    6    7    8    9    11    [7]    [7]    [7]    [7]    [7]    [7]
11    1    0
0	1	0	0	0	0	0	0
1	1	4	1	0	0	0	0
2	1	7	0	0	5	4	2
3	1	8	3	0	2	0	4
4	1	10	2	0	0	2	4
5	1	8	2	3	2	1	1
6	1	6	4	1	5	5	5
7	1	2	2	2	5	3	5
8	1	1	0	1	2	0	5
9	1	4	4	1	3	3	2
10	1	7	4	3	3	1	3
11	1	0	0	0	0	0	0
5	5	5	6	6
