10    5    0.624300
0    1    11    1    2    3    4    5    6    7    8    9    10    11    [0]    [0]    [0]    [0]    [0]    [0]    [0]    [0]    [0]    [0]    [0]
1    1    8    4    5    7    8    9    10    11    8    [5]    [5]    [14]    [5]    [6]    [7]    [5]    [-1]
2    1    8    4    5    6    7    8    9    10    11    [4]    [4]    [5]    [4]    [4]    [4]    [4]    [4]
3    1    7    4    5    7    8    9    10    11    [3]    [3]    [3]    [8]    [6]    [3]    [3]
4    1    6    9    11    5    6    7    9    [9]    [9]    [-17]    [-30]    [-6]    [-2]
5    1    5    4    7    8    9    11    [10]    [4]    [7]    [4]    [4]
6    1    5    5    8    9    10    11    [14]    [6]    [6]    [6]    [6]
7    1    3    4    6    11    [-10]    [-30]    [7]
8    1    3    4    9    11    [4]    [4]    [4]
9    1    1    11    [8]
10    1    6    4    5    7    8    9    11    [1]    [1]    [1]    [1]    [1]    [1]
11    1    0
0	1	0	0	0	0	0	0
1	1	5	0	0	0	0	3
2	1	4	4	4	2	1	2
3	1	3	0	0	3	0	0
4	1	9	2	2	2	1	4
5	1	4	0	0	0	5	0
6	1	6	0	0	0	4	0
7	1	7	0	0	0	1	0
8	1	4	0	5	0	0	2
9	1	8	1	0	1	5	3
10	1	1	1	1	4	4	0
11	1	0	0	0	0	0	0
4	5	5	6	6
