10    5    0.307514
0    1    11    1    2    3    4    5    6    7    8    9    10    11    [0]    [0]    [0]    [0]    [0]    [0]    [0]    [0]    [0]    [0]    [0]
1    1    7    5    6    7    8    9    10    11    [1]    [1]    [0]    [1]    [1]    [1]    [1]
2    1    5    7    8    9    10    11    [6]    [6]    [4]    [6]    [6]
3    1    8    1    4    5    6    7    9    10    11    [2]    [2]    [2]    [5]    [2]    [2]    [2]    [2]
4    1    6    5    7    8    9    10    11    [1]    [1]    [1]    [1]    [1]    [1]
5    1    5    7    8    9    10    11    [10]    [10]    [8]    [10]    [10]
6    1    6    5    7    8    9    10    11    [3]    [3]    [3]    [3]    [3]    [3]
7    1    3    8    10    11    [8]    [6]    [6]
8    1    3    3    10    11    [-32]    [18]    [6]
9    1    4    7    8    10    11    [2]    [4]    [4]    [4]
10    1    1    11    [5]
11    1    0
0	1	0	0	0	0	0	0
1	1	1	3	0	3	1	0
2	1	6	0	0	0	2	0
3	1	2	4	1	0	0	3
4	1	1	0	0	0	0	4
5	1	10	0	0	1	0	5
6	1	3	4	2	4	1	0
7	1	6	3	0	0	5	0
8	1	6	0	0	3	0	0
9	1	4	5	1	5	5	1
10	1	5	0	0	4	2	2
11	1	0	0	0	0	0	0
5	5	5	5	5
