10    5    0.628678
0    1    11    1    2    3    4    5    6    7    8    9    10    11    [0]    [0]    [0]    [0]    [0]    [0]    [0]    [0]    [0]    [0]    [0]
1    1    7    4    6    8    9    10    11    7    [9]    [5]    [5]    [5]    [5]    [5]    [-1]
2    1    10    1    3    4    5    6    7    8    9    10    11    [1]    [3]    [3]    [1]    [1]    [1]    [1]    [1]    [1]    [1]
3    1    10    2    1    4    5    6    8    9    10    11    10    [-20]    [3]    [3]    [6]    [0]    [4]    [6]    [3]    [3]    [-1]
4    1    6    6    9    10    11    6    8    [5]    [4]    [11]    [5]    [-2]    [-4]
5    1    9    3    1    4    6    7    8    9    10    11    [-11]    [9]    [9]    [9]    [17]    [9]    [9]    [9]    [9]
6    1    1    11    [3]
7    1    5    1    3    5    10    11    [-15]    [-33]    [-32]    [9]    [9]
8    1    2    10    11    [1]    [1]
9    1    4    4    6    10    11    [-5]    [9]    [9]    [9]
10    1    1    11    [4]
11    1    0
0	1	0	0	0	0	0	0
1	1	5	0	0	0	2	2
2	1	1	0	0	0	4	0
3	1	3	5	1	0	5	0
4	1	5	0	0	0	3	0
5	1	9	0	3	5	0	5
6	1	3	0	3	0	1	0
7	1	9	1	0	2	2	0
8	1	1	0	0	3	0	0
9	1	9	5	5	1	3	5
10	1	4	5	2	4	0	2
11	1	0	0	0	0	0	0
7	6	6	5	6
