10    5    0.594799
0    1    11    1    2    3    4    5    6    7    8    9    10    11    [0]    [0]    [0]    [0]    [0]    [0]    [0]    [0]    [0]    [0]    [0]
1    1    8    2    4    6    8    9    10    11    7    [5]    [5]    [5]    [5]    [1]    [5]    [5]    [-4]
2    1    4    8    9    11    10    [22]    [5]    [8]    [-5]
3    1    9    1    2    4    5    6    8    9    10    11    [10]    [10]    [10]    [10]    [27]    [26]    [10]    [10]    [10]
4    1    6    2    6    8    9    10    11    [6]    [6]    [15]    [17]    [6]    [6]
5    1    7    2    6    8    9    10    11    9    [3]    [7]    [4]    [3]    [3]    [3]    [-1]
6    1    7    3    4    2    8    9    11    10    [-30]    [-27]    [7]    [7]    [7]    [7]    [-5]
7    1    10    1    2    4    5    6    8    9    10    11    8    [1]    [8]    [8]    [8]    [20]    [8]    [8]    [8]    [8]    [-4]
8    1    1    11    [2]
9    1    1    11    [6]
10    1    4    2    8    9    11    [-1]    [4]    [4]    [4]
11    1    0
0	1	0	0	0	0	0	0
1	1	5	5	3	3	3	3
2	1	8	4	0	0	5	1
3	1	10	0	2	0	2	0
4	1	6	4	4	0	0	0
5	1	3	0	3	0	0	3
6	1	7	5	0	0	0	0
7	1	8	0	5	0	2	2
8	1	2	2	0	0	3	0
9	1	6	3	0	3	0	0
10	1	4	2	0	4	3	0
11	1	0	0	0	0	0	0
7	8	5	6	6
