10    5    0.826203
0    1    11    1    2    3    4    5    6    7    8    9    10    11    [0]    [0]    [0]    [0]    [0]    [0]    [0]    [0]    [0]    [0]    [0]
1    1    10    2    3    4    6    7    8    9    10    11    9    [3]    [3]    [3]    [0]    [4]    [0]    [3]    [0]    [3]    [-1]
2    1    5    6    8    9    10    11    [1]    [11]    [7]    [7]    [4]
3    1    8    2    6    7    8    9    10    11    6    [3]    [3]    [2]    [3]    [5]    [0]    [3]    [-2]
4    1    7    2    6    7    8    9    10    11    [2]    [3]    [0]    [5]    [1]    [4]    [2]
5    1    10    2    3    4    6    7    8    9    10    11    7    [8]    [8]    [8]    [8]    [8]    [7]    [0]    [1]    [8]    [-6]
6    1    3    8    9    11    [9]    [9]    [9]
7    1    6    3    6    8    9    10    11    [-2]    [7]    [7]    [7]    [7]    [7]
8    1    1    11    [1]
9    1    1    11    [9]
10    1    2    8    11    [10]    [10]
11    1    0
0	1	0	0	0	0	0	0
1	1	3	1	3	4	5	1
2	1	4	5	4	2	3	5
3	1	3	2	3	4	5	2
4	1	2	1	2	5	4	5
5	1	8	1	5	4	5	4
6	1	9	1	3	5	4	3
7	1	7	1	2	5	5	1
8	1	1	1	1	5	5	5
9	1	9	3	5	4	5	3
10	1	10	1	2	4	4	5
11	1	0	0	0	0	0	0
6	8	9	10	8
