10    5    0.534245
0    1    11    1    2    3    4    5    6    7    8    9    10    11    [0]    [0]    [0]    [0]    [0]    [0]    [0]    [0]    [0]    [0]    [0]
1    1    10    3    4    5    6    7    8    9    10    11    3    [6]    [6]    [6]    [6]    [7]    [6]    [6]    [18]    [6]    [-1]
2    1    10    1    3    4    5    6    7    8    9    10    11    [10]    [10]    [10]    [1]    [10]    [10]    [10]    [10]    [10]    [10]
3    1    4    7    8    9    11    [1]    [3]    [0]    [1]
4    1    4    3    7    9    11    [-2]    [3]    [3]    [3]
5    1    8    3    4    6    7    8    9    10    11    [3]    [3]    [0]    [2]    [3]    [3]    [8]    [3]
6    1    6    3    4    7    8    9    11    [8]    [5]    [8]    [8]    [8]    [8]
7    1    3    8    9    11    [10]    [0]    [4]
8    1    3    3    4    11    [-19]    [-14]    [3]
9    1    3    3    7    11    [-9]    [-10]    [8]
10    1    3    5    8    11    [-9]    [6]    [6]
11    1    0
0	1	0	0	0	0	0	0
1	1	6	4	5	0	4	1
2	1	10	3	0	0	1	3
3	1	1	5	2	3	0	0
4	1	3	0	3	0	3	0
5	1	3	0	5	0	0	5
6	1	8	5	5	0	3	5
7	1	4	4	3	0	1	0
8	1	3	0	0	0	2	0
9	1	8	1	0	0	1	0
10	1	6	0	0	0	2	0
11	1	0	0	0	0	0	0
5	5	5	5	5
