10    5    0.551814
0    1    11    1    2    3    4    5    6    7    8    9    10    11    [0]    [0]    [0]    [0]    [0]    [0]    [0]    [0]    [0]    [0]    [0]
1    1    4    2    7    9    11    [9]    [7]    [6]    [9]
2    1    6    7    9    10    11    7    9    [2]    [2]    [2]    [2]    [-1]    [-1]
3    1    10    1    2    5    6    7    8    9    10    11    8    [10]    [10]    [10]    [16]    [10]    [10]    [29]    [10]    [10]    [-6]
4    1    11    1    2    3    5    6    7    8    9    10    11    6    [2]    [2]    [2]    [2]    [2]    [2]    [3]    [6]    [2]    [2]    [-1]
5    1    8    1    2    6    7    8    9    10    11    [9]    [9]    [9]    [9]    [4]    [9]    [9]    [9]
6    1    7    1    2    7    9    10    11    10    [7]    [7]    [7]    [7]    [7]    [7]    [-3]
7    1    3    9    10    11    [6]    [9]    [6]
8    1    8    5    1    2    6    7    9    10    11    [-9]    [2]    [2]    [2]    [4]    [2]    [2]    [2]
9    1    1    11    [4]
10    1    3    1    9    11    [-20]    [8]    [8]
11    1    0
0	1	0	0	0	0	0	0
1	1	9	1	1	3	1	5
2	1	2	5	1	3	5	2
3	1	10	5	5	2	3	5
4	1	2	3	1	3	3	1
5	1	9	5	2	5	1	5
6	1	7	2	2	5	5	3
7	1	6	4	2	4	1	2
8	1	2	1	4	4	2	1
9	1	4	2	3	2	5	2
10	1	8	2	5	2	3	3
11	1	0	0	0	0	0	0
5	5	5	5	5
