10    5    0.440120
0    1    11    1    2    3    4    5    6    7    8    9    10    11    [0]    [0]    [0]    [0]    [0]    [0]    [0]    [0]    [0]    [0]    [0]
1    1    4    4    5    9    11    [6]    [0]    [6]    [6]
2    1    7    4    5    7    9    10    11    6    [14]    [9]    [8]    [8]    [8]    [8]    [-3]
3    1    9    1    4    5    6    7    8    9    10    11    [2]    [6]    [3]    [2]    [2]    [2]    [2]    [2]    [2]
4    1    6    5    7    9    10    11    8    [2]    [2]    [3]    [0]    [2]    [-1]
5    1    5    1    7    9    10    11    [-9]    [0]    [25]    [29]    [10]
6    1    7    4    5    7    8    9    10    11    [4]    [4]    [4]    [4]    [4]    [4]    [4]
7    1    5    1    5    9    10    11    [-27]    [-27]    [4]    [4]    [4]
8    1    5    2    4    9    10    11    [-15]    [-9]    [2]    [2]    [2]
9    1    1    11    [6]
10    1    2    1    11    [-41]    [9]
11    1    0
0	1	0	0	0	0	0	0
1	1	6	2	3	3	0	4
2	1	8	2	3	2	4	1
3	1	2	5	4	5	3	3
4	1	2	2	4	1	4	4
5	1	10	2	2	3	3	3
6	1	4	5	2	2	3	3
7	1	4	0	0	0	0	3
8	1	2	0	0	0	3	0
9	1	6	0	0	5	0	3
10	1	9	2	4	4	1	5
11	1	0	0	0	0	0	0
10	9	9	8	8
