10    5    0.391246
0    1    11    1    2    3    4    5    6    7    8    9    10    11    [0]    [0]    [0]    [0]    [0]    [0]    [0]    [0]    [0]    [0]    [0]
1    1    3    7    10    11    [9]    [9]    [9]
2    1    10    1    3    4    5    6    7    8    9    10    11    [6]    [6]    [6]    [6]    [18]    [6]    [6]    [6]    [6]    [6]
3    1    8    1    4    5    6    7    8    10    11    [10]    [10]    [17]    [10]    [1]    [10]    [10]    [10]
4    1    6    1    7    8    10    11    6    [8]    [8]    [8]    [8]    [8]    [-5]
5    1    8    1    4    6    7    8    9    10    11    [5]    [5]    [5]    [5]    [5]    [10]    [5]    [5]
6    1    6    4    1    7    8    10    11    [-3]    [3]    [1]    [3]    [3]    [3]
7    1    3    8    10    11    [1]    [5]    [5]
8    1    3    1    10    11    [-14]    [9]    [5]
9    1    8    3    1    4    6    7    8    10    11    [-28]    [6]    [6]    [6]    [6]    [6]    [6]    [6]
10    1    1    11    [3]
11    1    0
0	1	0	0	0	0	0	0
1	1	9	0	0	0	2	4
2	1	6	3	1	4	0	3
3	1	10	1	0	1	4	3
4	1	8	4	1	2	3	4
5	1	5	4	0	4	4	0
6	1	3	3	4	5	0	0
7	1	5	1	2	4	2	1
8	1	5	1	2	3	4	2
9	1	6	4	0	4	0	1
10	1	3	0	3	1	2	4
11	1	0	0	0	0	0	0
4	4	5	5	5
