10    5    0.632035
0    1    11    1    2    3    4    5    6    7    8    9    10    11    [0]    [0]    [0]    [0]    [0]    [0]    [0]    [0]    [0]    [0]    [0]
1    1    8    3    4    5    6    7    8    9    11    [5]    [5]    [11]    [5]    [5]    [5]    [5]    [5]
2    1    10    1    3    4    5    6    7    8    9    10    11    [9]    [9]    [9]    [9]    [27]    [9]    [9]    [9]    [3]    [9]
3    1    5    4    7    8    9    11    [10]    [10]    [10]    [22]    [10]
4    1    2    8    11    [1]    [1]
5    1    5    4    8    9    11    7    [4]    [8]    [8]    [8]    [-4]
6    1    6    3    4    5    8    9    11    [0]    [2]    [4]    [2]    [2]    [2]
7    1    5    6    4    8    9    11    [-20]    [9]    [9]    [9]    [9]
8    1    2    4    11    [-1]    [4]
9    1    1    11    [6]
10    1    10    2    1    3    4    5    6    7    8    9    11    [-8]    [3]    [3]    [3]    [3]    [3]    [3]    [3]    [3]    [3]
11    1    0
0	1	0	0	0	0	0	0
1	1	5	5	5	2	5	4
2	1	9	2	4	4	4	2
3	1	10	5	2	1	5	3
4	1	1	2	4	3	1	1
5	1	8	1	2	5	3	4
6	1	2	3	4	5	5	1
7	1	9	1	5	1	4	3
8	1	4	4	5	1	1	1
9	1	6	2	3	4	2	5
10	1	3	4	2	4	2	2
11	1	0	0	0	0	0	0
8	8	8	8	7
