10    5    0.792725
0    1    11    1    2    3    4    5    6    7    8    9    10    11    [0]    [0]    [0]    [0]    [0]    [0]    [0]    [0]    [0]    [0]    [0]
1    1    7    2    5    7    8    9    10    11    [9]    [9]    [26]    [2]    [9]    [9]    [9]
2    1    4    8    9    10    11    [11]    [10]    [5]    [8]
3    1    8    2    5    6    7    8    9    10    11    [1]    [1]    [0]    [1]    [1]    [2]    [1]    [1]
4    1    6    5    7    8    9    10    11    [10]    [18]    [29]    [10]    [10]    [10]
5    1    7    7    8    9    11    8    9    10    [4]    [4]    [4]    [4]    [-3]    [-1]    [-2]
6    1    6    3    7    8    9    10    11    [-1]    [10]    [6]    [10]    [22]    [10]
7    1    3    9    11    10    [18]    [9]    [-7]
8    1    3    4    9    11    [-31]    [4]    [4]
9    1    1    11    [6]
10    1    3    7    9    11    [-5]    [1]    [1]
11    1    0
0	1	0	0	0	0	0	0
1	1	9	3	5	3	1	1
2	1	8	1	4	1	1	4
3	1	1	5	4	4	1	2
4	1	10	5	3	2	5	3
5	1	4	3	3	4	4	5
6	1	10	3	2	3	5	1
7	1	9	1	4	2	1	2
8	1	4	2	4	1	5	2
9	1	6	5	3	4	3	5
10	1	1	3	5	4	4	1
11	1	0	0	0	0	0	0
13	13	11	11	11
