10    5    0.426252
0    1    11    1    2    3    4    5    6    7    8    9    10    11    [0]    [0]    [0]    [0]    [0]    [0]    [0]    [0]    [0]    [0]    [0]
1    1    9    3    4    5    6    7    8    9    10    11    [25]    [10]    [10]    [10]    [10]    [10]    [10]    [10]    [10]
2    1    7    4    5    6    7    8    9    11    [6]    [5]    [5]    [5]    [5]    [5]    [5]
3    1    7    4    5    6    8    9    10    11    [5]    [4]    [6]    [5]    [6]    [6]    [6]
4    1    8    2    5    6    7    8    9    11    10    [-31]    [5]    [15]    [9]    [5]    [5]    [5]    [-2]
5    1    5    6    7    8    9    11    [10]    [18]    [10]    [19]    [10]
6    1    3    7    9    11    [3]    [3]    [3]
7    1    3    3    9    11    [-47]    [7]    [7]
8    1    4    6    7    9    11    [6]    [6]    [6]    [6]
9    1    1    11    [7]
10    1    7    2    5    6    7    8    9    11    [-23]    [4]    [4]    [4]    [4]    [4]    [4]
11    1    0
0	1	0	0	0	0	0	0
1	1	10	0	1	2	1	0
2	1	5	1	3	0	5	0
3	1	6	4	0	5	0	3
4	1	5	0	0	0	1	4
5	1	10	3	1	5	4	5
6	1	3	1	5	1	4	1
7	1	7	1	4	3	1	1
8	1	6	0	3	3	0	2
9	1	7	2	4	5	3	1
10	1	4	5	1	0	4	3
11	1	0	0	0	0	0	0
7	5	7	6	8
