10    5    0.658264
0    1    11    1    2    3    4    5    6    7    8    9    10    11    [0]    [0]    [0]    [0]    [0]    [0]    [0]    [0]    [0]    [0]    [0]
1    1    10    2    3    4    5    6    7    8    9    10    11    [8]    [5]    [5]    [5]    [5]    [11]    [11]    [5]    [5]    [5]
2    1    9    4    5    6    7    8    9    10    11    3    [3]    [3]    [3]    [3]    [3]    [3]    [3]    [3]    [-2]
3    1    8    4    5    6    7    8    9    10    11    [1]    [0]    [1]    [1]    [1]    [0]    [1]    [1]
4    1    7    6    7    8    9    10    11    5    [4]    [4]    [4]    [4]    [4]    [4]    [-4]
5    1    5    4    6    8    10    11    [-4]    [9]    [9]    [3]    [9]
6    1    1    11    [3]
7    1    5    6    8    9    10    11    [4]    [4]    [4]    [4]    [4]
8    1    3    6    10    11    [7]    [7]    [7]
9    1    4    6    8    10    11    [3]    [3]    [3]    [3]
10    1    2    6    11    [4]    [4]
11    1    0
0	1	0	0	0	0	0	0
1	1	5	0	3	3	0	0
2	1	3	0	0	5	0	0
3	1	1	0	0	5	0	0
4	1	4	3	4	2	2	4
5	1	9	0	0	2	0	0
6	1	3	3	0	5	0	0
7	1	4	0	3	3	0	0
8	1	7	1	0	5	4	0
9	1	3	3	1	2	0	1
10	1	4	1	2	4	2	0
11	1	0	0	0	0	0	0
3	4	5	5	5
