10    5    0.458033
0    1    11    1    2    3    4    5    6    7    8    9    10    11    [0]    [0]    [0]    [0]    [0]    [0]    [0]    [0]    [0]    [0]    [0]
1    1    7    2    4    6    7    9    10    11    [8]    [8]    [13]    [8]    [8]    [8]    [8]
2    1    6    6    7    8    9    10    11    [5]    [7]    [12]    [14]    [5]    [5]
3    1    8    4    6    7    9    10    11    8    10    [9]    [9]    [27]    [15]    [9]    [9]    [-2]    [-8]
4    1    6    7    8    9    10    11    10    [0]    [2]    [12]    [4]    [4]    [-3]
5    1    7    4    6    7    8    9    10    11    [8]    [8]    [8]    [5]    [7]    [12]    [8]
6    1    6    7    8    9    10    11    9    [14]    [8]    [8]    [16]    [8]    [-6]
7    1    2    3    11    [-38]    [10]
8    1    5    1    3    5    10    11    [-59]    [-56]    [-24]    [2]    [2]
9    1    3    5    10    11    [-34]    [4]    [4]
10    1    1    11    [7]
11    1    0
0	1	0	0	0	0	0	0
1	1	8	3	1	4	4	1
2	1	5	2	2	1	3	4
3	1	9	2	3	1	3	4
4	1	4	5	4	3	5	4
5	1	8	2	1	2	4	3
6	1	8	5	3	2	2	3
7	1	10	4	3	3	5	4
8	1	2	4	2	1	1	2
9	1	4	2	3	2	3	4
10	1	7	5	4	5	4	5
11	1	0	0	0	0	0	0
10	8	8	12	11
