10    5    0.411899
0    1    11    1    2    3    4    5    6    7    8    9    10    11    [0]    [0]    [0]    [0]    [0]    [0]    [0]    [0]    [0]    [0]    [0]
1    1    7    6    8    9    10    11    7    9    [4]    [11]    [4]    [9]    [4]    [-1]    [-2]
2    1    8    1    3    5    6    8    9    10    11    [5]    [5]    [5]    [12]    [3]    [5]    [12]    [5]
3    1    6    6    7    8    9    10    11    [4]    [5]    [3]    [0]    [2]    [4]
4    1    9    1    3    6    7    8    9    10    11    9    [9]    [9]    [9]    [21]    [20]    [9]    [6]    [9]    [-6]
5    1    7    1    6    7    8    9    10    11    [4]    [4]    [6]    [0]    [8]    [12]    [4]
6    1    6    2    7    8    9    10    11    [-47]    [13]    [5]    [12]    [5]    [5]
7    1    7    1    2    3    5    6    9    11    [-62]    [-42]    [-51]    [-34]    [-33]    [4]    [4]
8    1    3    2    4    11    [-29]    [-53]    [5]
9    1    1    11    [4]
10    1    3    8    9    11    [10]    [10]    [10]
11    1    0
0	1	0	0	0	0	0	0
1	1	4	2	3	0	5	0
2	1	5	3	2	3	1	3
3	1	4	1	0	2	0	5
4	1	9	0	3	2	0	5
5	1	4	3	4	1	5	3
6	1	5	3	2	2	3	5
7	1	4	1	1	3	0	1
8	1	5	0	0	2	0	5
9	1	4	3	0	3	2	2
10	1	10	5	4	0	2	5
11	1	0	0	0	0	0	0
6	7	6	7	8
