10    5    0.607143
0    1    11    1    2    3    4    5    6    7    8    9    10    11    [0]    [0]    [0]    [0]    [0]    [0]    [0]    [0]    [0]    [0]    [0]
1    1    9    2    6    7    8    9    10    11    7    9    [4]    [5]    [4]    [3]    [4]    [1]    [4]    [-3]    [-3]
2    1    5    6    7    8    11    9    [4]    [16]    [0]    [7]    [-4]
3    1    8    6    7    8    11    7    8    9    10    [12]    [8]    [8]    [8]    [-6]    [-4]    [-6]    [-2]
4    1    9    2    6    7    8    9    10    11    7    9    [8]    [8]    [8]    [22]    [8]    [2]    [8]    [-7]    [-1]
5    1    7    2    6    7    8    9    10    11    [1]    [1]    [3]    [1]    [0]    [0]    [1]
6    1    3    2    7    11    [-13]    [8]    [8]
7    1    2    2    11    [-24]    [6]
8    1    2    7    11    [4]    [4]
9    1    4    2    7    8    11    [-18]    [7]    [7]    [7]
10    1    8    1    3    4    5    6    7    8    11    [-15]    [-13]    [-15]    [-5]    [10]    [10]    [10]    [10]
11    1    0
0	1	0	0	0	0	0	0
1	1	4	0	0	0	1	2
2	1	7	1	3	0	5	3
3	1	8	0	0	1	0	0
4	1	8	0	0	0	0	2
5	1	1	0	0	0	4	0
6	1	8	0	0	4	0	0
7	1	6	3	3	5	3	2
8	1	4	1	4	0	2	4
9	1	7	1	1	0	0	2
10	1	10	2	0	2	0	2
11	1	0	0	0	0	0	0
3	4	5	6	6
