10    5    0.971811
0    1    11    1    2    3    4    5    6    7    8    9    10    11    [0]    [0]    [0]    [0]    [0]    [0]    [0]    [0]    [0]    [0]    [0]
1    1    8    2    5    6    7    8    9    10    11    [3]    [3]    [5]    [3]    [6]    [5]    [0]    [3]
2    1    6    6    7    8    9    10    11    [2]    [5]    [2]    [2]    [4]    [2]
3    1    6    6    7    8    10    11    7    [0]    [4]    [1]    [9]    [4]    [-2]
4    1    10    2    5    6    7    8    9    10    11    8    9    [8]    [8]    [5]    [21]    [8]    [8]    [14]    [8]    [-5]    [-5]
5    1    7    2    6    7    8    9    10    11    [4]    [2]    [11]    [3]    [7]    [7]    [4]
6    1    3    7    8    11    [8]    [8]    [8]
7    1    1    11    [1]
8    1    2    7    11    [4]    [4]
9    1    4    2    7    8    11    [-3]    [5]    [5]    [5]
10    1    1    11    [2]
11    1    0
0	1	0	0	0	0	0	0
1	1	3	0	1	1	2	0
2	1	2	4	5	0	0	0
3	1	4	0	0	0	0	5
4	1	8	4	5	2	4	1
5	1	4	4	1	5	1	0
6	1	8	3	0	2	4	0
7	1	1	0	0	0	5	4
8	1	4	5	0	0	0	4
9	1	5	0	0	4	0	0
10	1	2	1	5	0	0	0
11	1	0	0	0	0	0	0
7	8	7	6	6
