10    5    0.491124
0    1    11    1    2    3    4    5    6    7    8    9    10    11    [0]    [0]    [0]    [0]    [0]    [0]    [0]    [0]    [0]    [0]    [0]
1    1    7    3    4    6    7    9    11    8    [10]    [21]    [10]    [10]    [10]    [10]    [-2]
2    1    11    3    4    5    7    8    9    10    11    6    8    9    [9]    [9]    [9]    [23]    [9]    [9]    [24]    [9]    [-6]    [-5]    [-3]
3    1    7    4    5    6    7    9    10    11    [1]    [1]    [0]    [1]    [1]    [1]    [1]
4    1    6    5    6    7    9    10    11    [11]    [11]    [4]    [4]    [4]    [4]
5    1    5    1    7    9    10    11    [-42]    [1]    [0]    [2]    [2]
6    1    2    2    11    [-46]    [2]
7    1    2    9    11    [4]    [4]
8    1    8    3    4    5    6    7    9    10    11    [8]    [8]    [8]    [8]    [8]    [8]    [8]    [8]
9    1    1    11    [9]
10    1    4    1    5    9    11    [-66]    [-31]    [1]    [1]
11    1    0
0	1	0	0	0	0	0	0
1	1	10	1	2	1	2	5
2	1	9	5	4	4	5	1
3	1	1	4	3	5	2	3
4	1	4	1	5	1	0	2
5	1	2	5	2	0	2	1
6	1	2	0	2	0	0	0
7	1	4	0	2	5	1	4
8	1	8	0	1	3	2	0
9	1	9	4	4	4	5	3
10	1	1	5	0	0	3	0
11	1	0	0	0	0	0	0
6	6	7	7	6
