10    5    0.765322
0    1    11    1    2    3    4    5    6    7    8    9    10    11    [0]    [0]    [0]    [0]    [0]    [0]    [0]    [0]    [0]    [0]    [0]
1    1    6    6    7    8    9    10    11    [3]    [1]    [8]    [9]    [2]    [3]
2    1    5    6    7    8    9    11    [10]    [10]    [24]    [10]    [10]
3    1    8    1    5    6    7    8    9    10    11    [3]    [3]    [3]    [8]    [3]    [3]    [4]    [3]
4    1    7    5    6    7    8    9    10    11    [7]    [3]    [3]    [3]    [0]    [0]    [3]
5    1    4    6    7    8    11    [0]    [3]    [3]    [3]
6    1    1    11    [5]
7    1    3    6    8    11    [10]    [10]    [10]
8    1    3    1    2    11    [-22]    [-34]    [2]
9    1    3    6    8    11    [6]    [6]    [6]
10    1    1    11    [1]
11    1    0
0	1	0	0	0	0	0	0
1	1	3	4	1	0	0	0
2	1	10	1	0	3	0	0
3	1	3	4	0	2	2	3
4	1	3	0	0	0	3	0
5	1	3	0	1	2	4	0
6	1	5	2	3	4	0	0
7	1	10	0	4	4	0	4
8	1	2	2	0	0	4	4
9	1	6	5	0	0	1	1
10	1	1	0	1	0	0	0
11	1	0	0	0	0	0	0
5	5	5	5	5
