10    5    0.747475
0    1    11    1    2    3    4    5    6    7    8    9    10    11    [0]    [0]    [0]    [0]    [0]    [0]    [0]    [0]    [0]    [0]    [0]
1    1    7    3    6    7    8    9    10    11    [4]    [4]    [4]    [4]    [3]    [4]    [4]
2    1    6    3    6    8    9    10    11    [8]    [8]    [18]    [8]    [8]    [8]
3    1    2    10    11    [10]    [10]
4    1    9    3    6    7    8    9    10    11    6    7    [4]    [4]    [4]    [4]    [4]    [4]    [4]    [-2]    [-2]
5    1    8    3    4    6    7    8    9    10    11    [1]    [1]    [0]    [0]    [1]    [1]    [1]    [1]
6    1    5    3    8    10    11    9    [5]    [6]    [5]    [5]    [-3]
7    1    2    8    11    [9]    [7]
8    1    2    10    11    [1]    [5]
9    1    5    3    6    8    10    11    [3]    [0]    [3]    [3]    [3]
10    1    4    3    7    8    11    [-20]    [-21]    [-14]    [3]
11    1    0
0	1	0	0	0	0	0	0
1	1	4	4	0	0	0	4
2	1	8	1	4	3	4	2
3	1	10	4	5	5	1	5
4	1	4	2	3	2	0	1
5	1	1	4	2	3	1	3
6	1	5	5	0	4	0	0
7	1	7	0	3	1	0	4
8	1	5	1	4	0	1	4
9	1	3	5	4	3	2	5
10	1	3	0	5	5	0	2
11	1	0	0	0	0	0	0
9	9	8	6	9
