10    5    0.555240
0    1    11    1    2    3    4    5    6    7    8    9    10    11    [0]    [0]    [0]    [0]    [0]    [0]    [0]    [0]    [0]    [0]    [0]
1    1    6    4    6    8    9    10    11    [10]    [9]    [9]    [9]    [9]    [9]
2    1    7    4    6    8    9    10    11    6    [0]    [6]    [8]    [6]    [6]    [6]    [-1]
3    1    10    1    2    4    5    6    7    8    9    10    11    [5]    [5]    [15]    [0]    [5]    [5]    [4]    [5]    [5]    [5]
4    1    6    1    8    9    10    11    7    [-23]    [9]    [9]    [6]    [9]    [-8]
5    1    8    2    4    6    7    8    9    10    11    [5]    [5]    [8]    [5]    [5]    [5]    [5]    [5]
6    1    6    4    7    8    9    10    11    [1]    [3]    [1]    [0]    [1]    [1]
7    1    8    1    2    4    6    8    9    10    11    [-24]    [-12]    [-13]    [-25]    [5]    [5]    [5]    [5]
8    1    2    10    11    [8]    [8]
9    1    3    8    10    11    [9]    [9]    [9]
10    1    1    11    [1]
11    1    0
0	1	0	0	0	0	0	0
1	1	9	3	0	0	0	0
2	1	6	2	5	3	1	2
3	1	5	4	0	2	0	5
4	1	9	4	4	2	5	0
5	1	5	2	0	3	2	4
6	1	1	5	2	0	5	5
7	1	5	5	4	3	1	4
8	1	8	0	2	2	4	3
9	1	9	1	2	2	2	3
10	1	1	0	4	2	2	0
11	1	0	0	0	0	0	0
5	5	5	5	5
