10    5    0.562250
0    1    11    1    2    3    4    5    6    7    8    9    10    11    [0]    [0]    [0]    [0]    [0]    [0]    [0]    [0]    [0]    [0]    [0]
1    1    3    10    11    6    [0]    [9]    [-3]
2    1    9    1    3    6    7    8    9    10    11    8    [5]    [5]    [5]    [5]    [5]    [1]    [15]    [5]    [-4]
3    1    4    7    8    10    11    [6]    [5]    [0]    [5]
4    1    9    1    3    6    7    8    9    10    11    9    [7]    [7]    [7]    [7]    [1]    [7]    [7]    [7]    [-4]
5    1    7    1    6    7    8    9    10    11    [8]    [0]    [8]    [8]    [8]    [22]    [8]
6    1    5    7    8    9    10    11    [3]    [2]    [0]    [2]    [2]
7    1    4    6    8    10    11    [-9]    [4]    [4]    [4]
8    1    3    1    10    11    [-12]    [4]    [4]
9    1    8    1    2    6    1    7    8    10    11    [-7]    [-20]    [-15]    [1]    [1]    [1]    [1]    [1]
10    1    1    11    [10]
11    1    0
0	1	0	0	0	0	0	0
1	1	9	1	1	2	4	2
2	1	5	2	4	5	2	4
3	1	5	2	2	3	1	5
4	1	7	1	2	3	3	2
5	1	8	3	1	1	2	4
6	1	2	4	5	2	4	5
7	1	4	3	5	5	4	4
8	1	4	3	4	2	5	1
9	1	1	3	2	5	3	4
10	1	10	5	5	3	4	1
11	1	0	0	0	0	0	0
8	8	9	9	10
