10    5    0.662351
0    1    11    1    2    3    4    5    6    7    8    9    10    11    [0]    [0]    [0]    [0]    [0]    [0]    [0]    [0]    [0]    [0]    [0]
1    1    11    2    3    4    5    6    7    8    9    10    11    8    [7]    [7]    [7]    [16]    [4]    [7]    [7]    [7]    [7]    [7]    [-2]
2    1    8    4    5    6    7    8    9    10    11    [3]    [6]    [8]    [3]    [3]    [3]    [3]    [3]
3    1    9    2    4    5    6    7    8    9    10    11    [3]    [3]    [3]    [7]    [3]    [0]    [3]    [4]    [3]
4    1    5    7    8    9    10    11    [10]    [5]    [1]    [4]    [5]
5    1    7    2    4    7    8    9    10    11    [-8]    [8]    [4]    [8]    [8]    [22]    [8]
6    1    6    4    7    8    9    10    11    [3]    [4]    [3]    [2]    [3]    [3]
7    1    5    4    6    8    10    11    [-21]    [-14]    [3]    [3]    [3]
8    1    1    11    [7]
9    1    6    4    6    7    8    10    11    [-8]    [-15]    [6]    [6]    [6]    [6]
10    1    1    11    [6]
11    1    0
0	1	0	0	0	0	0	0
1	1	7	5	0	2	2	3
2	1	3	4	2	3	4	3
3	1	3	5	3	0	4	4
4	1	5	3	1	4	4	2
5	1	8	5	4	2	1	2
6	1	3	0	0	0	0	2
7	1	3	2	0	3	4	0
8	1	7	4	1	3	1	3
9	1	6	0	2	5	0	3
10	1	6	0	3	0	3	1
11	1	0	0	0	0	0	0
5	5	5	5	5
