10    5    0.626482
0    1    11    1    2    3    4    5    6    7    8    9    10    11    [0]    [0]    [0]    [0]    [0]    [0]    [0]    [0]    [0]    [0]    [0]
1    1    7    3    6    7    8    9    10    11    [4]    [4]    [4]    [4]    [4]    [4]    [4]
2    1    7    3    6    7    8    9    10    11    [2]    [2]    [2]    [2]    [0]    [2]    [2]
3    1    6    6    7    9    10    11    8    [0]    [3]    [3]    [3]    [3]    [-1]
4    1    8    1    3    6    7    8    9    10    11    [10]    [10]    [10]    [21]    [10]    [10]    [10]    [10]
5    1    9    1    2    3    6    7    8    9    10    11    [9]    [9]    [9]    [9]    [9]    [24]    [9]    [9]    [9]
6    1    5    7    8    10    11    9    [7]    [3]    [3]    [3]    [-2]
7    1    2    10    11    [0]    [2]
8    1    4    3    7    10    11    [-3]    [1]    [1]    [1]
9    1    2    6    11    [-7]    [9]
10    1    2    9    11    [-5]    [1]
11    1    0
0	1	0	0	0	0	0	0
1	1	4	4	4	2	5	3
2	1	2	2	5	5	4	3
3	1	3	1	4	1	1	2
4	1	10	1	5	1	1	5
5	1	9	5	2	4	4	1
6	1	3	5	1	5	4	3
7	1	2	5	2	2	1	1
8	1	1	3	5	5	1	2
9	1	9	1	1	1	1	1
10	1	1	3	2	3	5	3
11	1	0	0	0	0	0	0
9	11	9	10	9
