10    5    0.691142
0    1    11    1    2    3    4    5    6    7    8    9    10    11    [0]    [0]    [0]    [0]    [0]    [0]    [0]    [0]    [0]    [0]    [0]
1    1    8    2    3    4    5    7    9    10    11    [4]    [0]    [4]    [4]    [4]    [4]    [4]    [4]
2    1    6    4    7    10    11    4    6    [8]    [8]    [8]    [8]    [-4]    [-3]
3    1    6    4    7    8    10    11    9    [24]    [8]    [9]    [8]    [8]    [-3]
4    1    2    7    11    [6]    [3]
5    1    6    4    7    8    10    11    9    [5]    [5]    [2]    [5]    [5]    [-2]
6    1    8    4    5    7    8    9    10    11    7    [2]    [0]    [2]    [2]    [2]    [4]    [2]    [-1]
7    1    1    11    [1]
8    1    4    1    4    7    11    [-13]    [5]    [5]    [5]
9    1    1    11    [8]
10    1    1    11    [7]
11    1    0
0	1	0	0	0	0	0	0
1	1	4	1	3	5	1	3
2	1	8	1	3	3	3	3
3	1	8	2	0	4	0	0
4	1	3	1	2	0	4	1
5	1	5	5	5	1	2	5
6	1	2	5	5	0	2	4
7	1	1	0	4	0	2	3
8	1	5	1	0	3	0	5
9	1	8	0	4	3	4	2
10	1	7	4	4	3	0	0
11	1	0	0	0	0	0	0
10	13	11	9	11
