10    5    0.591683
0    1    11    1    2    3    4    5    6    7    8    9    10    11    [0]    [0]    [0]    [0]    [0]    [0]    [0]    [0]    [0]    [0]    [0]
1    1    5    7    9    10    11    4    [3]    [8]    [3]    [3]    [-1]
2    1    9    3    4    5    6    7    8    9    10    11    [0]    [5]    [5]    [5]    [5]    [5]    [5]    [5]    [5]
3    1    9    4    5    6    7    8    9    10    11    9    [2]    [5]    [5]    [2]    [0]    [5]    [5]    [5]    [-4]
4    1    7    5    6    7    9    10    11    10    [13]    [8]    [8]    [8]    [8]    [8]    [-4]
5    1    6    1    4    6    9    10    11    [-20]    [-18]    [9]    [6]    [6]    [6]
6    1    4    1    5    9    11    [-28]    [-18]    [7]    [7]
7    1    3    6    9    11    [10]    [10]    [10]
8    1    5    5    6    9    10    11    [8]    [8]    [8]    [8]    [8]
9    1    1    11    [9]
10    1    2    9    11    [4]    [4]
11    1    0
0	1	0	0	0	0	0	0
1	1	3	0	0	1	2	0
2	1	5	5	0	0	1	0
3	1	5	5	0	0	0	1
4	1	8	4	2	2	0	4
5	1	6	0	5	2	3	0
6	1	7	4	4	2	0	0
7	1	10	4	0	0	0	4
8	1	8	0	0	0	3	0
9	1	9	0	0	5	5	2
10	1	4	1	1	0	4	0
11	1	0	0	0	0	0	0
5	5	5	5	5
