10    5    0.706718
0    1    11    1    2    3    4    5    6    7    8    9    10    11    [0]    [0]    [0]    [0]    [0]    [0]    [0]    [0]    [0]    [0]    [0]
1    1    10    2    4    5    7    8    9    10    11    6    10    [8]    [8]    [8]    [8]    [8]    [11]    [8]    [8]    [-4]    [-5]
2    1    5    4    8    9    10    11    [2]    [5]    [2]    [0]    [2]
3    1    9    2    4    5    6    7    8    9    10    11    [4]    [4]    [4]    [11]    [9]    [4]    [10]    [4]    [4]
4    1    3    8    11    9    [2]    [6]    [-5]
5    1    7    2    4    7    8    9    10    11    [2]    [2]    [2]    [2]    [2]    [5]    [2]
6    1    10    1    3    2    4    5    7    8    9    10    11    [-8]    [-17]    [2]    [2]    [2]    [2]    [2]    [2]    [2]    [2]
7    1    6    2    4    8    9    10    11    [6]    [6]    [6]    [6]    [6]    [6]
8    1    1    11    [5]
9    1    3    4    8    11    [-4]    [3]    [3]
10    1    2    2    11    [-2]    [10]
11    1    0
0	1	0	0	0	0	0	0
1	1	8	5	3	0	2	0
2	1	2	5	2	0	0	5
3	1	4	0	3	4	0	0
4	1	6	4	0	0	0	0
5	1	2	5	3	5	0	0
6	1	2	0	5	3	0	0
7	1	6	5	0	5	0	4
8	1	5	3	2	1	0	0
9	1	3	2	0	1	0	2
10	1	10	0	4	1	0	0
11	1	0	0	0	0	0	0
7	6	6	4	5
