10    5    0.950065
0    1    11    1    2    3    4    5    6    7    8    9    10    11    [0]    [0]    [0]    [0]    [0]    [0]    [0]    [0]    [0]    [0]    [0]
1    1    6    7    8    9    10    11    10    [7]    [27]    [0]    [10]    [10]    [-5]
2    1    6    7    8    10    11    6    8    [12]    [6]    [7]    [6]    [-1]    [-3]
3    1    8    2    4    6    7    8    9    10    11    [4]    [4]    [4]    [10]    [12]    [8]    [4]    [4]
4    1    7    6    7    8    9    10    11    10    [1]    [9]    [5]    [4]    [4]    [4]    [-2]
5    1    8    2    6    7    8    9    10    11    10    [5]    [5]    [12]    [2]    [3]    [5]    [5]    [-3]
6    1    5    7    8    9    10    11    [1]    [1]    [1]    [1]    [1]
7    1    1    11    [1]
8    1    1    11    [6]
9    1    5    2    6    7    10    11    [-6]    [-6]    [2]    [2]    [2]
10    1    1    11    [9]
11    1    0
0	1	0	0	0	0	0	0
1	1	10	2	3	3	2	1
2	1	6	5	5	3	5	2
3	1	4	4	4	4	2	2
4	1	4	5	2	3	1	5
5	1	5	2	3	5	2	3
6	1	1	2	5	3	5	4
7	1	1	2	2	3	5	3
8	1	6	2	4	5	2	1
9	1	2	5	2	3	4	3
10	1	9	3	4	1	4	4
11	1	0	0	0	0	0	0
13	14	13	11	11
