10    5    0.790705
0    1    11    1    2    3    4    5    6    7    8    9    10    11    [0]    [0]    [0]    [0]    [0]    [0]    [0]    [0]    [0]    [0]    [0]
1    1    8    4    5    6    7    8    9    10    11    [3]    [3]    [6]    [5]    [0]    [4]    [8]    [3]
2    1    9    1    4    5    6    7    8    9    10    11    [7]    [7]    [7]    [3]    [16]    [10]    [10]    [4]    [7]
3    1    10    1    4    5    6    7    8    9    10    11    8    [8]    [8]    [5]    [8]    [8]    [8]    [8]    [14]    [8]    [-5]
4    1    7    5    6    7    9    10    11    8    [5]    [11]    [15]    [5]    [5]    [5]    [-1]
5    1    4    6    9    11    7    [8]    [9]    [3]    [-2]
6    1    2    9    11    [6]    [6]
7    1    4    5    6    9    11    [-2]    [7]    [7]    [7]
8    1    4    6    7    9    11    [1]    [1]    [1]    [1]
9    1    1    11    [2]
10    1    6    4    5    6    7    9    11    [-6]    [1]    [1]    [1]    [1]    [1]
11    1    0
0	1	0	0	0	0	0	0
1	1	3	3	4	3	4	5
2	1	7	1	2	3	3	2
3	1	8	3	1	1	4	3
4	1	5	0	3	1	2	4
5	1	3	2	0	0	0	3
6	1	6	3	0	3	2	2
7	1	7	0	0	5	1	0
8	1	1	0	1	4	0	1
9	1	2	3	0	1	4	0
10	1	1	4	5	1	2	3
11	1	0	0	0	0	0	0
5	6	6	7	6
