10    5    0.390016
0    1    11    1    2    3    4    5    6    7    8    9    10    11    [0]    [0]    [0]    [0]    [0]    [0]    [0]    [0]    [0]    [0]    [0]
1    1    8    2    3    6    7    8    9    10    11    [8]    [8]    [11]    [0]    [8]    [2]    [12]    [8]
2    1    7    3    6    7    8    9    10    11    [1]    [3]    [0]    [0]    [3]    [0]    [1]
3    1    7    6    7    8    9    10    11    9    [4]    [7]    [1]    [4]    [4]    [4]    [-3]
4    1    7    3    6    7    8    9    10    11    [10]    [6]    [2]    [0]    [28]    [4]    [10]
5    1    10    1    2    3    6    7    8    9    10    11    10    [6]    [6]    [6]    [9]    [15]    [18]    [2]    [6]    [6]    [-4]
6    1    4    1    4    9    11    [-30]    [-36]    [4]    [4]
7    1    3    6    9    11    [2]    [2]    [2]
8    1    3    6    9    11    [9]    [9]    [9]
9    1    4    1    2    4    11    [-27]    [-44]    [-44]    [10]
10    1    3    6    9    11    [7]    [7]    [7]
11    1    0
0	1	0	0	0	0	0	0
1	1	8	4	0	1	2	0
2	1	1	4	1	0	4	0
3	1	4	2	0	2	0	3
4	1	10	0	0	0	3	0
5	1	6	0	4	0	5	5
6	1	4	3	0	0	1	5
7	1	2	0	0	0	0	4
8	1	9	2	2	0	0	3
9	1	10	3	0	0	2	4
10	1	7	3	0	1	0	0
11	1	0	0	0	0	0	0
5	5	3	9	7
