10    5    0.415648
0    1    11    1    2    3    4    5    6    7    8    9    10    11    [0]    [0]    [0]    [0]    [0]    [0]    [0]    [0]    [0]    [0]    [0]
1    1    9    2    4    6    7    8    9    10    11    9    [5]    [5]    [5]    [5]    [1]    [5]    [4]    [5]    [-3]
2    1    7    4    6    7    8    9    10    11    [4]    [4]    [4]    [7]    [10]    [6]    [4]
3    1    10    1    2    4    5    6    7    8    9    10    11    [6]    [6]    [6]    [6]    [6]    [14]    [6]    [6]    [6]    [6]
4    1    6    6    7    8    9    10    11    [7]    [7]    [3]    [7]    [21]    [7]
5    1    7    1    2    4    6    7    10    11    [5]    [5]    [5]    [0]    [14]    [5]    [5]
6    1    3    10    11    9    [9]    [9]    [-4]
7    1    5    6    8    9    10    11    [1]    [0]    [0]    [0]    [1]
8    1    8    1    2    4    5    6    9    10    11    [-47]    [-52]    [-20]    [-54]    [2]    [2]    [2]    [2]
9    1    5    4    5    6    10    11    [-20]    [-44]    [-9]    [7]    [7]
10    1    1    11    [7]
11    1    0
0	1	0	0	0	0	0	0
1	1	5	2	3	3	4	5
2	1	4	4	2	4	5	1
3	1	6	5	2	5	2	1
4	1	7	1	5	4	5	4
5	1	5	1	5	2	3	4
6	1	9	2	5	3	4	2
7	1	1	1	5	5	1	2
8	1	2	4	3	3	5	3
9	1	7	4	1	1	4	4
10	1	7	5	1	4	1	3
11	1	0	0	0	0	0	0
5	5	5	5	5
