10    5    0.316698
0    1    11    1    2    3    4    5    6    7    8    9    10    11    [0]    [0]    [0]    [0]    [0]    [0]    [0]    [0]    [0]    [0]    [0]
1    1    5    6    7    8    9    11    [0]    [9]    [7]    [16]    [7]
2    1    7    1    3    6    7    8    9    11    [7]    [7]    [10]    [9]    [0]    [12]    [7]
3    1    7    6    7    8    9    10    11    6    [6]    [13]    [15]    [8]    [6]    [6]    [-3]
4    1    7    1    6    7    8    9    10    11    [10]    [10]    [3]    [10]    [10]    [20]    [10]
5    1    7    1    3    6    7    8    9    11    [1]    [1]    [0]    [2]    [2]    [1]    [1]
6    1    4    7    9    11    10    [9]    [9]    [9]    [-7]
7    1    4    2    3    4    11    [-49]    [-40]    [-70]    [4]
8    1    3    7    9    11    [7]    [7]    [7]
9    1    4    1    4    7    11    [-56]    [-51]    [10]    [10]
10    1    7    1    2    5    6    7    9    11    [-22]    [-79]    [-57]    [-48]    [9]    [9]    [9]
11    1    0
0	1	0	0	0	0	0	0
1	1	7	5	2	0	0	2
2	1	7	1	4	3	1	1
3	1	6	2	4	5	3	3
4	1	10	3	1	2	1	3
5	1	1	3	2	2	0	3
6	1	9	0	0	4	5	0
7	1	4	1	0	5	5	5
8	1	7	1	4	2	0	0
9	1	10	5	4	2	5	2
10	1	9	2	0	0	2	0
11	1	0	0	0	0	0	0
7	7	7	6	7
