10    5    0.526321
0    1    11    1    2    3    4    5    6    7    8    9    10    11    [0]    [0]    [0]    [0]    [0]    [0]    [0]    [0]    [0]    [0]    [0]
1    1    10    2    3    4    5    6    7    8    9    10    11    [9]    [9]    [9]    [9]    [9]    [9]    [9]    [9]    [0]    [9]
2    1    8    3    4    5    6    7    8    9    11    [5]    [3]    [3]    [3]    [3]    [3]    [3]    [3]
3    1    6    4    5    6    7    9    11    [6]    [2]    [2]    [2]    [2]    [2]
4    1    6    5    6    7    8    9    11    [10]    [11]    [10]    [10]    [14]    [10]
5    1    4    7    8    9    11    [2]    [6]    [3]    [3]
6    1    4    4    5    9    11    [-18]    [0]    [10]    [10]
7    1    2    8    11    [8]    [8]
8    1    3    3    6    11    [-28]    [-14]    [9]
9    1    1    11    [10]
10    1    8    3    4    5    6    7    8    9    11    [6]    [6]    [6]    [6]    [6]    [6]    [6]    [6]
11    1    0
0	1	0	0	0	0	0	0
1	1	9	5	3	4	0	4
2	1	3	3	0	0	0	1
3	1	2	0	4	3	3	0
4	1	10	3	0	4	0	0
5	1	3	2	0	2	3	3
6	1	10	0	0	0	0	1
7	1	8	0	4	0	0	5
8	1	9	0	3	3	3	0
9	1	10	0	0	1	0	1
10	1	6	0	3	3	0	0
11	1	0	0	0	0	0	0
5	6	6	4	6
