10    5    0.591163
0    1    11    1    2    3    4    5    6    7    8    9    10    11    [0]    [0]    [0]    [0]    [0]    [0]    [0]    [0]    [0]    [0]    [0]
1    1    11    2    3    4    5    6    7    8    9    10    11    6    [4]    [4]    [4]    [4]    [4]    [4]    [4]    [4]    [4]    [4]    [-2]
2    1    5    7    9    10    11    10    [7]    [20]    [7]    [7]    [-5]
3    1    7    2    5    7    8    9    10    11    [2]    [2]    [2]    [0]    [3]    [2]    [2]
4    1    7    2    5    7    8    9    10    11    [8]    [8]    [8]    [8]    [24]    [8]    [8]
5    1    6    2    7    9    10    11    6    [9]    [25]    [9]    [9]    [9]    [-18]
6    1    6    2    7    8    9    10    11    [5]    [5]    [11]    [5]    [5]    [5]
7    1    3    9    11    10    [6]    [6]    [-3]
8    1    6    2    5    7    9    10    11    [7]    [4]    [7]    [7]    [7]    [7]
9    1    2    2    11    [-20]    [9]
10    1    2    7    11    [-1]    [8]
11    1    0
0	1	0	0	0	0	0	0
1	1	4	4	2	4	0	0
2	1	7	1	5	0	0	5
3	1	2	0	5	0	0	2
4	1	8	3	0	0	0	2
5	1	9	5	2	3	0	2
6	1	5	3	0	0	0	0
7	1	6	0	1	4	4	0
8	1	7	0	5	1	0	5
9	1	9	0	2	4	0	0
10	1	8	0	3	0	0	2
11	1	0	0	0	0	0	0
6	6	5	5	6
