10    5    0.499544
0    1    11    1    2    3    4    5    6    7    8    9    10    11    [0]    [0]    [0]    [0]    [0]    [0]    [0]    [0]    [0]    [0]    [0]
1    1    6    4    5    7    9    10    11    [3]    [8]    [2]    [3]    [3]    [3]
2    1    8    4    5    7    8    9    10    11    9    [6]    [6]    [6]    [4]    [6]    [18]    [6]    [-1]
3    1    10    1    2    4    5    6    7    8    9    10    11    [1]    [1]    [1]    [1]    [2]    [1]    [1]    [1]    [1]    [1]
4    1    5    8    9    11    5    10    [7]    [14]    [7]    [-42]    [-2]
5    1    4    4    8    9    11    [0]    [2]    [1]    [1]
6    1    5    4    5    7    9    11    [3]    [7]    [5]    [3]    [3]
7    1    6    4    5    8    9    10    11    [3]    [3]    [2]    [6]    [3]    [3]
8    1    4    1    6    9    11    [-36]    [-45]    [6]    [6]
9    1    1    11    [9]
10    1    6    2    4    6    7    9    11    [-26]    [-30]    [-19]    [-28]    [3]    [3]
11    1    0
0	1	0	0	0	0	0	0
1	1	3	4	0	4	2	0
2	1	6	0	0	0	0	4
3	1	1	0	3	4	2	2
4	1	7	0	0	1	1	0
5	1	1	0	1	0	1	1
6	1	3	0	0	0	0	1
7	1	3	5	0	5	0	5
8	1	6	0	0	4	0	2
9	1	9	3	0	2	0	4
10	1	3	4	0	1	1	0
11	1	0	0	0	0	0	0
5	5	5	5	5
