10    5    0.723463
0    1    11    1    2    3    4    5    6    7    8    9    10    11    [0]    [0]    [0]    [0]    [0]    [0]    [0]    [0]    [0]    [0]    [0]
1    1    8    4    5    6    7    8    9    10    11    [1]    [3]    [1]    [2]    [1]    [2]    [1]    [1]
2    1    9    1    4    5    6    7    8    9    10    11    [4]    [2]    [4]    [4]    [0]    [5]    [4]    [8]    [4]
3    1    9    1    4    5    6    7    8    9    10    11    [7]    [0]    [7]    [7]    [12]    [8]    [13]    [3]    [7]
4    1    3    6    11    5    [9]    [6]    [-10]
5    1    5    4    6    8    10    11    [4]    [9]    [7]    [8]    [9]
6    1    1    11    [6]
7    1    5    1    2    6    8    11    [-4]    [-8]    [9]    [9]    [9]
8    1    2    6    11    [5]    [5]
9    1    5    1    4    6    8    11    [-12]    [5]    [5]    [5]    [5]
10    1    3    6    8    11    [4]    [4]    [4]
11    1    0
0	1	0	0	0	0	0	0
1	1	1	0	0	3	2	2
2	1	4	2	0	5	0	2
3	1	7	0	0	1	2	0
4	1	6	0	0	0	1	4
5	1	9	0	0	3	0	2
6	1	6	3	0	0	3	0
7	1	9	2	0	3	0	0
8	1	5	2	2	2	4	1
9	1	5	0	0	1	0	5
10	1	4	0	5	0	5	0
11	1	0	0	0	0	0	0
4	6	7	8	8
