10    5    0.316632
0    1    11    1    2    3    4    5    6    7    8    9    10    11    [0]    [0]    [0]    [0]    [0]    [0]    [0]    [0]    [0]    [0]    [0]
1    1    9    3    4    5    6    7    8    9    10    11    [1]    [2]    [2]    [2]    [2]    [2]    [2]    [2]    [2]
2    1    8    3    5    6    7    8    9    10    11    [8]    [24]    [8]    [8]    [8]    [8]    [8]    [8]
3    1    5    4    7    9    10    11    [10]    [10]    [10]    [28]    [10]
4    1    6    2    9    10    11    9    10    [-66]    [3]    [3]    [3]    [-1]    [-2]
5    1    8    3    4    6    7    8    9    10    11    [9]    [9]    [11]    [9]    [9]    [9]    [9]    [9]
6    1    8    5    3    4    7    8    9    10    11    [-57]    [8]    [8]    [8]    [9]    [8]    [8]    [8]
7    1    5    4    9    10    11    8    [-2]    [8]    [8]    [8]    [-48]
8    1    6    6    4    7    9    10    11    [-54]    [7]    [12]    [7]    [7]    [7]
9    1    2    10    11    [8]    [8]
10    1    2    3    11    [-32]    [5]
11    1    0
0	1	0	0	0	0	0	0
1	1	2	3	0	0	0	0
2	1	8	0	0	0	3	0
3	1	10	3	2	5	0	0
4	1	3	5	0	0	0	0
5	1	9	5	1	5	0	0
6	1	8	0	5	0	2	4
7	1	8	0	1	1	5	3
8	1	7	0	0	0	0	5
9	1	8	2	1	0	2	0
10	1	5	5	1	2	2	2
11	1	0	0	0	0	0	0
5	5	5	5	5
