10    5    0.594349
0    1    11    1    2    3    4    5    6    7    8    9    10    11    [0]    [0]    [0]    [0]    [0]    [0]    [0]    [0]    [0]    [0]    [0]
1    1    6    2    7    8    9    10    11    [9]    [9]    [9]    [16]    [21]    [9]
2    1    5    7    8    9    10    11    [8]    [8]    [19]    [8]    [8]
3    1    10    1    2    4    5    7    8    9    10    11    10    [10]    [10]    [10]    [3]    [10]    [10]    [10]    [10]    [10]    [-5]
4    1    5    2    7    9    10    11    [7]    [20]    [5]    [7]    [7]
5    1    8    2    4    6    7    8    9    10    11    [3]    [3]    [0]    [3]    [3]    [3]    [3]    [3]
6    1    8    5    2    4    7    8    9    10    11    [-3]    [7]    [6]    [7]    [7]    [7]    [7]    [7]
7    1    4    4    8    9    11    [-33]    [3]    [10]    [10]
8    1    2    4    11    [-28]    [9]
9    1    2    2    11    [-21]    [8]
10    1    2    9    11    [2]    [2]
11    1    0
0	1	0	0	0	0	0	0
1	1	9	5	2	5	0	3
2	1	8	3	3	5	0	2
3	1	10	2	2	0	0	5
4	1	7	0	1	0	2	0
5	1	3	0	0	0	3	0
6	1	7	0	0	0	4	0
7	1	10	3	3	0	0	0
8	1	9	0	0	0	0	5
9	1	8	5	2	5	0	1
10	1	2	2	0	3	2	0
11	1	0	0	0	0	0	0
6	6	6	5	6
