10    5    0.702584
0    1    11    1    2    3    4    5    6    7    8    9    10    11    [0]    [0]    [0]    [0]    [0]    [0]    [0]    [0]    [0]    [0]    [0]
1    1    6    6    7    9    11    8    10    [1]    [12]    [4]    [4]    [-3]    [-2]
2    1    8    1    5    6    7    8    9    10    11    [1]    [0]    [2]    [1]    [1]    [1]    [1]    [1]
3    1    9    1    2    5    6    7    8    9    10    11    [1]    [1]    [1]    [0]    [1]    [1]    [1]    [0]    [1]
4    1    10    1    2    3    5    6    7    8    9    10    11    [9]    [9]    [9]    [9]    [9]    [22]    [18]    [1]    [20]    [9]
5    1    7    1    6    7    8    9    10    11    [7]    [7]    [16]    [16]    [8]    [7]    [7]
6    1    2    7    11    [6]    [6]
7    1    1    11    [5]
8    1    5    1    6    7    9    11    [0]    [5]    [5]    [5]    [5]
9    1    3    6    7    11    [9]    [9]    [9]
10    1    5    6    7    8    9    11    [2]    [2]    [2]    [2]    [2]
11    1    0
0	1	0	0	0	0	0	0
1	1	4	3	3	2	2	1
2	1	1	1	5	4	2	2
3	1	1	5	1	2	4	5
4	1	9	4	5	1	1	2
5	1	7	3	5	4	3	5
6	1	6	3	2	5	2	2
7	1	5	4	5	1	1	4
8	1	5	2	2	2	1	3
9	1	9	2	1	3	1	5
10	1	2	1	1	5	4	1
11	1	0	0	0	0	0	0
5	5	5	5	5
