10    5    0.670026
0    1    11    1    2    3    4    5    6    7    8    9    10    11    [0]    [0]    [0]    [0]    [0]    [0]    [0]    [0]    [0]    [0]    [0]
1    1    10    2    3    6    7    8    9    10    11    7    8    [9]    [9]    [17]    [9]    [9]    [25]    [11]    [9]    [-3]    [-1]
2    1    6    6    7    8    9    10    11    [0]    [0]    [0]    [1]    [0]    [1]
3    1    7    2    6    7    8    9    10    11    [5]    [3]    [2]    [0]    [10]    [0]    [5]
4    1    9    2    3    7    8    9    10    11    6    7    [6]    [6]    [6]    [10]    [2]    [11]    [6]    [-4]    [-4]
5    1    10    2    3    4    6    7    8    9    10    11    7    [8]    [8]    [8]    [13]    [8]    [3]    [23]    [8]    [8]    [-3]
6    1    8    2    3    4    7    8    9    10    11    [-21]    [-13]    [-11]    [5]    [5]    [5]    [5]    [5]
7    1    2    9    11    [8]    [8]
8    1    3    7    9    11    [10]    [10]    [10]
9    1    1    11    [1]
10    1    7    2    3    4    7    8    9    11    [-8]    [-17]    [-17]    [7]    [7]    [7]    [7]
11    1    0
0	1	0	0	0	0	0	0
1	1	9	3	2	2	4	1
2	1	1	2	2	1	2	3
3	1	5	3	3	5	4	5
4	1	6	2	4	1	2	4
5	1	8	4	3	3	2	4
6	1	5	4	3	5	1	2
7	1	8	5	2	5	4	4
8	1	10	5	2	4	5	5
9	1	1	2	2	3	2	4
10	1	7	1	5	5	2	3
11	1	0	0	0	0	0	0
7	7	7	7	7
