10    5    0.731162
0    1    11    1    2    3    4    5    6    7    8    9    10    11    [0]    [0]    [0]    [0]    [0]    [0]    [0]    [0]    [0]    [0]    [0]
1    1    7    2    6    7    8    9    10    11    [7]    [20]    [0]    [7]    [9]    [3]    [7]
2    1    6    7    8    9    10    11    10    [4]    [4]    [3]    [3]    [3]    [-2]
3    1    8    2    4    6    7    8    9    10    11    [6]    [6]    [11]    [8]    [6]    [14]    [11]    [6]
4    1    7    2    6    7    8    9    10    11    [6]    [0]    [0]    [6]    [1]    [16]    [6]
5    1    8    2    4    6    7    8    9    10    11    [3]    [3]    [3]    [8]    [3]    [2]    [4]    [3]
6    1    8    1    3    2    7    8    9    10    11    [-35]    [-24]    [7]    [7]    [9]    [7]    [7]    [7]
7    1    3    2    9    11    [-7]    [2]    [2]
8    1    3    2    9    11    [-5]    [3]    [3]
9    1    1    11    [5]
10    1    1    11    [4]
11    1    0
0	1	0	0	0	0	0	0
1	1	7	5	1	3	0	0
2	1	3	4	1	5	4	1
3	1	6	1	5	2	1	2
4	1	6	1	5	1	4	3
5	1	3	0	0	0	5	5
6	1	7	5	4	0	0	0
7	1	2	0	4	0	2	0
8	1	3	1	0	4	2	5
9	1	5	2	3	2	3	4
10	1	4	2	3	2	4	3
11	1	0	0	0	0	0	0
6	8	6	8	8
