10    5    0.664687
0    1    11    1    2    3    4    5    6    7    8    9    10    11    [0]    [0]    [0]    [0]    [0]    [0]    [0]    [0]    [0]    [0]    [0]
1    1    7    6    7    8    9    10    11    10    [28]    [1]    [23]    [20]    [10]    [10]    [-4]
2    1    8    6    7    8    9    10    11    6    7    [9]    [9]    [15]    [9]    [22]    [9]    [-6]    [-7]
3    1    6    6    7    8    9    10    11    [30]    [0]    [11]    [2]    [16]    [10]
4    1    7    6    7    8    9    10    11    8    [10]    [4]    [4]    [5]    [10]    [4]    [-2]
5    1    7    4    6    7    8    9    10    11    [5]    [0]    [8]    [8]    [11]    [14]    [5]
6    1    3    3    4    11    [-79]    [-30]    [6]
7    1    5    6    8    9    10    11    [5]    [5]    [5]    [5]    [5]
8    1    1    11    [9]
9    1    5    3    4    5    8    11    [-49]    [-27]    [-57]    [10]    [10]
10    1    3    3    5    11    [-48]    [-41]    [10]
11    1    0
0	1	0	0	0	0	0	0
1	1	10	5	1	5	0	0
2	1	9	0	0	2	0	0
3	1	10	4	0	0	0	3
4	1	4	0	5	0	0	0
5	1	5	1	4	0	0	3
6	1	6	0	0	1	0	1
7	1	5	5	3	3	5	2
8	1	9	0	2	1	2	0
9	1	10	5	3	5	0	0
10	1	10	0	4	0	0	2
11	1	0	0	0	0	0	0
10	8	7	5	6
