10    5    0.472452
0    1    11    1    2    3    4    5    6    7    8    9    10    11    [0]    [0]    [0]    [0]    [0]    [0]    [0]    [0]    [0]    [0]    [0]
1    1    9    2    3    5    6    7    8    9    10    11    [3]    [3]    [3]    [3]    [3]    [3]    [3]    [9]    [3]
2    1    8    3    5    6    7    8    9    10    11    [7]    [5]    [7]    [7]    [15]    [7]    [4]    [7]
3    1    4    7    8    9    11    [10]    [13]    [10]    [10]
4    1    6    3    6    7    8    10    11    [5]    [13]    [5]    [5]    [5]    [5]
5    1    8    2    3    6    7    8    9    10    11    [-6]    [1]    [1]    [0]    [1]    [1]    [1]    [1]
6    1    4    7    8    9    11    [10]    [10]    [7]    [10]
7    1    1    11    [9]
8    1    1    11    [10]
9    1    4    4    6    8    11    [-24]    [-19]    [10]    [10]
10    1    7    1    3    6    7    8    9    11    [-10]    [1]    [1]    [1]    [1]    [1]    [1]
11    1    0
0	1	0	0	0	0	0	0
1	1	3	2	0	3	0	4
2	1	7	4	4	0	0	0
3	1	10	2	3	2	5	3
4	1	5	2	1	0	1	1
5	1	1	0	1	0	0	0
6	1	10	0	3	0	0	0
7	1	9	0	4	4	0	0
8	1	10	0	2	0	0	0
9	1	10	1	2	1	4	5
10	1	1	0	4	0	0	0
11	1	0	0	0	0	0	0
6	6	5	5	6
