10    5    0.386447
0    1    11    1    2    3    4    5    6    7    8    9    10    11    [0]    [0]    [0]    [0]    [0]    [0]    [0]    [0]    [0]    [0]    [0]
1    1    3    9    10    11    [1]    [7]    [3]
2    1    10    1    4    5    6    7    8    9    10    11    5    [8]    [8]    [8]    [0]    [8]    [8]    [8]    [8]    [8]    [-4]
3    1    9    1    4    5    6    7    9    10    11    5    [10]    [10]    [10]    [0]    [10]    [10]    [10]    [10]    [-1]
4    1    6    1    8    9    10    11    9    [3]    [7]    [3]    [3]    [3]    [-1]
5    1    8    1    4    6    7    8    9    10    11    [5]    [5]    [5]    [3]    [5]    [5]    [5]    [5]
6    1    7    1    4    7    8    9    10    11    [5]    [5]    [5]    [10]    [0]    [5]    [5]
7    1    6    1    4    8    9    10    11    [1]    [0]    [1]    [1]    [1]    [1]
8    1    6    3    4    1    9    10    11    [-28]    [-29]    [5]    [5]    [5]    [5]
9    1    1    11    [2]
10    1    2    1    11    [-7]    [7]
11    1    0
0	1	0	0	0	0	0	0
1	1	3	3	4	3	3	5
2	1	8	4	5	2	1	1
3	1	10	3	1	5	5	1
4	1	3	4	1	4	3	2
5	1	5	5	4	3	4	3
6	1	5	3	3	2	3	4
7	1	1	3	1	3	1	5
8	1	5	5	1	5	4	5
9	1	2	4	5	2	1	1
10	1	7	4	2	3	5	5
11	1	0	0	0	0	0	0
8	7	7	7	6
