10    5    0.491152
0    1    11    1    2    3    4    5    6    7    8    9    10    11    [0]    [0]    [0]    [0]    [0]    [0]    [0]    [0]    [0]    [0]    [0]
1    1    8    5    7    8    9    10    11    5    9    [10]    [10]    [10]    [10]    [10]    [10]    [-4]    [-4]
2    1    6    5    7    8    9    10    11    [1]    [4]    [4]    [1]    [4]    [4]
3    1    3    5    7    11    [0]    [25]    [10]
4    1    8    2    5    6    7    8    9    10    11    [10]    [10]    [1]    [10]    [10]    [10]    [10]    [10]
5    1    4    3    7    10    11    [-33]    [6]    [12]    [6]
6    1    6    2    5    7    8    9    11    [1]    [3]    [1]    [1]    [0]    [1]
7    1    2    10    11    [12]    [6]
8    1    3    7    10    11    [-2]    [5]    [5]
9    1    5    5    7    8    10    11    [1]    [1]    [3]    [1]    [1]
10    1    3    3    6    11    [-47]    [-38]    [7]
11    1    0
0	1	0	0	0	0	0	0
1	1	10	3	0	0	0	0
2	1	4	1	4	4	5	2
3	1	10	1	0	0	0	0
4	1	10	1	3	4	5	2
5	1	6	5	4	0	0	4
6	1	1	2	5	0	0	0
7	1	6	5	0	0	1	0
8	1	5	1	5	0	0	0
9	1	1	3	1	0	0	0
10	1	7	0	0	0	3	2
11	1	0	0	0	0	0	0
8	9	7	8	6
