10    5    0.555468
0    1    11    1    2    3    4    5    6    7    8    9    10    11    [0]    [0]    [0]    [0]    [0]    [0]    [0]    [0]    [0]    [0]    [0]
1    1    8    4    5    6    7    8    9    10    11    [3]    [2]    [2]    [3]    [2]    [2]    [2]    [2]
2    1    9    1    4    5    6    7    8    9    10    11    [3]    [7]    [3]    [3]    [2]    [3]    [3]    [3]    [3]
3    1    10    1    2    4    5    6    7    8    9    10    11    [5]    [5]    [5]    [5]    [10]    [5]    [5]    [5]    [5]    [5]
4    1    4    8    9    10    11    [3]    [3]    [4]    [3]
5    1    6    4    7    8    9    10    11    [1]    [29]    [10]    [10]    [10]    [10]
6    1    7    4    5    7    8    9    10    11    [3]    [2]    [3]    [3]    [3]    [3]    [3]
7    1    5    5    8    9    10    11    [-34]    [0]    [1]    [2]    [2]
8    1    3    9    10    11    [8]    [0]    [8]
9    1    1    11    [1]
10    1    2    9    11    [2]    [2]
11    1    0
0	1	0	0	0	0	0	0
1	1	2	0	0	0	2	0
2	1	3	2	3	3	4	0
3	1	5	5	2	5	5	4
4	1	3	5	4	5	0	3
5	1	10	2	2	2	3	5
6	1	3	1	4	0	4	1
7	1	2	0	0	0	3	1
8	1	8	3	4	2	1	4
9	1	1	5	0	1	2	4
10	1	2	3	3	0	4	5
11	1	0	0	0	0	0	0
5	5	5	5	5
