10    5    0.599581
0    1    11    1    2    3    4    5    6    7    8    9    10    11    [0]    [0]    [0]    [0]    [0]    [0]    [0]    [0]    [0]    [0]    [0]
1    1    9    2    3    5    6    7    8    9    10    11    [8]    [8]    [15]    [8]    [1]    [8]    [8]    [8]    [8]
2    1    4    6    9    10    11    [5]    [6]    [6]    [6]
3    1    8    2    5    6    7    8    9    10    11    [6]    [6]    [7]    [6]    [6]    [6]    [6]    [6]
4    1    9    2    3    5    6    7    8    9    10    11    [9]    [9]    [8]    [9]    [14]    [9]    [9]    [9]    [9]
5    1    6    2    6    8    9    10    11    [5]    [5]    [0]    [5]    [5]    [5]
6    1    5    2    9    10    11    9    [-6]    [3]    [3]    [3]    [-2]
7    1    7    2    5    6    8    9    10    11    [9]    [9]    [9]    [14]    [9]    [9]    [9]
8    1    5    2    6    9    10    11    [8]    [22]    [8]    [8]    [8]
9    1    2    10    11    [2]    [1]
10    1    1    11    [8]
11    1    0
0	1	0	0	0	0	0	0
1	1	8	1	4	3	1	3
2	1	6	1	1	3	2	5
3	1	6	4	4	3	2	5
4	1	9	4	1	1	3	4
5	1	5	5	2	4	2	3
6	1	3	5	1	2	4	4
7	1	9	1	5	3	5	1
8	1	8	5	3	2	2	4
9	1	1	3	5	4	2	5
10	1	8	1	3	3	1	2
11	1	0	0	0	0	0	0
7	7	6	6	9
