10    5    0.381629
0    1    11    1    2    3    4    5    6    7    8    9    10    11    [0]    [0]    [0]    [0]    [0]    [0]    [0]    [0]    [0]    [0]    [0]
1    1    5    2    4    6    10    11    [1]    [1]    [1]    [1]    [1]
2    1    2    10    11    [7]    [3]
3    1    11    1    2    4    5    6    7    8    9    10    11    5    [3]    [3]    [3]    [3]    [3]    [3]    [3]    [3]    [3]    [3]    [-1]
4    1    3    2    10    11    [8]    [17]    [8]
5    1    8    1    2    4    7    8    9    10    11    [9]    [9]    [9]    [13]    [9]    [9]    [9]    [9]
6    1    6    5    2    4    10    11    9    [-34]    [9]    [21]    [9]    [9]    [-15]
7    1    8    1    2    4    6    9    10    11    8    [7]    [7]    [7]    [7]    [7]    [7]    [7]    [-5]
8    1    7    1    2    4    6    9    10    11    [5]    [5]    [5]    [5]    [12]    [5]    [5]
9    1    5    6    2    4    10    11    [-1]    [2]    [2]    [2]    [2]
10    1    2    2    11    [-9]    [5]
11    1    0
0	1	0	0	0	0	0	0
1	1	1	5	0	2	5	0
2	1	3	2	2	2	5	2
3	1	3	0	2	0	5	2
4	1	8	1	4	3	3	4
5	1	9	2	0	5	3	3
6	1	9	5	1	1	0	4
7	1	7	3	4	1	3	4
8	1	5	0	2	5	5	4
9	1	2	0	0	2	0	0
10	1	5	5	2	5	1	0
11	1	0	0	0	0	0	0
6	5	6	7	5
