10    5    0.485105
0    1    11    1    2    3    4    5    6    7    8    9    10    11    [0]    [0]    [0]    [0]    [0]    [0]    [0]    [0]    [0]    [0]    [0]
1    1    6    3    6    8    9    10    11    [8]    [0]    [14]    [8]    [8]    [8]
2    1    7    3    5    7    8    9    10    11    [4]    [4]    [1]    [4]    [4]    [4]    [4]
3    1    2    10    11    [19]    [10]
4    1    7    2    3    8    9    10    11    5    [-31]    [5]    [5]    [10]    [5]    [5]    [-2]
5    1    6    3    6    8    9    10    11    [1]    [0]    [1]    [1]    [1]    [1]
6    1    6    2    3    8    9    10    11    [-36]    [12]    [10]    [10]    [10]    [10]
7    1    5    3    4    8    9    11    [7]    [2]    [6]    [7]    [7]
8    1    4    3    9    10    11    [0]    [2]    [1]    [1]
9    1    1    11    [2]
10    1    3    3    7    11    [-38]    [-41]    [1]
11    1    0
0	1	0	0	0	0	0	0
1	1	8	0	3	4	0	1
2	1	4	5	5	5	3	4
3	1	10	2	1	4	3	2
4	1	5	1	0	0	4	0
5	1	1	3	2	0	5	1
6	1	10	5	5	2	2	1
7	1	7	0	0	3	2	0
8	1	1	5	3	2	3	5
9	1	2	4	3	0	0	1
10	1	1	3	5	0	3	4
11	1	0	0	0	0	0	0
9	10	10	9	6
