10    5    0.329729
0    1    11    1    2    3    4    5    6    7    8    9    10    11    [0]    [0]    [0]    [0]    [0]    [0]    [0]    [0]    [0]    [0]    [0]
1    1    9    3    4    5    6    7    9    10    11    4    [9]    [9]    [9]    [9]    [5]    [9]    [9]    [9]    [-7]
2    1    9    3    4    5    6    7    8    9    10    11    [6]    [10]    [6]    [6]    [3]    [6]    [6]    [6]    [6]
3    1    3    9    11    8    [0]    [9]    [-5]
4    1    6    3    5    6    8    11    10    [9]    [9]    [18]    [9]    [9]    [-3]
5    1    4    3    8    9    11    [9]    [7]    [13]    [9]
6    1    5    3    5    8    9    11    [27]    [11]    [9]    [9]    [9]
7    1    7    3    4    5    6    8    10    11    [13]    [9]    [23]    [9]    [9]    [9]    [9]
8    1    4    1    3    9    11    [-95]    [-23]    [7]    [7]
9    1    4    4    5    7    11    [-84]    [-41]    [-74]    [3]
10    1    6    3    5    6    8    9    11    [4]    [4]    [4]    [4]    [4]    [4]
11    1    0
0	1	0	0	0	0	0	0
1	1	9	3	0	0	2	3
2	1	6	0	0	5	3	2
3	1	9	4	0	5	2	4
4	1	9	0	4	1	2	5
5	1	9	2	1	2	1	5
6	1	9	1	1	2	5	5
7	1	9	2	4	4	1	5
8	1	7	0	5	5	1	3
9	1	3	0	0	3	3	1
10	1	4	2	1	0	0	0
11	1	0	0	0	0	0	0
5	5	5	5	6
