10    5    0.628819
0    1    11    1    2    3    4    5    6    7    8    9    10    11    [0]    [0]    [0]    [0]    [0]    [0]    [0]    [0]    [0]    [0]    [0]
1    1    8    4    5    7    8    9    10    11    6    [9]    [26]    [4]    [9]    [9]    [9]    [9]    [-4]
2    1    11    1    3    4    5    6    7    8    9    10    11    5    [8]    [8]    [8]    [8]    [22]    [1]    [8]    [8]    [8]    [8]    [-5]
3    1    9    1    4    5    6    7    8    9    10    11    [2]    [6]    [4]    [1]    [2]    [2]    [2]    [2]    [2]
4    1    7    5    8    9    10    11    7    9    [10]    [12]    [10]    [5]    [10]    [-3]    [-5]
5    1    4    8    9    10    11    [18]    [18]    [12]    [6]
6    1    9    1    2    4    5    7    8    9    10    11    [-7]    [-33]    [7]    [7]    [7]    [9]    [18]    [5]    [7]
7    1    6    4    5    8    9    10    11    [3]    [1]    [1]    [1]    [1]    [1]
8    1    2    9    11    [5]    [5]
9    1    1    11    [4]
10    1    4    5    8    9    11    [-15]    [10]    [10]    [10]
11    1    0
0	1	0	0	0	0	0	0
1	1	9	0	0	2	4	5
2	1	8	1	4	3	4	5
3	1	2	1	3	2	3	4
4	1	10	2	0	0	5	5
5	1	6	0	1	3	0	3
6	1	7	5	0	2	0	2
7	1	1	1	1	4	4	0
8	1	5	3	2	2	3	5
9	1	4	3	1	4	3	5
10	1	10	5	0	0	0	3
11	1	0	0	0	0	0	0
6	6	5	6	7
