10    5    0.510508
0    1    11    1    2    3    4    5    6    7    8    9    10    11    [0]    [0]    [0]    [0]    [0]    [0]    [0]    [0]    [0]    [0]    [0]
1    1    9    2    3    4    6    7    8    9    10    11    [2]    [2]    [6]    [2]    [2]    [2]    [2]    [2]    [2]
2    1    10    3    4    5    6    7    8    9    10    11    3    [3]    [1]    [3]    [3]    [3]    [3]    [3]    [3]    [3]    [-1]
3    1    6    6    8    9    10    11    9    [8]    [4]    [4]    [4]    [4]    [-1]
4    1    9    3    5    6    7    8    9    10    11    5    [10]    [10]    [10]    [10]    [12]    [10]    [20]    [10]    [-3]
5    1    8    1    3    6    7    8    9    10    11    [-16]    [10]    [10]    [5]    [10]    [1]    [10]    [10]
6    1    6    8    10    11    7    8    10    [4]    [4]    [4]    [-3]    [-2]    [-2]
7    1    5    3    6    8    10    11    [-13]    [-10]    [7]    [7]    [7]
8    1    2    10    11    [4]    [4]
9    1    5    6    7    8    10    11    [4]    [4]    [4]    [4]    [4]
10    1    1    11    [3]
11    1    0
0	1	0	0	0	0	0	0
1	1	2	3	5	2	4	5
2	1	3	4	1	3	5	3
3	1	4	4	2	4	5	4
4	1	10	5	2	3	4	5
5	1	10	5	3	4	1	5
6	1	4	4	3	3	2	5
7	1	7	4	1	4	4	1
8	1	4	3	3	5	5	3
9	1	4	4	4	4	1	2
10	1	3	5	2	2	3	1
11	1	0	0	0	0	0	0
8	6	7	7	8
