10    5    0.707145
0    1    11    1    2    3    4    5    6    7    8    9    10    11    [0]    [0]    [0]    [0]    [0]    [0]    [0]    [0]    [0]    [0]    [0]
1    1    9    2    5    6    7    8    9    10    11    9    [10]    [10]    [13]    [4]    [10]    [10]    [10]    [10]    [-5]
2    1    6    6    7    8    9    10    11    [6]    [4]    [2]    [4]    [4]    [4]
3    1    7    5    6    7    8    9    10    11    [2]    [2]    [2]    [2]    [2]    [6]    [2]
4    1    7    2    6    7    8    9    10    11    [10]    [10]    [12]    [9]    [10]    [21]    [10]
5    1    5    7    8    9    10    11    [1]    [9]    [5]    [5]    [5]
6    1    2    2    11    [-37]    [9]
7    1    4    1    9    10    11    [-43]    [10]    [10]    [10]
8    1    4    5    9    10    11    [-33]    [10]    [10]    [10]
9    1    1    11    [6]
10    1    2    9    11    [9]    [9]
11    1    0
0	1	0	0	0	0	0	0
1	1	10	1	0	3	4	0
2	1	4	2	0	4	5	0
3	1	2	2	2	0	0	0
4	1	10	4	2	3	0	0
5	1	5	3	1	0	1	0
6	1	9	0	0	1	0	3
7	1	10	2	0	0	4	0
8	1	10	0	0	0	4	0
9	1	6	3	0	3	5	0
10	1	9	3	0	1	5	0
11	1	0	0	0	0	0	0
7	4	6	8	4
