10    5    0.617680
0    1    11    1    2    3    4    5    6    7    8    9    10    11    [0]    [0]    [0]    [0]    [0]    [0]    [0]    [0]    [0]    [0]    [0]
1    1    6    5    6    7    8    10    11    [5]    [22]    [8]    [8]    [8]    [8]
2    1    8    1    5    6    7    8    10    11    6    [9]    [4]    [9]    [9]    [9]    [9]    [9]    [-1]
3    1    8    1    5    6    7    8    9    10    11    [7]    [17]    [19]    [7]    [7]    [7]    [7]    [7]
4    1    8    1    5    6    7    8    9    10    11    [2]    [2]    [3]    [2]    [2]    [4]    [2]    [2]
5    1    6    1    6    7    8    10    11    [-9]    [3]    [3]    [6]    [3]    [3]
6    1    3    7    10    11    [1]    [0]    [1]
7    1    2    10    11    [12]    [6]
8    1    3    6    7    11    [8]    [23]    [8]
9    1    8    4    1    5    6    7    8    10    11    [-5]    [2]    [0]    [2]    [2]    [2]    [2]    [2]
10    1    3    7    8    11    [-31]    [-40]    [1]
11    1    0
0	1	0	0	0	0	0	0
1	1	8	0	1	3	1	0
2	1	9	0	0	0	2	0
3	1	7	0	2	3	0	2
4	1	2	1	2	1	3	2
5	1	3	1	3	0	2	3
6	1	1	1	4	2	4	0
7	1	6	5	4	4	3	0
8	1	8	2	4	1	2	4
9	1	2	0	3	3	3	4
10	1	1	4	5	1	1	1
11	1	0	0	0	0	0	0
5	5	5	5	5
