10    5    0.408568
0    1    11    1    2    3    4    5    6    7    8    9    10    11    [0]    [0]    [0]    [0]    [0]    [0]    [0]    [0]    [0]    [0]    [0]
1    1    3    9    10    11    [6]    [18]    [6]
2    1    9    1    3    4    5    6    8    9    10    11    [4]    [4]    [4]    [4]    [2]    [4]    [4]    [4]    [4]
3    1    7    1    7    8    9    10    11    8    [5]    [5]    [5]    [5]    [5]    [5]    [-3]
4    1    9    1    3    5    7    8    9    10    11    5    [7]    [7]    [7]    [7]    [7]    [7]    [7]    [7]    [-4]
5    1    6    3    1    7    9    10    11    [-4]    [8]    [8]    [8]    [8]    [8]
6    1    9    1    3    4    5    7    8    9    10    11    [9]    [9]    [3]    [9]    [9]    [9]    [9]    [9]    [9]
7    1    4    2    9    10    11    [-58]    [5]    [1]    [3]
8    1    6    5    1    7    9    10    11    [-8]    [10]    [30]    [10]    [10]    [10]
9    1    1    11    [7]
10    1    2    1    11    [-18]    [10]
11    1    0
0	1	0	0	0	0	0	0
1	1	6	3	1	3	1	1
2	1	4	3	0	2	0	2
3	1	5	2	2	5	3	2
4	1	7	1	2	1	5	4
5	1	8	2	2	0	2	0
6	1	9	2	0	0	0	1
7	1	3	1	5	1	2	4
8	1	10	0	2	4	0	0
9	1	7	3	1	3	0	4
10	1	10	0	3	2	1	1
11	1	0	0	0	0	0	0
4	6	7	6	5
