10    5    0.457989
0    1    11    1    2    3    4    5    6    7    8    9    10    11    [0]    [0]    [0]    [0]    [0]    [0]    [0]    [0]    [0]    [0]    [0]
1    1    5    6    7    8    10    11    [18]    [10]    [10]    [10]    [10]
2    1    6    6    7    8    9    10    11    [1]    [1]    [1]    [3]    [1]    [1]
3    1    8    2    4    5    6    7    9    10    11    [6]    [6]    [6]    [6]    [12]    [13]    [6]    [6]
4    1    8    2    5    6    7    8    9    10    11    [3]    [3]    [3]    [3]    [3]    [9]    [3]    [3]
5    1    5    6    8    9    10    11    [2]    [2]    [5]    [2]    [2]
6    1    3    8    10    11    [10]    [1]    [10]
7    1    4    6    8    10    11    [10]    [18]    [10]    [10]
8    1    3    3    10    11    [-37]    [5]    [5]
9    1    5    5    6    8    10    11    [-6]    [3]    [3]    [3]    [3]
10    1    1    11    [3]
11    1    0
0	1	0	0	0	0	0	0
1	1	10	2	5	0	0	0
2	1	1	4	4	0	0	0
3	1	6	1	4	0	2	3
4	1	3	0	3	3	4	0
5	1	2	0	1	1	0	0
6	1	10	5	0	4	5	0
7	1	10	5	0	0	0	1
8	1	5	4	2	4	2	0
9	1	3	0	1	0	5	0
10	1	3	0	0	0	5	0
11	1	0	0	0	0	0	0
6	11	4	6	4
