10    5    0.539883
0    1    11    1    2    3    4    5    6    7    8    9    10    11    [0]    [0]    [0]    [0]    [0]    [0]    [0]    [0]    [0]    [0]    [0]
1    1    9    3    4    5    6    7    8    10    11    5    [6]    [6]    [6]    [6]    [6]    [18]    [6]    [6]    [-1]
2    1    8    3    4    6    7    8    9    10    11    [8]    [3]    [8]    [8]    [8]    [8]    [8]    [8]
3    1    4    9    10    11    6    [8]    [14]    [8]    [-5]
4    1    7    3    6    7    8    9    10    11    [15]    [9]    [9]    [9]    [9]    [9]    [9]
5    1    9    2    3    4    6    7    8    9    10    11    [-2]    [4]    [4]    [4]    [4]    [4]    [4]    [4]    [4]
6    1    5    7    9    10    11    7    [4]    [10]    [4]    [4]    [-3]
7    1    2    10    11    [10]    [10]
8    1    3    7    10    11    [6]    [6]    [6]
9    1    3    1    6    11    [-47]    [-50]    [8]
10    1    1    11    [4]
11    1    0
0	1	0	0	0	0	0	0
1	1	6	0	2	2	4	2
2	1	8	0	0	0	4	0
3	1	8	0	3	1	1	4
4	1	9	5	3	5	4	5
5	1	4	3	0	5	1	1
6	1	4	3	4	3	4	1
7	1	10	0	3	0	0	5
8	1	6	1	4	3	2	5
9	1	8	4	2	0	1	2
10	1	4	0	5	1	2	1
11	1	0	0	0	0	0	0
5	8	6	9	10
