10    5    0.516958
0    1    11    1    2    3    4    5    6    7    8    9    10    11    [0]    [0]    [0]    [0]    [0]    [0]    [0]    [0]    [0]    [0]    [0]
1    1    10    3    4    5    6    7    8    9    10    11    4    [4]    [4]    [4]    [4]    [4]    [4]    [4]    [4]    [4]    [-1]
2    1    10    1    3    4    5    6    7    8    9    10    11    [4]    [4]    [4]    [4]    [4]    [4]    [8]    [4]    [4]    [4]
3    1    3    9    10    11    [12]    [13]    [6]
4    1    7    3    6    7    9    10    11    7    [5]    [14]    [5]    [5]    [5]    [5]    [-9]
5    1    6    4    3    6    9    10    11    [-7]    [12]    [10]    [10]    [10]    [10]
6    1    5    3    9    10    11    7    [7]    [13]    [7]    [7]    [-17]
7    1    5    3    5    9    10    11    [1]    [1]    [1]    [1]    [1]
8    1    9    2    3    4    5    6    7    9    10    11    [-8]    [9]    [9]    [9]    [9]    [14]    [9]    [9]    [9]
9    1    2    10    11    [4]    [4]
10    1    1    11    [5]
11    1    0
0	1	0	0	0	0	0	0
1	1	4	2	4	1	2	3
2	1	4	5	3	1	4	1
3	1	6	3	5	3	1	1
4	1	5	2	1	4	1	2
5	1	10	3	4	3	2	4
6	1	7	2	4	4	1	3
7	1	1	5	3	1	3	4
8	1	9	5	2	4	5	4
9	1	4	5	3	1	3	3
10	1	5	5	2	5	3	3
11	1	0	0	0	0	0	0
5	5	5	5	5
