10    5    0.937657
0    1    11    1    2    3    4    5    6    7    8    9    10    11    [0]    [0]    [0]    [0]    [0]    [0]    [0]    [0]    [0]    [0]    [0]
1    1    6    6    7    8    9    10    11    [1]    [1]    [2]    [0]    [2]    [1]
2    1    6    6    7    8    9    10    11    [9]    [21]    [21]    [9]    [9]    [9]
3    1    5    4    9    10    11    7    [6]    [6]    [6]    [6]    [-1]
4    1    3    9    10    11    [4]    [6]    [6]
5    1    8    1    6    7    8    9    10    11    7    [3]    [7]    [3]    [5]    [3]    [3]    [3]    [-2]
6    1    2    10    11    [13]    [5]
7    1    4    2    9    10    11    [-25]    [9]    [9]    [9]
8    1    1    11    [10]
9    1    2    10    11    [2]    [2]
10    1    2    6    11    [-14]    [5]
11    1    0
0	1	0	0	0	0	0	0
1	1	1	0	2	0	5	2
2	1	9	3	0	1	0	0
3	1	6	0	0	4	0	1
4	1	6	0	0	4	0	0
5	1	3	0	0	0	4	2
6	1	5	0	0	0	5	0
7	1	9	0	4	0	0	4
8	1	10	1	0	1	2	0
9	1	2	4	2	3	0	1
10	1	5	4	2	3	5	5
11	1	0	0	0	0	0	0
6	4	8	7	5
