10    5    0.700627
0    1    11    1    2    3    4    5    6    7    8    9    10    11    [0]    [0]    [0]    [0]    [0]    [0]    [0]    [0]    [0]    [0]    [0]
1    1    9    2    4    5    6    7    8    9    10    11    [10]    [10]    [10]    [10]    [28]    [24]    [10]    [10]    [10]
2    1    8    4    5    6    7    8    9    10    11    [6]    [9]    [6]    [6]    [6]    [6]    [6]    [6]
3    1    4    8    9    10    11    [5]    [4]    [4]    [2]
4    1    5    6    8    9    10    11    [6]    [7]    [7]    [7]    [7]
5    1    7    2    4    6    8    9    10    11    [-15]    [6]    [3]    [3]    [3]    [3]    [3]
6    1    4    4    8    11    7    [-26]    [15]    [9]    [-2]
7    1    8    4    5    6    8    9    10    11    9    [-30]    [-19]    [-7]    [6]    [6]    [0]    [6]    [-3]
8    1    1    11    [7]
9    1    2    8    11    [7]    [7]
10    1    3    8    9    11    [1]    [1]    [1]
11    1    0
0	1	0	0	0	0	0	0
1	1	10	0	3	0	2	0
2	1	6	1	4	5	1	1
3	1	2	0	0	0	1	0
4	1	7	0	1	5	0	5
5	1	3	0	0	0	0	1
6	1	9	1	0	0	0	0
7	1	6	5	0	4	4	2
8	1	7	0	4	0	0	0
9	1	7	5	3	0	4	4
10	1	1	0	1	0	5	5
11	1	0	0	0	0	0	0
8	6	5	9	8
