10    5    0.451872
0    1    11    1    2    3    4    5    6    7    8    9    10    11    [0]    [0]    [0]    [0]    [0]    [0]    [0]    [0]    [0]    [0]    [0]
1    1    9    2    3    4    5    6    8    9    10    11    [3]    [3]    [3]    [8]    [3]    [3]    [3]    [3]    [3]
2    1    9    3    4    5    6    7    8    9    10    11    [7]    [6]    [3]    [3]    [3]    [3]    [9]    [2]    [3]
3    1    4    7    8    11    5    [0]    [3]    [1]    [-44]
4    1    4    3    7    8    11    [2]    [6]    [1]    [2]
5    1    6    4    6    7    8    9    11    [1]    [0]    [1]    [1]    [1]    [1]
6    1    6    3    4    8    9    11    10    [24]    [7]    [8]    [17]    [8]    [-3]
7    1    3    1    6    11    [-38]    [-46]    [2]
8    1    1    11    [8]
9    1    1    11    [2]
10    1    8    5    3    4    5    7    8    9    11    [-15]    [2]    [2]    [2]    [2]    [2]    [2]    [2]
11    1    0
0	1	0	0	0	0	0	0
1	1	3	2	0	0	4	3
2	1	3	4	0	5	5	0
3	1	1	3	3	5	0	2
4	1	2	0	0	3	0	0
5	1	1	2	1	0	5	1
6	1	8	0	0	2	4	0
7	1	2	0	0	0	5	0
8	1	8	4	0	1	0	0
9	1	2	0	0	0	1	0
10	1	2	5	3	5	0	1
11	1	0	0	0	0	0	0
6	3	5	7	4
