10    5    0.458698
0    1    11    1    2    3    4    5    6    7    8    9    10    11    [0]    [0]    [0]    [0]    [0]    [0]    [0]    [0]    [0]    [0]    [0]
1    1    10    2    3    4    5    6    7    8    9    10    11    [4]    [4]    [4]    [4]    [4]    [4]    [0]    [4]    [4]    [4]
2    1    8    3    4    5    6    7    9    10    11    [7]    [7]    [7]    [21]    [7]    [7]    [7]    [7]
3    1    4    11    4    5    10    [7]    [-18]    [-17]    [-6]
4    1    4    5    9    10    11    [6]    [2]    [2]    [2]
5    1    4    4    3    10    11    [-20]    [5]    [5]    [5]
6    1    6    3    4    5    9    10    11    [4]    [1]    [4]    [3]    [4]    [4]
7    1    7    3    4    5    6    9    10    11    [2]    [1]    [2]    [2]    [0]    [2]    [2]
8    1    9    2    3    4    5    6    7    9    10    11    [10]    [10]    [10]    [10]    [10]    [26]    [10]    [10]    [10]
9    1    3    3    10    11    [4]    [4]    [4]
10    1    2    3    11    [-7]    [8]
11    1    0
0	1	0	0	0	0	0	0
1	1	4	4	1	4	3	4
2	1	7	2	4	2	5	1
3	1	7	3	4	5	1	1
4	1	2	2	5	2	5	2
5	1	5	4	2	1	1	1
6	1	4	2	5	2	3	1
7	1	2	5	4	4	3	5
8	1	10	5	1	4	5	1
9	1	4	1	2	4	2	3
10	1	8	3	5	3	2	3
11	1	0	0	0	0	0	0
5	5	5	5	5
