10    5    0.734810
0    1    11    1    2    3    4    5    6    7    8    9    10    11    [0]    [0]    [0]    [0]    [0]    [0]    [0]    [0]    [0]    [0]    [0]
1    1    8    3    5    6    7    8    9    10    11    [3]    [3]    [1]    [3]    [3]    [3]    [3]    [3]
2    1    8    3    5    6    7    8    9    10    11    [2]    [2]    [0]    [2]    [2]    [2]    [0]    [2]
3    1    7    7    8    9    10    11    7    9    [8]    [5]    [8]    [8]    [8]    [-5]    [-7]
4    1    9    3    5    6    7    8    9    10    11    7    [3]    [3]    [8]    [3]    [3]    [3]    [3]    [3]    [-2]
5    1    5    7    8    9    10    11    [4]    [27]    [15]    [10]    [10]
6    1    8    4    3    5    7    8    9    10    11    [-9]    [6]    [6]    [6]    [16]    [16]    [6]    [6]
7    1    3    8    10    11    [5]    [5]    [5]
8    1    1    11    [10]
9    1    4    5    8    10    11    [-15]    [10]    [10]    [10]
10    1    2    7    11    [-5]    [9]
11    1    0
0	1	0	0	0	0	0	0
1	1	3	1	5	2	5	4
2	1	2	3	0	0	3	1
3	1	8	1	4	5	3	3
4	1	3	0	0	5	0	0
5	1	10	5	0	1	3	2
6	1	6	0	0	5	5	4
7	1	5	2	4	3	0	0
8	1	10	1	2	2	4	2
9	1	10	1	0	5	5	4
10	1	9	2	2	4	2	5
11	1	0	0	0	0	0	0
6	7	9	8	7
