10    5    0.706155
0    1    11    1    2    3    4    5    6    7    8    9    10    11    [0]    [0]    [0]    [0]    [0]    [0]    [0]    [0]    [0]    [0]    [0]
1    1    3    9    10    11    [15]    [10]    [10]
2    1    9    1    3    5    6    8    9    10    11    6    [4]    [4]    [12]    [4]    [4]    [4]    [4]    [4]    [-2]
3    1    7    1    6    8    9    10    11    7    [7]    [7]    [2]    [7]    [7]    [7]    [-5]
4    1    8    1    5    6    7    8    9    10    11    [7]    [7]    [7]    [0]    [14]    [7]    [7]    [7]
5    1    3    9    10    11    [22]    [9]    [9]
6    1    4    9    10    11    8    [0]    [2]    [2]    [-8]
7    1    8    4    1    5    6    8    9    10    11    [-4]    [7]    [6]    [13]    [7]    [7]    [7]    [7]
8    1    6    5    6    1    9    10    11    [-1]    [-1]    [9]    [9]    [9]    [9]
9    1    3    5    10    11    [-26]    [3]    [8]
10    1    1    11    [1]
11    1    0
0	1	0	0	0	0	0	0
1	1	10	4	5	5	0	0
2	1	4	0	0	0	4	3
3	1	7	0	0	3	5	4
4	1	7	2	2	3	2	2
5	1	9	0	1	0	0	1
6	1	2	0	0	0	2	0
7	1	7	5	4	0	0	0
8	1	9	4	0	0	4	0
9	1	8	0	5	0	5	0
10	1	1	0	2	4	0	3
11	1	0	0	0	0	0	0
7	7	7	7	6
