10    5    0.447273
0    1    11    1    2    3    4    5    6    7    8    9    10    11    [0]    [0]    [0]    [0]    [0]    [0]    [0]    [0]    [0]    [0]    [0]
1    1    10    2    3    4    5    6    7    8    9    10    11    [1]    [1]    [0]    [1]    [1]    [1]    [1]    [1]    [1]    [1]
2    1    8    3    5    6    7    8    9    10    11    [8]    [8]    [20]    [8]    [8]    [8]    [18]    [8]
3    1    5    5    6    8    10    11    [23]    [10]    [16]    [10]    [10]
4    1    8    3    5    6    7    9    10    11    7    [8]    [8]    [8]    [8]    [8]    [8]    [8]    [-2]
5    1    3    9    10    11    [6]    [2]    [6]
6    1    5    5    8    9    10    11    [5]    [4]    [5]    [5]    [5]
7    1    7    3    5    6    8    9    10    11    [11]    [5]    [5]    [5]    [5]    [5]    [5]
8    1    5    4    5    9    10    11    [-36]    [7]    [18]    [7]    [7]
9    1    2    3    11    [-69]    [5]
10    1    3    5    9    11    [-60]    [7]    [7]
11    1    0
0	1	0	0	0	0	0	0
1	1	1	2	4	5	4	1
2	1	8	3	2	3	2	3
3	1	10	2	4	3	1	4
4	1	8	3	4	4	5	1
5	1	6	3	1	4	4	1
6	1	5	1	1	4	3	5
7	1	5	2	3	2	5	5
8	1	7	4	4	5	5	2
9	1	5	4	4	4	2	5
10	1	7	3	1	4	5	3
11	1	0	0	0	0	0	0
6	6	7	8	6
