10    5    0.528594
0    1    11    1    2    3    4    5    6    7    8    9    10    11    [0]    [0]    [0]    [0]    [0]    [0]    [0]    [0]    [0]    [0]    [0]
1    1    5    6    7    8    9    11    [6]    [14]    [6]    [6]    [6]
2    1    8    4    5    6    7    8    9    10    11    [7]    [0]    [7]    [21]    [7]    [7]    [7]    [7]
3    1    8    4    5    6    7    8    9    10    11    [5]    [5]    [5]    [5]    [13]    [5]    [5]    [5]
4    1    5    7    8    9    11    10    [3]    [0]    [0]    [3]    [-1]
5    1    7    4    6    7    8    9    10    11    [3]    [7]    [3]    [3]    [3]    [3]    [3]
6    1    5    5    7    8    11    10    [-7]    [4]    [4]    [4]    [-1]
7    1    3    2    8    11    [-22]    [9]    [9]
8    1    1    11    [7]
9    1    3    7    8    11    [3]    [3]    [3]
10    1    4    4    7    8    11    [0]    [6]    [6]    [6]
11    1    0
0	1	0	0	0	0	0	0
1	1	6	0	0	2	0	0
2	1	7	3	3	0	2	4
3	1	5	0	0	0	1	0
4	1	3	0	1	2	5	0
5	1	3	4	0	0	5	4
6	1	4	0	0	3	0	0
7	1	9	5	4	0	0	0
8	1	7	5	5	0	4	1
9	1	3	3	1	4	0	5
10	1	6	0	5	0	1	0
11	1	0	0	0	0	0	0
6	8	7	7	7
