10    5    0.542424
0    1    11    1    2    3    4    5    6    7    8    9    10    11    [0]    [0]    [0]    [0]    [0]    [0]    [0]    [0]    [0]    [0]    [0]
1    1    7    4    5    6    8    9    10    11    [2]    [2]    [1]    [3]    [2]    [2]    [2]
2    1    9    4    5    6    7    8    9    10    11    8    [1]    [3]    [3]    [3]    [3]    [3]    [3]    [3]    [-1]
3    1    9    2    4    5    6    7    8    9    10    11    [1]    [1]    [0]    [0]    [1]    [2]    [1]    [1]    [1]
4    1    5    9    10    11    6    7    [3]    [1]    [1]    [-21]    [-18]
5    1    6    4    7    8    9    10    11    [2]    [3]    [2]    [2]    [2]    [2]
6    1    5    7    8    9    10    11    [5]    [5]    [5]    [13]    [5]
7    1    7    1    6    4    8    9    10    11    [-11]    [-12]    [15]    [5]    [5]    [5]    [5]
8    1    3    9    10    11    [0]    [7]    [3]
9    1    1    11    [4]
10    1    3    8    9    11    [-7]    [9]    [9]
11    1    0
0	1	0	0	0	0	0	0
1	1	2	5	1	3	4	1
2	1	3	1	4	3	3	4
3	1	1	1	4	3	1	3
4	1	1	3	1	4	2	5
5	1	2	2	1	2	2	4
6	1	5	3	5	5	4	1
7	1	5	4	1	2	1	1
8	1	3	3	5	3	2	1
9	1	4	5	2	4	2	3
10	1	9	2	2	4	1	5
11	1	0	0	0	0	0	0
6	7	7	7	7
