10    5    0.814673
0    1    11    1    2    3    4    5    6    7    8    9    10    11    [0]    [0]    [0]    [0]    [0]    [0]    [0]    [0]    [0]    [0]    [0]
1    1    8    5    6    7    8    9    10    11    5    [2]    [2]    [2]    [2]    [2]    [2]    [2]    [-1]
2    1    5    5    6    9    10    11    [3]    [9]    [3]    [3]    [3]
3    1    5    5    7    9    10    11    [1]    [0]    [1]    [1]    [1]
4    1    4    5    9    10    11    [6]    [4]    [6]    [6]
5    1    3    10    11    6    [16]    [9]    [-2]
6    1    4    5    9    10    11    [0]    [5]    [2]    [2]
7    1    4    5    9    10    11    [1]    [1]    [1]    [1]
8    1    6    1    5    7    9    10    11    [-3]    [1]    [1]    [1]    [1]    [1]
9    1    1    11    [8]
10    1    1    11    [8]
11    1    0
0	1	0	0	0	0	0	0
1	1	2	0	0	4	3	1
2	1	3	0	0	0	1	4
3	1	1	0	0	0	2	0
4	1	6	2	3	4	1	0
5	1	9	0	5	2	2	0
6	1	2	0	0	0	0	4
7	1	1	0	3	3	5	0
8	1	1	0	3	1	0	0
9	1	8	0	0	4	3	0
10	1	8	1	0	3	2	2
11	1	0	0	0	0	0	0
2	6	8	9	5
