10    5    0.207357
0    1    11    1    2    3    4    5    6    7    8    9    10    11    [0]    [0]    [0]    [0]    [0]    [0]    [0]    [0]    [0]    [0]    [0]
1    1    9    2    3    4    5    6    7    9    10    11    [8]    [8]    [8]    [5]    [8]    [8]    [8]    [8]    [8]
2    1    9    3    4    6    7    8    9    10    11    7    [6]    [6]    [6]    [6]    [12]    [8]    [5]    [6]    [-2]
3    1    3    8    10    11    [7]    [8]    [5]
4    1    8    3    6    7    8    9    10    11    7    [8]    [21]    [8]    [8]    [8]    [8]    [8]    [-7]
5    1    6    2    3    4    7    9    11    [2]    [2]    [4]    [2]    [2]    [2]
6    1    6    5    3    8    9    10    11    [-42]    [9]    [3]    [0]    [3]    [3]
7    1    6    3    6    8    9    10    11    [4]    [4]    [4]    [4]    [4]    [4]
8    1    4    1    5    10    11    [-55]    [-53]    [5]    [5]
9    1    4    3    8    10    11    [10]    [10]    [10]    [10]
10    1    2    5    11    [-56]    [5]
11    1    0
0	1	0	0	0	0	0	0
1	1	8	2	5	1	1	4
2	1	6	2	5	1	2	2
3	1	5	1	1	4	4	3
4	1	8	3	4	4	3	4
5	1	2	1	5	2	5	5
6	1	3	3	4	2	1	3
7	1	4	3	4	3	4	3
8	1	5	1	1	1	1	5
9	1	10	1	4	3	3	2
10	1	5	1	4	5	5	4
11	1	0	0	0	0	0	0
4	9	6	7	7
