10    5    0.466347
0    1    11    1    2    3    4    5    6    7    8    9    10    11    [0]    [0]    [0]    [0]    [0]    [0]    [0]    [0]    [0]    [0]    [0]
1    1    10    3    4    5    6    7    8    9    10    11    3    [10]    [10]    [10]    [10]    [10]    [10]    [10]    [10]    [10]    [-7]
2    1    9    3    4    5    6    7    8    9    10    11    [22]    [8]    [8]    [8]    [8]    [8]    [17]    [8]    [8]
3    1    6    4    6    7    8    10    11    [6]    [6]    [6]    [6]    [13]    [6]
4    1    2    8    11    [20]    [10]
5    1    6    3    4    4    8    11    6    [-38]    [-7]    [10]    [10]    [10]    [-33]
6    1    4    4    5    8    11    [10]    [15]    [10]    [10]
7    1    7    3    4    5    6    8    10    11    [-21]    [3]    [3]    [9]    [3]    [3]    [3]
8    1    2    4    11    [-20]    [9]
9    1    8    3    4    5    6    7    8    10    11    [1]    [1]    [1]    [1]    [1]    [1]    [1]    [1]
10    1    5    4    5    6    8    11    [5]    [5]    [5]    [5]    [5]
11    1    0
0	1	0	0	0	0	0	0
1	1	10	3	4	3	2	3
2	1	8	1	0	1	1	2
3	1	6	3	4	3	2	4
4	1	10	3	0	2	0	0
5	1	10	3	0	1	1	2
6	1	10	2	4	4	1	3
7	1	3	0	1	1	4	0
8	1	9	0	5	3	0	0
9	1	1	2	1	4	5	3
10	1	5	0	0	5	2	4
11	1	0	0	0	0	0	0
4	5	6	5	6
