10    5    0.684933
0    1    11    1    2    3    4    5    6    7    8    9    10    11    [0]    [0]    [0]    [0]    [0]    [0]    [0]    [0]    [0]    [0]    [0]
1    1    10    2    3    4    5    6    7    8    9    10    11    [1]    [0]    [1]    [1]    [1]    [1]    [1]    [1]    [1]    [1]
2    1    5    6    7    8    11    4    [3]    [2]    [4]    [2]    [-23]
3    1    9    2    4    5    6    7    8    9    10    11    [2]    [2]    [3]    [2]    [2]    [2]    [2]    [6]    [2]
4    1    6    2    6    7    8    9    11    [21]    [9]    [9]    [9]    [9]    [9]
5    1    8    4    2    6    7    8    9    10    11    [-1]    [4]    [4]    [4]    [4]    [4]    [4]    [4]
6    1    3    7    11    7    [3]    [3]    [-1]
7    1    1    11    [2]
8    1    1    11    [7]
9    1    5    2    6    7    8    11    [7]    [7]    [7]    [7]    [7]
10    1    6    2    6    7    8    9    11    [5]    [5]    [5]    [5]    [5]    [5]
11    1    0
0	1	0	0	0	0	0	0
1	1	1	4	2	3	2	1
2	1	2	3	3	1	1	5
3	1	2	5	1	2	3	3
4	1	9	1	1	2	4	3
5	1	4	3	4	3	2	3
6	1	3	3	5	1	3	4
7	1	2	4	5	5	4	2
8	1	7	3	3	1	4	1
9	1	7	5	5	5	5	5
10	1	5	2	5	2	5	1
11	1	0	0	0	0	0	0
7	8	7	10	7
