10    5    0.379128
0    1    11    1    2    3    4    5    6    7    8    9    10    11    [0]    [0]    [0]    [0]    [0]    [0]    [0]    [0]    [0]    [0]    [0]
1    1    10    2    3    4    5    6    7    8    9    10    11    [4]    [4]    [11]    [4]    [4]    [4]    [4]    [4]    [4]    [4]
2    1    8    4    5    6    7    9    10    11    8    [4]    [4]    [4]    [7]    [4]    [4]    [4]    [-1]
3    1    7    5    6    7    8    9    10    11    [1]    [2]    [1]    [1]    [1]    [1]    [1]
4    1    8    1    5    6    7    8    9    10    11    [-13]    [1]    [1]    [1]    [3]    [1]    [1]    [1]
5    1    5    6    9    10    11    7    [0]    [1]    [3]    [1]    [-11]
6    1    6    3    5    9    10    11    7    [-18]    [-10]    [2]    [3]    [3]    [-13]
7    1    4    5    9    10    11    [0]    [2]    [2]    [2]
8    1    7    2    5    6    7    9    10    11    [-7]    [9]    [9]    [9]    [9]    [9]    [9]
9    1    1    11    [9]
10    1    1    11    [3]
11    1    0
0	1	0	0	0	0	0	0
1	1	4	1	1	3	5	0
2	1	4	0	0	1	4	0
3	1	1	1	1	0	0	5
4	1	1	2	1	4	3	0
5	1	1	3	5	5	4	4
6	1	3	2	4	3	1	3
7	1	2	4	5	1	5	5
8	1	9	4	2	1	5	2
9	1	9	2	0	0	2	0
10	1	3	0	0	5	2	4
11	1	0	0	0	0	0	0
4	5	5	5	5
