10    5    0.711991
0    1    11    1    2    3    4    5    6    7    8    9    10    11    [0]    [0]    [0]    [0]    [0]    [0]    [0]    [0]    [0]    [0]    [0]
1    1    8    3    5    6    7    8    9    10    11    [2]    [2]    [4]    [2]    [2]    [2]    [1]    [2]
2    1    9    1    3    5    6    7    8    9    10    11    [1]    [1]    [1]    [1]    [1]    [0]    [1]    [1]    [1]
3    1    5    10    11    6    7    9    [18]    [7]    [-6]    [-5]    [-2]
4    1    8    3    5    6    7    8    9    10    11    [8]    [8]    [8]    [8]    [9]    [8]    [5]    [8]
5    1    3    9    10    11    [5]    [2]    [2]
6    1    5    3    5    9    10    11    [-3]    [1]    [1]    [1]    [1]
7    1    2    9    11    [2]    [2]
8    1    8    4    3    5    6    7    9    10    11    [-10]    [5]    [5]    [5]    [5]    [5]    [5]    [5]
9    1    2    5    11    [-6]    [8]
10    1    1    11    [6]
11    1    0
0	1	0	0	0	0	0	0
1	1	2	0	2	0	4	0
2	1	1	3	1	0	4	0
3	1	7	0	0	3	3	0
4	1	8	0	5	5	1	0
5	1	2	2	1	0	0	5
6	1	1	0	0	0	0	4
7	1	2	1	4	2	4	0
8	1	5	5	0	0	5	4
9	1	8	0	0	5	0	0
10	1	6	3	0	1	0	4
11	1	0	0	0	0	0	0
5	7	9	7	5
