10    5    0.240111
0    1    11    1    2    3    4    5    6    7    8    9    10    11    [0]    [0]    [0]    [0]    [0]    [0]    [0]    [0]    [0]    [0]    [0]
1    1    8    3    4    5    6    8    9    10    11    [4]    [4]    [4]    [4]    [4]    [1]    [4]    [4]
2    1    7    4    5    6    7    8    9    11    [6]    [6]    [6]    [4]    [6]    [6]    [6]
3    1    8    4    5    6    7    8    9    11    8    [5]    [0]    [5]    [5]    [5]    [5]    [5]    [-1]
4    1    4    6    7    10    11    [4]    [12]    [4]    [4]
5    1    5    4    6    10    11    6    [9]    [5]    [5]    [5]    [-2]
6    1    4    7    10    11    7    [9]    [9]    [9]    [-8]
7    1    4    1    5    10    11    [-64]    [-38]    [2]    [1]
8    1    5    4    6    7    10    11    [0]    [6]    [3]    [3]    [3]
9    1    7    4    5    6    7    8    10    11    [7]    [17]    [7]    [7]    [17]    [7]    [7]
10    1    4    2    3    7    11    [-66]    [-49]    [-53]    [5]
11    1    0
0	1	0	0	0	0	0	0
1	1	4	0	0	4	0	0
2	1	6	2	5	1	0	2
3	1	5	0	2	5	2	1
4	1	4	2	1	4	2	4
5	1	5	5	0	2	1	4
6	1	9	5	3	0	0	5
7	1	1	5	5	5	4	2
8	1	3	1	0	2	3	0
9	1	7	3	4	4	3	1
10	1	5	3	4	0	1	3
11	1	0	0	0	0	0	0
6	7	8	4	7
