10    5    0.574504
0    1    11    1    2    3    4    5    6    7    8    9    10    11    [0]    [0]    [0]    [0]    [0]    [0]    [0]    [0]    [0]    [0]    [0]
1    1    11    2    3    4    5    6    7    8    9    10    11    3    [9]    [9]    [5]    [9]    [9]    [9]    [9]    [9]    [9]    [9]    [-6]
2    1    9    3    4    5    6    7    8    9    11    3    [2]    [0]    [2]    [2]    [2]    [2]    [2]    [2]    [-1]
3    1    8    5    6    7    8    9    10    11    8    [7]    [7]    [4]    [7]    [11]    [3]    [7]    [-1]
4    1    7    5    6    7    8    9    10    11    [0]    [4]    [4]    [4]    [4]    [5]    [4]
5    1    5    6    7    8    9    11    [0]    [10]    [9]    [10]    [10]
6    1    3    7    9    11    [23]    [1]    [8]
7    1    1    11    [1]
8    1    3    7    9    11    [7]    [7]    [7]
9    1    3    6    7    11    [-6]    [6]    [6]
10    1    7    2    3    6    7    8    9    11    [-7]    [-8]    [8]    [8]    [8]    [8]    [8]
11    1    0
0	1	0	0	0	0	0	0
1	1	9	3	4	3	3	3
2	1	2	1	4	2	3	5
3	1	7	5	1	3	1	4
4	1	4	3	1	5	4	3
5	1	10	5	5	1	2	3
6	1	8	4	5	3	3	1
7	1	1	2	4	4	1	2
8	1	7	1	2	3	1	3
9	1	6	3	2	1	4	5
10	1	8	2	1	2	1	1
11	1	0	0	0	0	0	0
9	8	8	7	7
