10    5    0.494817
0    1    11    1    2    3    4    5    6    7    8    9    10    11    [0]    [0]    [0]    [0]    [0]    [0]    [0]    [0]    [0]    [0]    [0]
1    1    5    5    7    9    10    11    [1]    [2]    [5]    [0]    [2]
2    1    8    5    6    7    8    9    10    11    5    [7]    [7]    [7]    [7]    [9]    [12]    [7]    [-4]
3    1    11    1    2    5    6    8    9    10    11    7    9    10    [8]    [8]    [8]    [22]    [2]    [8]    [8]    [8]    [-5]    [-2]    [-4]
4    1    9    1    2    5    6    7    8    9    10    11    [3]    [3]    [3]    [6]    [4]    [9]    [1]    [4]    [3]
5    1    7    6    7    8    9    10    11    6    [8]    [11]    [0]    [8]    [8]    [8]    [-2]
6    1    4    1    3    10    11    [-25]    [-52]    [2]    [2]
7    1    3    3    4    11    [-41]    [-41]    [1]
8    1    7    1    3    4    6    9    10    11    [-36]    [-27]    [-46]    [8]    [8]    [8]    [8]
9    1    1    11    [7]
10    1    1    11    [1]
11    1    0
0	1	0	0	0	0	0	0
1	1	2	1	0	0	0	3
2	1	7	4	2	4	2	4
3	1	8	1	3	5	3	5
4	1	3	5	1	0	3	0
5	1	8	3	5	4	5	2
6	1	2	3	5	1	1	1
7	1	1	0	0	0	2	0
8	1	8	5	5	3	4	5
9	1	7	3	0	4	0	4
10	1	1	2	3	3	0	3
11	1	0	0	0	0	0	0
7	7	7	7	7
