10    5    0.541322
0    1    11    1    2    3    4    5    6    7    8    9    10    11    [0]    [0]    [0]    [0]    [0]    [0]    [0]    [0]    [0]    [0]    [0]
1    1    10    2    3    4    5    6    7    8    9    10    11    [7]    [7]    [7]    [7]    [6]    [7]    [7]    [7]    [7]    [7]
2    1    5    7    9    10    11    3    [23]    [3]    [9]    [9]    [-7]
3    1    4    2    7    10    11    [3]    [3]    [3]    [3]
4    1    6    2    3    7    9    10    11    [2]    [2]    [2]    [2]    [2]    [2]
5    1    7    2    3    4    7    9    10    11    [1]    [1]    [0]    [1]    [1]    [1]    [1]
6    1    9    2    3    4    5    7    8    9    10    11    [7]    [7]    [7]    [13]    [7]    [4]    [7]    [7]    [7]
7    1    1    11    [2]
8    1    7    2    3    4    7    9    10    11    [4]    [4]    [4]    [4]    [4]    [4]    [4]
9    1    4    3    7    10    11    [-13]    [5]    [5]    [5]
10    1    2    7    11    [2]    [2]
11    1    0
0	1	0	0	0	0	0	0
1	1	7	4	3	2	5	5
2	1	9	5	5	3	5	2
3	1	3	3	1	1	4	3
4	1	2	2	5	3	0	2
5	1	1	1	2	2	0	0
6	1	7	4	3	0	0	0
7	1	2	2	0	0	4	2
8	1	4	1	0	2	0	3
9	1	5	4	1	2	2	5
10	1	2	0	3	3	5	0
11	1	0	0	0	0	0	0
7	6	5	6	6
