10    5    0.539902
0    1    11    1    2    3    4    5    6    7    8    9    10    11    [0]    [0]    [0]    [0]    [0]    [0]    [0]    [0]    [0]    [0]    [0]
1    1    6    5    6    8    9    10    11    [8]    [12]    [8]    [8]    [8]    [8]
2    1    9    1    3    4    5    6    8    9    10    11    [9]    [1]    [9]    [9]    [9]    [9]    [9]    [9]    [9]
3    1    8    1    5    6    8    9    10    11    7    [9]    [9]    [9]    [9]    [9]    [9]    [9]    [-6]
4    1    6    5    6    8    9    10    11    [8]    [21]    [8]    [20]    [8]    [8]
5    1    2    8    11    [4]    [7]
6    1    4    5    8    10    11    [0]    [4]    [4]    [4]
7    1    7    1    4    5    6    8    10    11    [6]    [0]    [6]    [6]    [6]    [6]    [6]
8    1    2    10    11    [19]    [7]
9    1    6    7    5    6    8    10    11    [-31]    [10]    [10]    [10]    [10]    [10]
10    1    2    5    11    [-24]    [3]
11    1    0
0	1	0	0	0	0	0	0
1	1	8	0	3	5	5	0
2	1	9	5	0	0	1	2
3	1	9	0	3	2	5	2
4	1	8	5	5	1	2	4
5	1	7	0	0	1	0	4
6	1	4	2	2	5	1	1
7	1	6	1	3	5	5	5
8	1	7	0	3	0	0	0
9	1	10	5	4	5	1	3
10	1	3	1	5	1	5	3
11	1	0	0	0	0	0	0
8	10	9	12	9
