10    5    0.841764
0    1    11    1    2    3    4    5    6    7    8    9    10    11    [0]    [0]    [0]    [0]    [0]    [0]    [0]    [0]    [0]    [0]    [0]
1    1    6    7    8    9    10    11    10    [6]    [6]    [6]    [6]    [6]    [-2]
2    1    8    3    5    6    7    8    9    10    11    [7]    [7]    [16]    [7]    [7]    [7]    [7]    [7]
3    1    6    6    7    8    9    10    11    [5]    [5]    [5]    [8]    [5]    [5]
4    1    4    7    8    10    11    [14]    [8]    [8]    [8]
5    1    6    6    7    8    9    10    11    [0]    [1]    [1]    [1]    [1]    [1]
6    1    3    8    10    11    [4]    [7]    [4]
7    1    3    8    10    11    [0]    [4]    [4]
8    1    1    11    [8]
9    1    4    3    8    10    11    [-10]    [8]    [8]    [8]
10    1    3    7    8    11    [-5]    [1]    [1]
11    1    0
0	1	0	0	0	0	0	0
1	1	6	1	0	0	0	1
2	1	7	0	4	5	1	0
3	1	5	1	4	0	0	3
4	1	8	0	1	0	0	0
5	1	1	1	0	2	0	0
6	1	4	0	0	0	0	3
7	1	4	0	0	2	0	0
8	1	8	2	1	4	1	5
9	1	8	3	3	2	4	1
10	1	1	0	5	0	0	4
11	1	0	0	0	0	0	0
3	7	6	4	5
