10    5    0.324495
0    1    11    1    2    3    4    5    6    7    8    9    10    11    [0]    [0]    [0]    [0]    [0]    [0]    [0]    [0]    [0]    [0]    [0]
1    1    10    2    3    4    5    6    7    8    9    10    11    [3]    [3]    [3]    [3]    [8]    [3]    [3]    [3]    [3]    [3]
2    1    9    3    4    5    6    7    8    9    10    11    [5]    [8]    [0]    [8]    [8]    [8]    [8]    [8]    [8]
3    1    5    4    5    10    11    7    [0]    [2]    [2]    [2]    [-7]
4    1    2    10    11    [0]    [1]
5    1    2    4    11    [11]    [10]
6    1    8    1    3    4    5    7    9    10    11    [-18]    [4]    [4]    [4]    [4]    [9]    [4]    [4]
7    1    5    3    4    5    10    11    [6]    [2]    [2]    [2]    [2]
8    1    8    6    3    4    5    7    10    11    9    [-23]    [4]    [4]    [4]    [11]    [4]    [4]    [-26]
9    1    7    3    4    5    7    8    10    11    [5]    [5]    [5]    [5]    [11]    [5]    [5]
10    1    2    5    11    [-13]    [10]
11    1    0
0	1	0	0	0	0	0	0
1	1	3	4	4	5	1	2
2	1	8	2	1	5	2	4
3	1	2	4	2	4	2	1
4	1	1	3	5	3	3	5
5	1	10	2	4	2	5	4
6	1	4	5	2	5	4	2
7	1	2	2	3	3	1	5
8	1	4	5	3	4	5	3
9	1	5	3	3	5	5	2
10	1	10	3	1	2	3	4
11	1	0	0	0	0	0	0
5	5	5	5	5
