10    5    0.502303
0    1    11    1    2    3    4    5    6    7    8    9    10    11    [0]    [0]    [0]    [0]    [0]    [0]    [0]    [0]    [0]    [0]    [0]
1    1    10    2    3    4    5    6    7    8    9    10    11    [8]    [10]    [8]    [8]    [8]    [8]    [8]    [24]    [8]    [8]
2    1    8    4    5    6    7    8    9    11    10    [9]    [3]    [3]    [3]    [3]    [3]    [3]    [-2]
3    1    8    2    4    5    6    7    8    9    11    [0]    [9]    [9]    [9]    [9]    [9]    [9]    [9]
4    1    5    5    7    8    11    6    [10]    [10]    [10]    [10]    [-6]
5    1    4    7    8    11    6    [2]    [2]    [2]    [-2]
6    1    3    5    7    11    [2]    [2]    [2]
7    1    1    11    [4]
8    1    3    6    7    11    [-4]    [1]    [1]
9    1    7    1    4    5    6    7    8    11    [-28]    [8]    [8]    [8]    [8]    [8]    [8]
10    1    8    2    4    5    6    7    8    9    11    [0]    [3]    [3]    [3]    [3]    [3]    [3]    [3]
11    1    0
0	1	0	0	0	0	0	0
1	1	8	1	0	5	0	2
2	1	3	3	3	1	3	1
3	1	9	0	0	0	4	0
4	1	10	3	2	0	2	5
5	1	2	3	0	3	5	4
6	1	2	1	2	2	3	3
7	1	4	4	4	2	4	5
8	1	1	2	1	4	2	5
9	1	8	5	3	0	5	0
10	1	3	1	0	3	0	5
11	1	0	0	0	0	0	0
6	6	5	6	8
