10    5    0.360169
0    1    11    1    2    3    4    5    6    7    8    9    10    11    [0]    [0]    [0]    [0]    [0]    [0]    [0]    [0]    [0]    [0]    [0]
1    1    9    3    4    5    6    7    8    10    11    8    [3]    [5]    [3]    [3]    [3]    [3]    [3]    [3]    [-1]
2    1    8    3    4    6    7    9    10    11    8    [10]    [17]    [10]    [10]    [10]    [10]    [10]    [-6]
3    1    6    5    6    9    10    11    4    [8]    [8]    [8]    [8]    [8]    [-2]
4    1    7    3    5    6    7    9    10    11    [-74]    [7]    [10]    [15]    [7]    [7]    [7]
5    1    4    2    9    10    11    [-97]    [15]    [0]    [6]
6    1    4    5    9    10    11    [9]    [10]    [10]    [10]
7    1    6    3    5    9    10    11    8    [-91]    [2]    [3]    [3]    [2]    [-77]
8    1    6    4    5    6    7    9    11    [9]    [9]    [26]    [11]    [9]    [9]
9    1    2    1    11    [-70]    [6]
10    1    3    5    8    11    [-84]    [-72]    [10]
11    1    0
0	1	0	0	0	0	0	0
1	1	3	1	2	5	5	2
2	1	10	4	3	4	2	1
3	1	8	5	5	3	5	4
4	1	7	4	4	1	4	5
5	1	6	5	5	4	4	4
6	1	10	4	4	5	2	4
7	1	2	2	2	3	5	5
8	1	9	3	3	5	5	5
9	1	6	3	5	1	3	4
10	1	10	4	2	1	2	4
11	1	0	0	0	0	0	0
9	9	11	11	9
