10    5    0.400531
0    1    11    1    2    3    4    5    6    7    8    9    10    11    [0]    [0]    [0]    [0]    [0]    [0]    [0]    [0]    [0]    [0]    [0]
1    1    10    2    3    4    5    6    7    8    9    10    11    [9]    [9]    [9]    [9]    [24]    [9]    [9]    [9]    [8]    [9]
2    1    4    3    9    11    10    [13]    [0]    [5]    [-1]
3    1    3    8    11    8    [4]    [4]    [-1]
4    1    9    2    3    5    7    8    9    10    11    7    [6]    [6]    [6]    [6]    [6]    [6]    [6]    [6]    [-1]
5    1    6    2    3    8    9    10    11    [9]    [8]    [9]    [25]    [9]    [9]
6    1    9    2    3    4    5    7    8    9    10    11    [10]    [10]    [11]    [10]    [10]    [10]    [10]    [10]    [10]
7    1    7    2    3    5    8    9    10    11    [5]    [5]    [14]    [5]    [5]    [5]    [5]
8    1    2    2    11    [-18]    [4]
9    1    4    2    3    8    11    [-11]    [6]    [6]    [6]
10    1    4    3    8    9    11    [1]    [1]    [1]    [1]
11    1    0
0	1	0	0	0	0	0	0
1	1	9	1	3	5	4	5
2	1	5	5	3	3	4	3
3	1	4	3	1	3	2	5
4	1	6	1	3	5	5	5
5	1	9	5	3	2	4	3
6	1	10	4	4	3	2	3
7	1	5	3	5	5	1	1
8	1	4	3	2	3	3	3
9	1	6	3	4	5	4	5
10	1	1	5	1	1	3	4
11	1	0	0	0	0	0	0
5	5	5	5	5
