10    5    0.360258
0    1    11    1    2    3    4    5    6    7    8    9    10    11    [0]    [0]    [0]    [0]    [0]    [0]    [0]    [0]    [0]    [0]    [0]
1    1    10    2    3    4    5    6    7    8    9    10    11    [8]    [8]    [8]    [8]    [8]    [2]    [8]    [8]    [3]    [8]
2    1    7    3    4    6    8    9    11    5    [5]    [0]    [5]    [5]    [11]    [5]    [-36]
3    1    5    6    8    9    11    7    [0]    [1]    [1]    [1]    [-53]
4    1    5    3    6    8    9    11    [8]    [5]    [5]    [5]    [5]
5    1    7    2    3    4    6    8    9    11    [21]    [8]    [8]    [8]    [8]    [8]    [8]
6    1    3    8    9    11    [2]    [5]    [5]
7    1    8    2    4    5    6    8    9    10    11    [9]    [9]    [16]    [9]    [9]    [9]    [9]    [9]
8    1    2    9    11    [9]    [9]
9    1    1    11    [3]
10    1    8    2    3    4    5    6    8    9    11    [10]    [10]    [10]    [10]    [10]    [10]    [10]    [10]
11    1    0
0	1	0	0	0	0	0	0
1	1	8	3	3	5	3	5
2	1	5	0	0	0	5	0
3	1	1	5	4	1	1	5
4	1	5	2	0	0	4	2
5	1	8	0	3	1	0	3
6	1	5	5	2	3	3	4
7	1	9	0	0	1	3	5
8	1	9	1	3	1	4	2
9	1	3	5	2	2	4	3
10	1	10	0	3	5	5	0
11	1	0	0	0	0	0	0
5	5	5	5	5
