10    5    0.370766
0    1    11    1    2    3    4    5    6    7    8    9    10    11    [0]    [0]    [0]    [0]    [0]    [0]    [0]    [0]    [0]    [0]    [0]
1    1    7    2    4    5    7    8    10    11    [5]    [5]    [5]    [6]    [5]    [5]    [5]
2    1    8    4    6    8    9    10    11    6    8    [6]    [6]    [6]    [6]    [6]    [6]    [-1]    [-1]
3    1    10    2    4    5    6    7    8    9    10    11    9    [4]    [4]    [4]    [4]    [4]    [10]    [4]    [4]    [4]    [-2]
4    1    6    8    9    10    11    5    7    [0]    [0]    [1]    [1]    [-38]    [-45]
5    1    6    4    6    8    9    10    11    [19]    [4]    [8]    [8]    [8]    [8]
6    1    7    1    5    4    8    9    10    11    [-44]    [-17]    [4]    [4]    [6]    [6]    [4]
7    1    7    2    5    6    8    9    10    11    [7]    [17]    [7]    [7]    [7]    [7]    [7]
8    1    3    9    10    11    [1]    [0]    [1]
9    1    3    1    10    11    [-47]    [6]    [6]
10    1    1    11    [10]
11    1    0
0	1	0	0	0	0	0	0
1	1	5	1	2	4	2	2
2	1	6	3	0	1	4	0
3	1	4	0	0	1	0	3
4	1	1	4	0	3	2	1
5	1	8	0	0	3	0	0
6	1	4	2	4	4	3	4
7	1	7	4	5	3	4	1
8	1	1	1	1	0	3	4
9	1	6	5	2	2	2	4
10	1	10	1	5	2	0	2
11	1	0	0	0	0	0	0
5	5	5	5	5
