10    5    0.459207
0    1    11    1    2    3    4    5    6    7    8    9    10    11    [0]    [0]    [0]    [0]    [0]    [0]    [0]    [0]    [0]    [0]    [0]
1    1    10    2    3    4    5    6    7    8    9    10    11    [9]    [25]    [17]    [9]    [9]    [9]    [9]    [9]    [9]    [9]
2    1    9    3    4    5    7    8    9    10    11    6    [7]    [7]    [7]    [7]    [7]    [7]    [7]    [7]    [-5]
3    1    5    5    8    10    11    8    [2]    [8]    [4]    [8]    [-5]
4    1    6    3    5    7    8    10    11    [6]    [6]    [5]    [6]    [6]    [6]
5    1    5    8    9    10    11    7    [5]    [13]    [5]    [5]    [-21]
6    1    6    3    5    7    8    10    11    [18]    [8]    [12]    [8]    [8]    [8]
7    1    6    4    3    5    8    10    11    [-17]    [8]    [12]    [2]    [11]    [8]
8    1    3    9    10    11    [7]    [7]    [7]
9    1    5    3    4    6    7    11    [-43]    [-60]    [-65]    [-57]    [4]
10    1    2    9    11    [7]    [7]
11    1    0
0	1	0	0	0	0	0	0
1	1	9	4	1	3	5	3
2	1	7	0	1	2	0	4
3	1	8	4	2	2	4	5
4	1	6	2	5	1	0	0
5	1	5	3	0	3	0	0
6	1	8	0	0	0	5	1
7	1	8	3	1	2	3	1
8	1	7	4	3	5	2	1
9	1	4	5	3	4	4	3
10	1	7	0	4	4	0	4
11	1	0	0	0	0	0	0
7	5	6	6	6
