10    5    0.486334
0    1    11    1    2    3    4    5    6    7    8    9    10    11    [0]    [0]    [0]    [0]    [0]    [0]    [0]    [0]    [0]    [0]    [0]
1    1    8    3    5    6    7    8    9    10    11    [6]    [2]    [2]    [2]    [2]    [2]    [2]    [2]
2    1    10    1    3    4    5    6    7    8    9    10    11    [2]    [2]    [3]    [2]    [2]    [2]    [2]    [2]    [2]    [2]
3    1    6    6    7    9    10    11    5    [6]    [6]    [16]    [6]    [6]    [-51]
4    1    7    3    5    7    8    9    10    11    [7]    [3]    [7]    [7]    [7]    [7]    [7]
5    1    8    4    3    6    7    9    10    11    8    [-28]    [4]    [6]    [6]    [6]    [6]    [6]    [-4]
6    1    3    4    10    11    [-85]    [8]    [5]
7    1    3    6    10    11    [14]    [8]    [8]
8    1    6    3    6    7    9    10    11    [9]    [9]    [24]    [9]    [9]    [9]
9    1    3    6    10    11    [5]    [9]    [9]
10    1    2    6    11    [-34]    [8]
11    1    0
0	1	0	0	0	0	0	0
1	1	2	3	5	4	3	1
2	1	2	3	3	3	2	4
3	1	6	4	3	2	4	4
4	1	7	4	1	4	3	4
5	1	6	5	1	1	4	2
6	1	5	2	4	1	3	3
7	1	8	5	3	5	5	5
8	1	9	5	5	5	5	2
9	1	9	5	4	1	2	2
10	1	8	4	2	4	1	4
11	1	0	0	0	0	0	0
10	7	8	9	7
