10    5    0.631643
0    1    11    1    2    3    4    5    6    7    8    9    10    11    [0]    [0]    [0]    [0]    [0]    [0]    [0]    [0]    [0]    [0]    [0]
1    1    10    2    3    4    5    6    7    8    9    10    11    [10]    [8]    [10]    [10]    [10]    [10]    [10]    [10]    [10]    [10]
2    1    5    4    7    8    11    6    [5]    [2]    [2]    [2]    [-21]
3    1    9    2    4    5    6    7    8    9    10    11    [4]    [4]    [0]    [4]    [4]    [4]    [4]    [4]    [4]
4    1    2    7    11    [0]    [1]
5    1    8    2    4    7    8    9    10    11    6    [6]    [6]    [6]    [6]    [10]    [15]    [6]    [-2]
6    1    5    2    4    7    8    11    [21]    [10]    [10]    [10]    [10]
7    1    1    11    [6]
8    1    3    4    7    11    [5]    [5]    [5]
9    1    6    2    4    7    8    10    11    [2]    [2]    [2]    [2]    [2]    [2]
10    1    5    2    4    7    8    11    [9]    [9]    [9]    [9]    [9]
11    1    0
0	1	0	0	0	0	0	0
1	1	10	4	2	3	3	1
2	1	2	3	4	1	1	4
3	1	4	2	0	0	0	3
4	1	1	0	2	5	0	4
5	1	6	4	0	2	1	4
6	1	10	0	0	0	3	0
7	1	6	5	4	3	3	3
8	1	5	5	1	4	4	2
9	1	2	2	4	0	2	0
10	1	9	2	3	2	1	2
11	1	0	0	0	0	0	0
6	6	7	6	6
