10    5    0.515685
0    1    11    1    2    3    4    5    6    7    8    9    10    11    [0]    [0]    [0]    [0]    [0]    [0]    [0]    [0]    [0]    [0]    [0]
1    1    10    2    3    5    6    7    8    9    10    11    4    [7]    [7]    [7]    [7]    [7]    [13]    [7]    [7]    [7]    [-4]
2    1    3    7    9    11    [0]    [0]    [1]
3    1    5    2    5    7    9    11    [10]    [27]    [10]    [10]    [10]
4    1    10    1    2    3    5    6    7    8    9    10    11    [-4]    [10]    [10]    [10]    [4]    [10]    [10]    [10]    [10]    [10]
5    1    5    2    7    9    10    11    [7]    [7]    [7]    [4]    [7]
6    1    8    2    3    5    7    8    9    10    11    [4]    [8]    [4]    [4]    [4]    [4]    [4]    [4]
7    1    1    11    [10]
8    1    7    2    3    5    7    9    10    11    [1]    [1]    [1]    [1]    [1]    [1]    [1]
9    1    2    7    11    [2]    [2]
10    1    3    3    7    11    [-33]    [7]    [7]
11    1    0
0	1	0	0	0	0	0	0
1	1	7	5	0	5	0	0
2	1	1	1	1	1	3	3
3	1	10	5	5	2	1	1
4	1	10	0	1	0	2	2
5	1	7	2	2	4	0	4
6	1	4	0	2	2	0	4
7	1	10	4	1	4	5	1
8	1	1	3	3	1	4	4
9	1	2	0	2	3	1	2
10	1	7	3	1	0	0	0
11	1	0	0	0	0	0	0
5	5	5	5	5
