10    5    0.989804
0    1    11    1    2    3    4    5    6    7    8    9    10    11    [0]    [0]    [0]    [0]    [0]    [0]    [0]    [0]    [0]    [0]    [0]
1    1    3    5    6    11    [7]    [17]    [7]
2    1    8    4    5    6    7    9    11    8    10    [2]    [2]    [2]    [2]    [1]    [2]    [-1]    [-1]
3    1    5    5    6    8    9    11    [6]    [10]    [29]    [10]    [10]
4    1    4    6    11    5    8    [7]    [7]    [-1]    [-1]
5    1    4    4    6    11    9    [-10]    [3]    [3]    [-2]
6    1    1    11    [9]
7    1    1    11    [6]
8    1    1    11    [5]
9    1    3    4    5    11    [-5]    [-1]    [6]
10    1    5    5    6    7    9    11    [8]    [8]    [8]    [8]    [8]
11    1    0
0	1	0	0	0	0	0	0
1	1	7	0	0	2	0	1
2	1	2	4	3	0	0	0
3	1	10	0	0	0	4	0
4	1	7	3	2	0	5	2
5	1	3	0	3	2	2	5
6	1	9	1	2	0	2	0
7	1	6	3	0	3	3	0
8	1	5	0	0	1	0	2
9	1	6	0	5	0	4	0
10	1	8	0	3	0	3	0
11	1	0	0	0	0	0	0
6	9	6	13	7
