10    5    0.504253
0    1    11    1    2    3    4    5    6    7    8    9    10    11    [0]    [0]    [0]    [0]    [0]    [0]    [0]    [0]    [0]    [0]    [0]
1    1    9    2    4    5    6    7    8    9    10    11    [8]    [8]    [8]    [8]    [8]    [2]    [8]    [8]    [8]
2    1    4    8    9    10    11    [10]    [15]    [21]    [10]
3    1    10    1    2    4    5    6    7    8    9    10    11    [8]    [8]    [8]    [10]    [8]    [8]    [8]    [8]    [8]    [8]
4    1    5    2    8    9    10    11    [10]    [22]    [10]    [10]    [10]
5    1    8    2    4    6    7    8    9    10    11    [2]    [2]    [2]    [0]    [2]    [2]    [2]    [2]
6    1    6    2    4    8    9    10    11    [4]    [12]    [4]    [4]    [4]    [4]
7    1    7    6    2    4    8    9    10    11    [-5]    [10]    [10]    [10]    [10]    [10]    [10]
8    1    4    4    9    10    11    [-25]    [1]    [10]    [4]
9    1    1    11    [10]
10    1    3    2    9    11    [-22]    [1]    [1]
11    1    0
0	1	0	0	0	0	0	0
1	1	8	3	1	5	2	5
2	1	10	5	4	5	2	2
3	1	8	1	3	3	5	4
4	1	10	3	3	4	3	2
5	1	2	4	5	4	3	5
6	1	4	5	5	1	3	5
7	1	10	5	5	3	3	3
8	1	4	3	2	3	4	5
9	1	10	5	5	5	5	5
10	1	1	4	5	2	4	4
11	1	0	0	0	0	0	0
7	8	7	6	7
