10    5    0.541884
0    1    11    1    2    3    4    5    6    7    8    9    10    11    [0]    [0]    [0]    [0]    [0]    [0]    [0]    [0]    [0]    [0]    [0]
1    1    10    2    3    4    5    6    7    8    9    10    11    [6]    [6]    [6]    [6]    [6]    [6]    [15]    [6]    [6]    [6]
2    1    8    3    4    5    6    7    9    10    11    [7]    [7]    [7]    [0]    [7]    [16]    [7]    [7]
3    1    2    4    11    [2]    [3]
4    1    3    3    10    11    [-9]    [16]    [9]
5    1    5    3    4    6    10    11    [19]    [10]    [12]    [10]    [10]
6    1    3    3    4    11    [8]    [0]    [8]
7    1    6    3    4    5    6    10    11    [5]    [2]    [2]    [2]    [2]    [2]
8    1    7    3    4    5    6    7    10    11    [4]    [4]    [10]    [4]    [2]    [4]    [4]
9    1    7    3    4    5    6    7    10    11    [3]    [3]    [3]    [3]    [2]    [3]    [3]
10    1    4    3    4    6    11    [-22]    [-26]    [-29]    [3]
11    1    0
0	1	0	0	0	0	0	0
1	1	6	0	0	2	0	5
2	1	7	0	0	0	0	5
3	1	3	3	0	0	2	0
4	1	9	3	0	0	0	5
5	1	10	1	3	3	4	3
6	1	8	5	0	0	4	0
7	1	2	0	0	0	3	0
8	1	4	0	1	0	0	2
9	1	3	0	1	2	0	5
10	1	3	5	3	2	3	2
11	1	0	0	0	0	0	0
7	4	4	6	8
