10    5    0.607670
0    1    11    1    2    3    4    5    6    7    8    9    10    11    [0]    [0]    [0]    [0]    [0]    [0]    [0]    [0]    [0]    [0]    [0]
1    1    6    3    6    7    8    10    11    [6]    [6]    [6]    [6]    [7]    [6]
2    1    9    1    3    5    6    7    8    9    10    11    [3]    [3]    [3]    [3]    [3]    [5]    [3]    [3]    [3]
3    1    3    7    8    11    [0]    [1]    [1]
4    1    9    1    3    5    6    7    8    9    10    11    [7]    [7]    [7]    [18]    [7]    [7]    [7]    [7]    [7]
5    1    8    1    3    6    7    8    9    10    11    [3]    [3]    [3]    [3]    [3]    [1]    [2]    [3]
6    1    5    3    7    8    10    11    [8]    [4]    [8]    [8]    [8]
7    1    2    8    11    [2]    [2]
8    1    1    11    [1]
9    1    8    5    1    3    6    7    8    10    11    [-3]    [9]    [9]    [9]    [9]    [9]    [9]    [9]
10    1    4    3    7    8    11    [8]    [8]    [8]    [8]
11    1    0
0	1	0	0	0	0	0	0
1	1	6	5	3	5	3	4
2	1	3	0	0	0	2	5
3	1	1	1	3	2	5	4
4	1	7	1	2	0	1	0
5	1	3	2	5	2	5	2
6	1	8	3	1	0	0	5
7	1	2	4	4	4	1	5
8	1	1	1	5	2	2	4
9	1	9	2	5	4	0	0
10	1	8	0	3	0	0	4
11	1	0	0	0	0	0	0
5	5	5	5	5
