10    5    0.513509
0    1    11    1    2    3    4    5    6    7    8    9    10    11    [0]    [0]    [0]    [0]    [0]    [0]    [0]    [0]    [0]    [0]    [0]
1    1    10    2    3    4    5    6    7    8    9    10    11    [8]    [8]    [8]    [8]    [8]    [17]    [8]    [1]    [8]    [8]
2    1    10    3    4    5    6    7    8    9    10    11    8    [4]    [4]    [4]    [0]    [3]    [4]    [11]    [1]    [4]    [-3]
3    1    7    4    5    7    8    9    10    11    [7]    [9]    [7]    [7]    [7]    [7]    [7]
4    1    2    7    11    [0]    [8]
5    1    6    3    4    6    7    10    11    [-17]    [10]    [2]    [10]    [10]    [10]
6    1    6    2    3    5    4    7    11    [-34]    [-36]    [-19]    [7]    [7]    [7]
7    1    1    11    [4]
8    1    6    4    5    6    7    10    11    [10]    [10]    [10]    [10]    [10]    [10]
9    1    7    3    4    5    6    7    10    11    [-20]    [8]    [8]    [8]    [8]    [8]    [8]
10    1    3    4    7    11    [1]    [1]    [1]
11    1    0
0	1	0	0	0	0	0	0
1	1	8	0	0	0	2	5
2	1	4	3	0	5	0	5
3	1	7	5	3	0	0	4
4	1	8	4	3	2	2	4
5	1	10	2	5	5	4	3
6	1	7	0	1	3	4	2
7	1	4	3	2	1	5	1
8	1	10	2	0	1	2	0
9	1	8	3	2	1	1	5
10	1	1	5	2	2	0	0
11	1	0	0	0	0	0	0
5	5	5	5	5
