10    5    0.727429
0    1    11    1    2    3    4    5    6    7    8    9    10    11    [0]    [0]    [0]    [0]    [0]    [0]    [0]    [0]    [0]    [0]    [0]
1    1    9    2    4    5    6    7    8    9    10    11    [2]    [3]    [2]    [2]    [2]    [2]    [2]    [2]    [2]
2    1    8    4    5    6    7    8    9    10    11    [6]    [6]    [6]    [0]    [6]    [6]    [6]    [6]
3    1    9    4    5    6    7    8    9    10    11    10    [9]    [8]    [9]    [9]    [9]    [9]    [9]    [9]    [-4]
4    1    4    6    7    10    11    [0]    [3]    [2]    [3]
5    1    7    4    6    7    8    9    10    11    [7]    [7]    [7]    [6]    [5]    [7]    [7]
6    1    2    7    11    [2]    [2]
7    1    1    11    [1]
8    1    7    5    4    6    7    9    10    11    [-8]    [10]    [10]    [10]    [10]    [10]    [10]
9    1    3    6    7    11    [2]    [2]    [2]
10    1    1    11    [5]
11    1    0
0	1	0	0	0	0	0	0
1	1	2	2	1	2	2	1
2	1	6	3	1	4	4	2
3	1	9	0	4	1	0	0
4	1	3	0	0	1	2	2
5	1	7	1	1	2	5	4
6	1	2	5	0	0	5	4
7	1	1	1	4	2	5	1
8	1	10	4	4	1	3	5
9	1	2	2	0	3	1	1
10	1	5	0	0	1	0	0
11	1	0	0	0	0	0	0
5	5	5	5	5
