10    5    0.605022
0    1    11    1    2    3    4    5    6    7    8    9    10    11    [0]    [0]    [0]    [0]    [0]    [0]    [0]    [0]    [0]    [0]    [0]
1    1    10    2    3    4    5    6    7    8    9    10    11    [6]    [6]    [6]    [6]    [15]    [6]    [1]    [6]    [6]    [6]
2    1    8    3    5    6    7    8    9    10    11    [5]    [5]    [6]    [5]    [5]    [5]    [1]    [5]
3    1    6    5    7    8    9    10    11    [10]    [10]    [2]    [25]    [10]    [10]
4    1    9    2    3    5    6    7    8    9    10    11    [5]    [5]    [5]    [5]    [5]    [3]    [9]    [10]    [5]
5    1    4    7    8    9    11    [17]    [9]    [9]    [9]
6    1    8    2    3    5    7    8    9    10    11    [-6]    [7]    [7]    [7]    [7]    [7]    [7]    [7]
7    1    2    5    11    [-18]    [2]
8    1    3    7    9    11    [6]    [6]    [6]
9    1    2    7    11    [1]    [1]
10    1    6    3    5    7    8    9    11    [-11]    [2]    [2]    [2]    [2]    [2]
11    1    0
0	1	0	0	0	0	0	0
1	1	6	4	0	5	0	0
2	1	5	3	5	1	1	5
3	1	10	2	0	0	0	1
4	1	5	5	3	3	5	2
5	1	9	4	3	2	2	5
6	1	7	5	0	5	3	5
7	1	2	1	1	0	5	1
8	1	6	4	4	1	3	0
9	1	1	5	0	3	0	0
10	1	2	1	2	5	3	5
11	1	0	0	0	0	0	0
5	5	5	5	5
