10    5    0.577289
0    1    11    1    2    3    4    5    6    7    8    9    10    11    [0]    [0]    [0]    [0]    [0]    [0]    [0]    [0]    [0]    [0]    [0]
1    1    6    6    7    8    9    11    9    [9]    [6]    [9]    [9]    [9]    [-3]
2    1    10    1    3    4    5    6    7    8    9    10    11    [6]    [6]    [6]    [6]    [0]    [6]    [10]    [1]    [11]    [6]
3    1    8    1    5    6    7    8    9    10    11    [1]    [1]    [2]    [1]    [1]    [1]    [1]    [1]
4    1    9    1    3    5    6    7    8    9    10    11    [4]    [4]    [4]    [4]    [4]    [4]    [1]    [9]    [4]
5    1    6    1    6    7    8    9    11    [7]    [14]    [7]    [12]    [7]    [7]
6    1    3    8    9    11    [10]    [10]    [10]
7    1    4    6    8    9    11    [8]    [8]    [8]    [8]
8    1    1    11    [9]
9    1    2    8    11    [10]    [10]
10    1    8    4    1    5    6    7    8    9    11    [-9]    [10]    [10]    [10]    [10]    [10]    [10]    [10]
11    1    0
0	1	0	0	0	0	0	0
1	1	9	0	4	1	4	0
2	1	6	5	3	1	4	2
3	1	1	3	1	1	5	4
4	1	4	3	5	1	5	4
5	1	7	0	0	3	3	0
6	1	10	4	2	3	5	3
7	1	8	3	0	0	0	0
8	1	9	4	1	4	4	1
9	1	10	3	1	0	3	0
10	1	10	5	5	0	5	2
11	1	0	0	0	0	0	0
5	5	5	5	5
