10    5    0.634326
0    1    11    1    2    3    4    5    6    7    8    9    10    11    [0]    [0]    [0]    [0]    [0]    [0]    [0]    [0]    [0]    [0]    [0]
1    1    8    4    5    6    7    8    9    10    11    [1]    [1]    [1]    [1]    [1]    [3]    [1]    [1]
2    1    9    1    4    5    6    7    8    9    10    11    [7]    [7]    [11]    [7]    [7]    [7]    [7]    [7]    [7]
3    1    9    1    4    5    6    7    8    9    10    11    [3]    [3]    [3]    [3]    [3]    [3]    [3]    [5]    [3]
4    1    7    5    6    7    8    9    11    8    [9]    [9]    [9]    [9]    [9]    [9]    [-4]
5    1    5    6    7    8    9    11    [9]    [6]    [6]    [6]    [6]
6    1    5    7    8    9    11    9    [1]    [3]    [3]    [3]    [-2]
7    1    3    6    9    11    [-2]    [5]    [5]
8    1    1    11    [5]
9    1    1    11    [10]
10    1    7    3    5    6    7    8    9    11    [-6]    [6]    [6]    [6]    [6]    [6]    [6]
11    1    0
0	1	0	0	0	0	0	0
1	1	1	3	5	1	4	0
2	1	7	5	0	3	1	4
3	1	3	0	0	1	4	0
4	1	9	3	5	0	0	0
5	1	6	4	0	0	1	3
6	1	3	2	0	0	1	0
7	1	5	1	0	4	0	1
8	1	5	0	0	0	5	0
9	1	10	2	0	3	0	0
10	1	6	0	0	0	5	2
11	1	0	0	0	0	0	0
5	5	5	5	5
