10    5    0.800144
0    1    11    1    2    3    4    5    6    7    8    9    10    11    [0]    [0]    [0]    [0]    [0]    [0]    [0]    [0]    [0]    [0]    [0]
1    1    2    10    11    [15]    [9]
2    1    7    4    6    7    8    9    10    11    [2]    [0]    [5]    [1]    [6]    [2]    [2]
3    1    9    2    4    6    7    8    9    10    11    7    [2]    [2]    [3]    [2]    [2]    [2]    [1]    [2]    [-1]
4    1    2    8    11    [1]    [4]
5    1    8    2    4    6    7    8    9    10    11    [5]    [5]    [0]    [5]    [14]    [9]    [5]    [5]
6    1    6    2    5    4    8    10    11    [-15]    [-22]    [1]    [1]    [1]    [1]
7    1    3    4    8    11    [10]    [10]    [10]
8    1    2    4    11    [-4]    [9]
9    1    8    2    5    4    6    7    8    10    11    [-15]    [-11]    [8]    [8]    [8]    [8]    [8]    [8]
10    1    1    11    [7]
11    1    0
0	1	0	0	0	0	0	0
1	1	9	0	0	0	0	3
2	1	2	2	2	5	4	0
3	1	2	0	0	0	2	0
4	1	4	5	2	0	0	4
5	1	5	1	0	5	4	1
6	1	1	4	0	5	0	0
7	1	10	0	5	3	5	1
8	1	9	4	2	0	3	0
9	1	8	0	0	5	0	5
10	1	7	0	0	5	0	0
11	1	0	0	0	0	0	0
5	6	8	8	8
