10    5    0.561472
0    1    11    1    2    3    4    5    6    7    8    9    10    11    [0]    [0]    [0]    [0]    [0]    [0]    [0]    [0]    [0]    [0]    [0]
1    1    8    3    5    6    7    8    9    10    11    [4]    [4]    [4]    [4]    [4]    [12]    [4]    [4]
2    1    9    1    3    5    6    7    8    9    10    11    [3]    [3]    [5]    [3]    [3]    [3]    [3]    [3]    [3]
3    1    4    8    10    11    8    [4]    [5]    [4]    [-1]
4    1    8    3    5    6    7    8    9    10    11    [7]    [7]    [7]    [13]    [7]    [7]    [7]    [7]
5    1    7    3    6    7    8    9    10    11    [2]    [0]    [2]    [2]    [2]    [2]    [2]
6    1    6    5    3    7    8    10    11    [-2]    [5]    [5]    [5]    [8]    [5]
7    1    4    3    8    10    11    [7]    [7]    [19]    [7]
8    1    1    11    [9]
9    1    6    1    3    7    8    10    11    [-14]    [9]    [9]    [9]    [9]    [9]
10    1    3    3    8    11    [-5]    [5]    [5]
11    1    0
0	1	0	0	0	0	0	0
1	1	4	0	3	2	0	0
2	1	3	1	4	5	1	1
3	1	4	1	5	5	1	1
4	1	7	0	0	0	1	4
5	1	2	2	4	4	0	5
6	1	5	0	0	0	4	0
7	1	7	0	4	5	5	3
8	1	9	5	5	2	4	1
9	1	9	3	4	4	1	2
10	1	5	1	1	1	1	5
11	1	0	0	0	0	0	0
5	5	5	5	5
