10    5    0.574967
0    1    11    1    2    3    4    5    6    7    8    9    10    11    [0]    [0]    [0]    [0]    [0]    [0]    [0]    [0]    [0]    [0]    [0]
1    1    6    4    6    8    9    10    11    [8]    [11]    [8]    [8]    [8]    [8]
2    1    9    1    4    5    6    7    8    9    10    11    [4]    [4]    [4]    [4]    [4]    [5]    [4]    [4]    [4]
3    1    9    1    4    5    6    7    8    9    10    11    [9]    [9]    [9]    [9]    [9]    [9]    [9]    [9]    [9]
4    1    6    6    8    9    10    11    7    [10]    [10]    [10]    [10]    [10]    [-9]
5    1    8    3    4    6    7    8    9    10    11    [-9]    [2]    [2]    [2]    [2]    [0]    [2]    [2]
6    1    3    8    10    11    [2]    [6]    [2]
7    1    6    6    8    9    10    11    8    [5]    [5]    [5]    [6]    [5]    [-3]
8    1    2    10    11    [2]    [2]
9    1    4    6    8    10    11    [9]    [9]    [9]    [9]
10    1    2    6    11    [-6]    [3]
11    1    0
0	1	0	0	0	0	0	0
1	1	8	1	1	0	3	0
2	1	4	1	0	3	1	0
3	1	9	3	3	1	3	1
4	1	10	5	4	4	2	3
5	1	2	0	0	3	0	4
6	1	2	2	0	5	3	0
7	1	5	0	3	4	2	2
8	1	2	5	2	4	0	5
9	1	9	5	4	2	2	4
10	1	3	2	5	0	3	5
11	1	0	0	0	0	0	0
5	5	5	5	5
