10    5    0.696032
0    1    11    1    2    3    4    5    6    7    8    9    10    11    [0]    [0]    [0]    [0]    [0]    [0]    [0]    [0]    [0]    [0]    [0]
1    1    10    2    3    4    5    6    7    8    9    10    11    [6]    [6]    [6]    [6]    [18]    [6]    [6]    [6]    [6]    [6]
2    1    7    3    6    7    8    9    10    11    [7]    [7]    [7]    [0]    [7]    [7]    [7]
3    1    4    7    9    10    11    [1]    [1]    [0]    [1]
4    1    9    2    3    5    6    7    8    9    10    11    [4]    [4]    [1]    [4]    [4]    [4]    [4]    [4]    [4]
5    1    8    2    3    6    7    8    9    10    11    [6]    [6]    [6]    [6]    [1]    [6]    [6]    [6]
6    1    3    7    9    11    [8]    [9]    [9]
7    1    2    9    11    [0]    [2]
8    1    6    2    3    7    9    10    11    [-3]    [7]    [7]    [7]    [7]    [7]
9    1    2    7    11    [-2]    [5]
10    1    1    11    [2]
11    1    0
0	1	0	0	0	0	0	0
1	1	6	4	5	3	3	1
2	1	7	3	2	4	1	3
3	1	1	4	3	4	5	0
4	1	4	3	5	1	5	1
5	1	6	4	0	4	2	3
6	1	9	0	0	1	0	3
7	1	2	5	1	3	0	2
8	1	7	2	0	3	1	0
9	1	5	4	1	3	4	5
10	1	2	1	0	0	0	0
11	1	0	0	0	0	0	0
7	7	7	7	6
