10    5    0.568747
0    1    11    1    2    3    4    5    6    7    8    9    10    11    [0]    [0]    [0]    [0]    [0]    [0]    [0]    [0]    [0]    [0]    [0]
1    1    10    2    3    4    6    7    8    9    10    11    9    [3]    [3]    [3]    [5]    [3]    [3]    [3]    [0]    [3]    [-1]
2    1    5    7    9    10    11    8    [7]    [18]    [7]    [7]    [-4]
3    1    7    2    6    7    8    9    10    11    [3]    [3]    [3]    [9]    [1]    [4]    [3]
4    1    7    2    6    7    8    9    10    11    [6]    [6]    [6]    [6]    [6]    [8]    [6]
5    1    6    2    7    8    9    10    11    [8]    [9]    [8]    [8]    [8]    [8]
6    1    6    2    7    8    9    10    11    [6]    [11]    [6]    [6]    [6]    [6]
7    1    5    5    6    9    10    11    [-20]    [-15]    [3]    [3]    [3]
8    1    6    2    3    7    9    10    11    [-11]    [-12]    [2]    [2]    [2]    [2]
9    1    1    11    [3]
10    1    2    9    11    [10]    [10]
11    1    0
0	1	0	0	0	0	0	0
1	1	3	1	0	2	0	2
2	1	7	0	5	4	1	5
3	1	3	4	0	0	2	4
4	1	6	1	3	0	3	4
5	1	8	0	3	2	0	0
6	1	6	5	2	4	2	0
7	1	3	5	5	1	5	3
8	1	2	2	2	1	0	0
9	1	3	3	5	3	3	4
10	1	10	3	2	1	2	5
11	1	0	0	0	0	0	0
6	7	6	6	8
