10    5    0.506602
0    1    11    1    2    3    4    5    6    7    8    9    10    11    [0]    [0]    [0]    [0]    [0]    [0]    [0]    [0]    [0]    [0]    [0]
1    1    9    3    4    5    6    7    8    9    10    11    [4]    [4]    [11]    [8]    [4]    [4]    [4]    [4]    [4]
2    1    8    4    5    6    8    9    10    11    7    [9]    [9]    [20]    [9]    [9]    [9]    [9]    [-3]
3    1    9    4    5    6    7    8    9    10    11    8    [3]    [3]    [3]    [3]    [3]    [3]    [1]    [3]    [-1]
4    1    4    6    8    9    11    [2]    [0]    [2]    [2]
5    1    4    6    8    9    11    [7]    [7]    [3]    [7]
6    1    2    2    11    [-28]    [7]
7    1    7    2    3    4    6    8    9    11    [-20]    [-28]    [8]    [8]    [8]    [8]    [8]
8    1    1    11    [2]
9    1    2    6    11    [9]    [9]
10    1    4    6    8    9    11    [7]    [7]    [7]    [7]
11    1    0
0	1	0	0	0	0	0	0
1	1	4	2	1	3	0	1
2	1	9	4	4	1	5	5
3	1	3	2	4	0	2	1
4	1	2	2	1	2	1	1
5	1	7	0	3	0	3	2
6	1	7	3	0	2	0	0
7	1	8	1	1	4	1	2
8	1	2	2	5	0	3	3
9	1	9	0	2	5	0	3
10	1	7	0	1	2	0	1
11	1	0	0	0	0	0	0
6	8	6	7	7
