10    5    0.630507
0    1    11    1    2    3    4    5    6    7    8    9    10    11    [0]    [0]    [0]    [0]    [0]    [0]    [0]    [0]    [0]    [0]    [0]
1    1    6    3    4    8    9    11    6    [8]    [8]    [8]    [19]    [8]    [-4]
2    1    6    3    4    8    9    11    10    [2]    [2]    [2]    [2]    [2]    [-1]
3    1    4    4    8    9    11    [5]    [5]    [12]    [5]
4    1    3    8    9    11    [6]    [3]    [3]
5    1    6    3    4    8    9    11    7    [8]    [8]    [8]    [8]    [8]    [-5]
6    1    7    1    3    4    8    9    10    11    [-6]    [1]    [1]    [1]    [1]    [0]    [1]
7    1    9    1    2    3    4    6    8    9    10    11    [5]    [5]    [5]    [5]    [4]    [5]    [5]    [5]    [5]
8    1    1    11    [6]
9    1    3    3    8    11    [-13]    [10]    [10]
10    1    5    2    4    8    9    11    [-2]    [7]    [7]    [7]    [7]
11    1    0
0	1	0	0	0	0	0	0
1	1	8	2	0	0	3	0
2	1	2	3	0	5	0	5
3	1	5	0	1	3	4	0
4	1	3	5	0	2	5	1
5	1	8	0	1	0	1	0
6	1	1	0	1	0	4	0
7	1	5	0	0	5	3	5
8	1	6	0	4	5	0	0
9	1	10	1	0	1	0	5
10	1	7	0	0	0	0	5
11	1	0	0	0	0	0	0
5	5	5	5	5
