10    5    0.425735
0    1    11    1    2    3    4    5    6    7    8    9    10    11    [0]    [0]    [0]    [0]    [0]    [0]    [0]    [0]    [0]    [0]    [0]
1    1    8    2    3    7    8    9    10    11    8    [3]    [3]    [7]    [3]    [3]    [3]    [3]    [-2]
2    1    5    3    8    9    10    11    [10]    [4]    [10]    [10]    [10]
3    1    4    8    9    10    11    [3]    [0]    [1]    [1]
4    1    10    1    2    3    5    6    7    8    9    10    11    [3]    [3]    [3]    [3]    [0]    [3]    [3]    [3]    [3]    [3]
5    1    6    3    7    8    9    10    11    [6]    [6]    [9]    [6]    [14]    [6]
6    1    9    4    2    3    5    7    8    9    10    11    [-7]    [6]    [6]    [6]    [6]    [6]    [15]    [5]    [6]
7    1    5    3    8    9    10    11    [3]    [3]    [3]    [3]    [3]
8    1    3    3    10    11    [-23]    [1]    [1]
9    1    3    3    6    11    [-21]    [-23]    [7]
10    1    1    11    [7]
11    1    0
0	1	0	0	0	0	0	0
1	1	3	2	2	2	2	1
2	1	10	5	5	2	0	3
3	1	1	5	3	1	2	4
4	1	3	4	4	5	0	5
5	1	6	0	1	3	5	4
6	1	6	5	2	0	5	0
7	1	3	2	0	0	0	4
8	1	1	4	3	1	3	0
9	1	7	3	1	0	3	1
10	1	7	5	0	0	4	4
11	1	0	0	0	0	0	0
9	8	7	7	8
