10    5    0.503000
0    1    11    1    2    3    4    5    6    7    8    9    10    11    [0]    [0]    [0]    [0]    [0]    [0]    [0]    [0]    [0]    [0]    [0]
1    1    9    2    3    5    6    7    8    9    10    11    [8]    [8]    [9]    [8]    [8]    [8]    [8]    [8]    [8]
2    1    6    3    6    7    9    10    11    [2]    [1]    [1]    [1]    [1]    [1]
3    1    7    2    6    7    8    9    10    11    [-9]    [3]    [3]    [1]    [3]    [3]    [3]
4    1    8    1    6    7    8    9    10    11    6    [-12]    [6]    [6]    [6]    [6]    [6]    [6]    [-2]
5    1    9    2    3    4    6    7    8    9    10    11    [1]    [1]    [0]    [1]    [1]    [1]    [1]    [1]    [1]
6    1    4    7    9    11    10    [8]    [1]    [3]    [-1]
7    1    1    11    [10]
8    1    5    2    7    9    10    11    [-6]    [9]    [9]    [9]    [9]
9    1    4    6    7    10    11    [-3]    [1]    [1]    [1]
10    1    2    7    11    [9]    [9]
11    1    0
0	1	0	0	0	0	0	0
1	1	8	5	0	0	1	0
2	1	1	4	2	1	1	3
3	1	3	0	0	2	2	2
4	1	6	2	4	5	0	4
5	1	1	0	0	0	4	5
6	1	3	3	0	2	0	2
7	1	10	4	4	2	4	2
8	1	9	0	4	3	2	2
9	1	1	1	3	5	1	2
10	1	9	3	2	3	1	5
11	1	0	0	0	0	0	0
6	6	7	6	8
