10    5    0.527800
0    1    11    1    2    3    4    5    6    7    8    9    10    11    [0]    [0]    [0]    [0]    [0]    [0]    [0]    [0]    [0]    [0]    [0]
1    1    8    3    5    6    7    8    9    10    11    [9]    [9]    [2]    [9]    [9]    [9]    [9]    [9]
2    1    7    3    5    6    7    8    9    11    [9]    [13]    [9]    [9]    [9]    [9]    [9]
3    1    7    5    6    7    8    9    10    11    [2]    [2]    [2]    [2]    [6]    [3]    [2]
4    1    8    5    6    7    8    9    10    11    5    [3]    [3]    [3]    [6]    [3]    [3]    [3]    [-1]
5    1    5    6    7    9    10    11    [2]    [2]    [2]    [0]    [2]
6    1    1    11    [8]
7    1    2    5    11    [-17]    [6]
8    1    7    4    5    6    7    9    10    11    [-6]    [2]    [2]    [2]    [2]    [2]    [2]
9    1    2    6    11    [4]    [4]
10    1    4    2    5    6    11    [-18]    [-19]    [9]    [9]
11    1    0
0	1	0	0	0	0	0	0
1	1	9	4	0	0	0	4
2	1	9	0	0	4	0	0
3	1	2	0	2	4	0	2
4	1	3	0	2	0	1	0
5	1	2	5	1	2	1	5
6	1	8	2	3	1	5	4
7	1	6	0	2	0	0	0
8	1	2	0	0	2	1	3
9	1	4	1	0	0	0	0
10	1	9	4	0	5	0	0
11	1	0	0	0	0	0	0
5	5	5	5	5
