10    5    0.674985
0    1    11    1    2    3    4    5    6    7    8    9    10    11    [0]    [0]    [0]    [0]    [0]    [0]    [0]    [0]    [0]    [0]    [0]
1    1    7    4    6    7    8    9    10    11    [8]    [21]    [8]    [8]    [8]    [8]    [8]
2    1    8    4    6    7    8    9    10    11    8    [6]    [6]    [6]    [6]    [6]    [6]    [6]    [-2]
3    1    6    4    6    7    8    10    11    [5]    [5]    [5]    [5]    [0]    [5]
4    1    3    11    6    8    [5]    [-3]    [-1]
5    1    8    3    4    6    7    8    9    10    11    [5]    [5]    [5]    [0]    [5]    [5]    [5]    [5]
6    1    4    7    8    11    9    [6]    [7]    [7]    [-1]
7    1    2    4    11    [-5]    [6]
8    1    1    11    [9]
9    1    2    7    11    [1]    [1]
10    1    7    3    4    6    7    8    9    11    [-1]    [1]    [1]    [1]    [1]    [1]    [1]
11    1    0
0	1	0	0	0	0	0	0
1	1	8	0	1	3	0	3
2	1	6	0	0	2	5	0
3	1	5	3	3	1	2	4
4	1	5	1	0	1	0	1
5	1	5	5	4	3	3	4
6	1	7	3	3	1	3	1
7	1	6	5	4	5	1	3
8	1	9	3	0	0	2	4
9	1	1	0	3	0	1	0
10	1	1	4	2	1	4	5
11	1	0	0	0	0	0	0
9	8	8	10	11
