10    5    0.417450
0    1    11    1    2    3    4    5    6    7    8    9    10    11    [0]    [0]    [0]    [0]    [0]    [0]    [0]    [0]    [0]    [0]    [0]
1    1    7    6    7    8    9    10    11    8    [7]    [7]    [7]    [19]    [7]    [7]    [-2]
2    1    10    1    3    4    5    6    7    8    9    10    11    [6]    [6]    [6]    [16]    [6]    [6]    [15]    [6]    [12]    [6]
3    1    7    1    5    6    8    9    10    11    [4]    [6]    [5]    [4]    [4]    [5]    [4]
4    1    9    1    3    5    6    7    8    9    10    11    [9]    [9]    [9]    [27]    [9]    [9]    [9]    [9]    [9]
5    1    7    1    6    7    8    9    10    11    [10]    [10]    [29]    [10]    [10]    [10]    [10]
6    1    5    4    7    8    9    11    [-33]    [7]    [7]    [7]    [7]
7    1    3    3    8    11    [-38]    [1]    [1]
8    1    1    11    [9]
9    1    3    1    8    11    [-21]    [9]    [9]
10    1    4    7    8    9    11    [5]    [5]    [5]    [5]
11    1    0
0	1	0	0	0	0	0	0
1	1	7	4	5	0	4	4
2	1	6	4	0	3	0	1
3	1	4	1	1	5	5	5
4	1	9	1	1	5	4	3
5	1	10	0	4	0	5	1
6	1	7	3	2	0	0	1
7	1	1	0	5	3	2	2
8	1	9	4	2	2	3	4
9	1	9	0	0	2	4	4
10	1	5	1	0	2	5	0
11	1	0	0	0	0	0	0
5	5	6	6	6
