10    5    0.985914
0    1    11    1    2    3    4    5    6    7    8    9    10    11    [0]    [0]    [0]    [0]    [0]    [0]    [0]    [0]    [0]    [0]    [0]
1    1    8    3    5    6    7    8    9    11    10    [3]    [6]    [7]    [3]    [3]    [4]    [3]    [-2]
2    1    7    3    5    6    7    8    9    11    [2]    [2]    [2]    [2]    [2]    [2]    [2]
3    1    3    9    11    6    [0]    [6]    [-2]
4    1    6    3    6    7    8    9    11    [10]    [16]    [0]    [0]    [10]    [10]
5    1    4    6    7    9    11    [8]    [0]    [8]    [8]
6    1    1    11    [3]
7    1    1    11    [6]
8    1    6    3    5    6    7    9    11    [5]    [5]    [5]    [5]    [5]    [5]
9    1    3    3    6    11    [-2]    [2]    [2]
10    1    4    3    6    9    11    [9]    [9]    [9]    [9]
11    1    0
0	1	0	0	0	0	0	0
1	1	3	0	0	0	4	0
2	1	2	2	2	5	2	3
3	1	6	5	2	1	3	5
4	1	10	0	3	5	1	0
5	1	8	3	1	0	1	0
6	1	3	5	5	4	1	2
7	1	6	0	0	5	3	0
8	1	5	3	2	5	5	0
9	1	2	5	3	1	5	1
10	1	9	2	5	1	4	3
11	1	0	0	0	0	0	0
10	10	11	12	7
