10    5    0.619006
0    1    11    1    2    3    4    5    6    7    8    9    10    11    [0]    [0]    [0]    [0]    [0]    [0]    [0]    [0]    [0]    [0]    [0]
1    1    8    2    5    6    7    9    10    11    8    [4]    [4]    [4]    [4]    [4]    [4]    [4]    [-2]
2    1    4    6    9    10    11    [3]    [5]    [3]    [3]
3    1    8    2    5    6    7    8    9    10    11    [6]    [6]    [6]    [6]    [9]    [6]    [6]    [6]
4    1    8    2    5    6    7    8    9    10    11    [8]    [3]    [8]    [8]    [8]    [8]    [8]    [8]
5    1    6    6    7    8    9    10    11    [4]    [10]    [4]    [4]    [4]    [4]
6    1    3    9    10    11    [3]    [1]    [1]
7    1    4    6    9    10    11    [0]    [4]    [4]    [4]
8    1    7    1    3    6    7    9    10    11    [-8]    [-14]    [5]    [5]    [5]    [12]    [5]
9    1    1    11    [9]
10    1    2    9    11    [4]    [4]
11    1    0
0	1	0	0	0	0	0	0
1	1	4	0	1	1	0	4
2	1	3	0	4	0	0	0
3	1	6	2	2	0	1	2
4	1	8	2	3	1	5	5
5	1	4	2	0	4	4	5
6	1	1	1	4	5	2	4
7	1	4	0	1	5	3	2
8	1	5	5	2	0	2	3
9	1	9	0	0	5	3	4
10	1	4	4	5	4	4	1
11	1	0	0	0	0	0	0
6	7	8	8	11
