10    5    0.792626
0    1    11    1    2    3    4    5    6    7    8    9    10    11    [0]    [0]    [0]    [0]    [0]    [0]    [0]    [0]    [0]    [0]    [0]
1    1    6    4    6    7    8    9    11    [4]    [4]    [4]    [0]    [0]    [4]
2    1    8    4    6    7    8    9    10    11    5    [7]    [7]    [7]    [7]    [7]    [0]    [7]    [-1]
3    1    8    1    4    6    7    8    9    10    11    [4]    [4]    [4]    [6]    [4]    [4]    [4]    [4]
4    1    3    8    11    6    [10]    [10]    [-8]
5    1    6    2    4    6    8    10    11    [-4]    [20]    [9]    [22]    [9]    [9]
6    1    2    8    11    [7]    [7]
7    1    3    4    8    11    [5]    [5]    [5]
8    1    1    11    [6]
9    1    5    1    4    6    8    11    [-3]    [4]    [4]    [4]    [4]
10    1    4    4    6    8    11    [7]    [7]    [7]    [7]
11    1    0
0	1	0	0	0	0	0	0
1	1	4	0	1	2	0	3
2	1	7	0	2	3	0	4
3	1	4	1	2	3	4	2
4	1	10	3	5	4	4	1
5	1	9	4	0	5	3	1
6	1	7	4	3	3	0	5
7	1	5	0	3	4	1	0
8	1	6	5	5	4	1	2
9	1	4	0	4	2	1	4
10	1	7	4	0	1	0	0
11	1	0	0	0	0	0	0
7	7	11	7	10
