10    5    0.841499
0    1    11    1    2    3    4    5    6    7    8    9    10    11    [0]    [0]    [0]    [0]    [0]    [0]    [0]    [0]    [0]    [0]    [0]
1    1    3    6    10    11    [8]    [5]    [4]
2    1    9    1    5    6    7    8    9    10    11    6    [6]    [6]    [6]    [6]    [12]    [6]    [2]    [6]    [-3]
3    1    8    1    5    6    7    8    9    10    11    [7]    [7]    [21]    [15]    [7]    [5]    [7]    [7]
4    1    7    1    6    8    9    10    11    9    [7]    [7]    [13]    [7]    [7]    [7]    [-2]
5    1    6    1    6    7    9    10    11    [4]    [4]    [4]    [12]    [4]    [4]
6    1    2    1    11    [-8]    [4]
7    1    5    1    6    9    10    11    [4]    [4]    [4]    [4]    [4]
8    1    3    6    10    11    [6]    [6]    [6]
9    1    5    5    1    6    10    11    [-14]    [5]    [5]    [5]    [5]
10    1    1    11    [1]
11    1    0
0	1	0	0	0	0	0	0
1	1	4	5	3	3	5	5
2	1	6	0	2	3	4	2
3	1	7	1	1	2	4	3
4	1	7	2	0	0	0	2
5	1	4	4	4	1	2	3
6	1	4	5	0	0	1	0
7	1	4	0	5	0	0	1
8	1	6	0	1	0	3	1
9	1	5	5	2	5	5	2
10	1	1	1	2	5	2	2
11	1	0	0	0	0	0	0
6	7	6	8	8
