10    5    0.755599
0    1    11    1    2    3    4    5    6    7    8    9    10    11    [0]    [0]    [0]    [0]    [0]    [0]    [0]    [0]    [0]    [0]    [0]
1    1    7    3    6    7    8    9    10    11    [1]    [1]    [3]    [0]    [0]    [2]    [1]
2    1    6    3    7    8    9    10    11    [9]    [22]    [9]    [9]    [9]    [9]
3    1    5    7    8    9    10    11    [7]    [3]    [7]    [21]    [7]
4    1    8    1    3    6    7    8    9    10    11    [8]    [8]    [8]    [7]    [8]    [5]    [8]    [8]
5    1    9    1    3    6    7    8    9    10    11    10    [4]    [4]    [4]    [4]    [7]    [4]    [4]    [4]    [-2]
6    1    5    7    8    9    10    11    [5]    [5]    [5]    [5]    [5]
7    1    3    2    10    11    [-22]    [5]    [5]
8    1    1    11    [4]
9    1    3    7    10    11    [3]    [3]    [3]
10    1    1    11    [2]
11    1    0
0	1	0	0	0	0	0	0
1	1	1	5	5	4	0	3
2	1	9	0	4	2	5	0
3	1	7	5	1	0	5	0
4	1	8	1	1	2	1	2
5	1	4	0	1	3	2	0
6	1	5	2	1	4	0	2
7	1	5	5	3	3	4	2
8	1	4	0	0	5	0	0
9	1	3	5	1	1	1	2
10	1	2	5	4	1	4	5
11	1	0	0	0	0	0	0
9	9	8	9	6
