10    5    0.774124
0    1    11    1    2    3    4    5    6    7    8    9    10    11    [0]    [0]    [0]    [0]    [0]    [0]    [0]    [0]    [0]    [0]    [0]
1    1    6    2    3    7    8    10    11    [4]    [4]    [4]    [4]    [4]    [4]
2    1    4    3    10    11    8    [8]    [18]    [8]    [-3]
3    1    2    10    11    [14]    [8]
4    1    8    2    3    6    7    8    9    10    11    [7]    [7]    [0]    [7]    [7]    [7]    [7]    [7]
5    1    8    1    2    3    7    8    9    10    11    [4]    [4]    [4]    [4]    [11]    [4]    [4]    [4]
6    1    8    1    2    3    7    8    9    10    11    [1]    [1]    [1]    [0]    [0]    [2]    [1]    [1]
7    1    6    1    2    3    8    10    11    [-4]    [7]    [7]    [7]    [7]    [7]
8    1    3    2    10    11    [-2]    [10]    [10]
9    1    1    11    [4]
10    1    2    3    11    [-16]    [9]
11    1    0
0	1	0	0	0	0	0	0
1	1	4	3	4	4	4	3
2	1	8	3	0	4	2	1
3	1	8	3	0	4	0	0
4	1	7	3	1	2	0	4
5	1	4	2	4	2	5	1
6	1	1	1	5	5	5	3
7	1	7	0	0	5	5	3
8	1	10	2	0	0	5	0
9	1	4	0	2	4	0	5
10	1	9	3	1	3	4	2
11	1	0	0	0	0	0	0
6	10	9	10	9
