10    5    0.553467
0    1    11    1    2    3    4    5    6    7    8    9    10    11    [0]    [0]    [0]    [0]    [0]    [0]    [0]    [0]    [0]    [0]    [0]
1    1    10    2    3    4    5    6    7    8    9    10    11    [2]    [2]    [2]    [2]    [1]    [2]    [2]    [2]    [2]    [2]
2    1    5    3    5    8    9    11    [3]    [3]    [3]    [3]    [3]
3    1    4    5    8    9    11    [1]    [1]    [1]    [1]
4    1    7    2    3    5    7    8    9    11    [5]    [5]    [5]    [3]    [5]    [5]    [5]
5    1    2    9    11    [4]    [5]
6    1    9    2    3    4    5    7    8    9    10    11    [9]    [9]    [17]    [9]    [9]    [9]    [9]    [9]    [9]
7    1    6    2    3    5    8    9    11    [4]    [4]    [12]    [4]    [4]    [4]
8    1    4    3    5    9    11    [-1]    [3]    [3]    [3]
9    1    1    11    [5]
10    1    8    2    3    4    5    7    8    9    11    [8]    [8]    [8]    [8]    [8]    [8]    [8]    [8]
11    1    0
0	1	0	0	0	0	0	0
1	1	2	4	5	5	1	5
2	1	3	5	5	5	4	1
3	1	1	5	3	1	5	3
4	1	5	5	4	1	3	2
5	1	5	5	1	3	4	3
6	1	9	3	3	4	5	2
7	1	4	5	5	3	5	1
8	1	3	3	2	3	4	4
9	1	5	5	3	3	3	2
10	1	8	2	1	3	1	5
11	1	0	0	0	0	0	0
5	5	5	5	5
