10    5    0.525455
0    1    11    1    2    3    4    5    6    7    8    9    10    11    [0]    [0]    [0]    [0]    [0]    [0]    [0]    [0]    [0]    [0]    [0]
1    1    8    3    5    6    7    8    9    10    11    [9]    [9]    [9]    [9]    [16]    [9]    [9]    [9]
2    1    10    1    3    4    5    6    7    8    9    10    11    [9]    [9]    [9]    [9]    [9]    [21]    [9]    [9]    [9]    [9]
3    1    6    5    6    8    9    10    11    [5]    [5]    [7]    [5]    [5]    [5]
4    1    9    1    3    5    6    7    8    9    10    11    [6]    [6]    [6]    [6]    [6]    [6]    [1]    [6]    [6]
5    1    2    8    11    [5]    [3]
6    1    4    5    8    10    11    [4]    [4]    [2]    [4]
7    1    7    3    5    6    8    9    10    11    [3]    [3]    [0]    [3]    [8]    [3]    [3]
8    1    2    5    11    [-6]    [1]
9    1    6    7    5    6    8    10    11    [-9]    [6]    [6]    [6]    [6]    [6]
10    1    4    6    5    8    11    [-4]    [6]    [6]    [6]
11    1    0
0	1	0	0	0	0	0	0
1	1	9	1	1	4	4	4
2	1	9	4	3	5	3	4
3	1	5	5	5	2	4	5
4	1	6	5	5	2	2	5
5	1	3	1	2	4	3	4
6	1	4	1	2	4	2	1
7	1	3	1	4	1	5	5
8	1	1	5	5	4	4	4
9	1	6	4	2	5	2	5
10	1	6	2	4	5	5	2
11	1	0	0	0	0	0	0
5	5	5	5	5
