10    5    0.549342
0    1    11    1    2    3    4    5    6    7    8    9    10    11    [0]    [0]    [0]    [0]    [0]    [0]    [0]    [0]    [0]    [0]    [0]
1    1    7    2    5    7    8    10    11    9    [5]    [5]    [5]    [5]    [5]    [5]    [-3]
2    1    5    5    7    8    10    11    [12]    [5]    [5]    [5]    [5]
3    1    7    2    5    6    8    9    10    11    [2]    [2]    [0]    [2]    [2]    [2]    [2]
4    1    8    1    2    5    7    8    9    10    11    [6]    [6]    [6]    [6]    [13]    [6]    [6]    [6]
5    1    3    2    10    11    [-14]    [9]    [5]
6    1    7    2    5    7    8    9    10    11    [9]    [21]    [24]    [9]    [9]    [9]    [9]
7    1    3    3    10    11    [-26]    [4]    [4]
8    1    3    5    10    11    [3]    [3]    [3]
9    1    4    5    8    10    11    [4]    [4]    [4]    [4]
10    1    1    11    [7]
11    1    0
0	1	0	0	0	0	0	0
1	1	5	2	4	4	0	0
2	1	5	0	3	4	4	2
3	1	2	0	0	0	0	1
4	1	6	1	5	1	4	1
5	1	5	1	2	5	2	4
6	1	9	5	5	0	0	0
7	1	4	0	2	2	0	1
8	1	3	2	2	4	5	4
9	1	4	2	5	3	2	4
10	1	7	2	1	2	1	1
11	1	0	0	0	0	0	0
8	12	7	6	6
