10    5    0.214853
0    1    11    1    2    3    4    5    6    7    8    9    10    11    [0]    [0]    [0]    [0]    [0]    [0]    [0]    [0]    [0]    [0]    [0]
1    1    10    2    3    4    5    6    7    8    9    10    11    [7]    [7]    [7]    [7]    [7]    [10]    [3]    [11]    [7]    [7]
2    1    5    6    7    8    10    11    [3]    [2]    [0]    [1]    [1]
3    1    9    2    4    5    6    7    8    9    10    11    [4]    [4]    [4]    [4]    [4]    [4]    [8]    [4]    [4]
4    1    8    2    5    6    7    8    9    10    11    [10]    [10]    [4]    [7]    [10]    [10]    [10]    [10]
5    1    7    2    6    7    8    9    10    11    [1]    [2]    [1]    [1]    [0]    [1]    [1]
6    1    3    5    8    11    [-18]    [2]    [2]
7    1    3    6    8    11    [4]    [4]    [4]
8    1    2    2    11    [-10]    [10]
9    1    9    1    3    5    2    6    7    8    10    11    [-23]    [-24]    [-21]    [7]    [7]    [7]    [7]    [7]    [7]
10    1    4    6    7    8    11    [1]    [1]    [1]    [1]
11    1    0
0	1	0	0	0	0	0	0
1	1	7	1	3	5	2	5
2	1	1	3	1	3	1	3
3	1	4	5	2	2	2	5
4	1	10	3	4	1	3	5
5	1	1	2	5	2	5	1
6	1	2	3	4	3	3	1
7	1	4	4	4	3	5	5
8	1	10	3	1	4	3	1
9	1	7	4	3	2	4	4
10	1	1	5	5	5	3	4
11	1	0	0	0	0	0	0
5	5	5	5	5
