10    5    0.471003
0    1    11    1    2    3    4    5    6    7    8    9    10    11    [0]    [0]    [0]    [0]    [0]    [0]    [0]    [0]    [0]    [0]    [0]
1    1    4    6    10    11    9    [7]    [7]    [7]    [-6]
2    1    8    1    6    7    8    9    10    11    9    [8]    [8]    [8]    [6]    [8]    [8]    [8]    [-1]
3    1    11    1    2    4    5    6    7    8    9    10    11    9    [9]    [9]    [9]    [9]    [9]    [26]    [0]    [9]    [9]    [9]    [-2]
4    1    9    1    2    6    7    8    9    10    11    6    [6]    [6]    [6]    [11]    [6]    [6]    [2]    [6]    [-2]
5    1    9    1    2    4    6    7    8    9    10    11    [4]    [4]    [4]    [4]    [4]    [10]    [8]    [4]    [4]
6    1    2    10    11    [9]    [9]
7    1    7    3    4    1    6    9    10    11    [-41]    [-33]    [8]    [8]    [8]    [8]    [8]
8    1    7    2    1    6    7    9    10    11    [-8]    [10]    [10]    [10]    [10]    [10]    [10]
9    1    4    1    6    10    11    [-5]    [3]    [3]    [3]
10    1    1    11    [3]
11    1    0
0	1	0	0	0	0	0	0
1	1	7	1	1	1	1	1
2	1	8	1	3	5	2	5
3	1	9	1	3	2	4	3
4	1	6	3	4	3	5	5
5	1	4	2	5	2	5	1
6	1	9	2	1	3	1	5
7	1	8	3	5	3	2	3
8	1	10	2	4	5	1	2
9	1	3	1	5	3	2	2
10	1	3	2	5	5	1	2
11	1	0	0	0	0	0	0
3	5	5	5	5
