10    5    0.505141
0    1    11    1    2    3    4    5    6    7    8    9    10    11    [0]    [0]    [0]    [0]    [0]    [0]    [0]    [0]    [0]    [0]    [0]
1    1    7    2    4    7    8    9    10    11    [3]    [3]    [0]    [1]    [3]    [0]    [3]
2    1    3    10    11    10    [6]    [6]    [-1]
3    1    11    1    2    4    5    6    7    8    9    10    11    6    [7]    [7]    [7]    [7]    [7]    [7]    [7]    [7]    [7]    [7]    [-3]
4    1    5    2    8    9    10    11    [6]    [6]    [4]    [6]    [6]
5    1    9    1    2    4    6    7    8    9    10    11    [4]    [4]    [4]    [4]    [3]    [4]    [4]    [12]    [4]
6    1    8    1    2    4    7    8    9    10    11    [5]    [5]    [5]    [9]    [4]    [5]    [5]    [5]
7    1    7    6    2    4    8    9    10    11    [-11]    [10]    [10]    [10]    [10]    [10]    [10]
8    1    4    2    9    10    11    [6]    [6]    [6]    [6]
9    1    3    2    10    11    [2]    [2]    [2]
10    1    1    11    [3]
11    1    0
0	1	0	0	0	0	0	0
1	1	3	3	4	5	3	2
2	1	6	4	5	1	2	3
3	1	7	1	2	2	3	2
4	1	6	3	2	4	5	2
5	1	4	5	5	4	3	3
6	1	5	3	4	1	1	5
7	1	10	2	2	2	1	5
8	1	6	4	4	5	2	1
9	1	2	2	4	5	2	5
10	1	3	4	1	2	1	1
11	1	0	0	0	0	0	0
5	5	5	5	5
