10    5    0.731061
0    1    11    1    2    3    4    5    6    7    8    9    10    11    [0]    [0]    [0]    [0]    [0]    [0]    [0]    [0]    [0]    [0]    [0]
1    1    2    6    11    [0]    [1]
2    1    10    1    3    5    6    7    8    9    10    11    6    [8]    [8]    [8]    [8]    [8]    [22]    [8]    [8]    [8]    [-3]
3    1    8    1    6    7    8    9    10    11    10    [5]    [5]    [5]    [5]    [4]    [5]    [5]    [-1]
4    1    8    1    5    6    7    8    9    10    11    [9]    [9]    [9]    [9]    [9]    [9]    [19]    [9]
5    1    8    1    6    7    8    9    10    11    10    [3]    [3]    [0]    [3]    [6]    [3]    [3]    [-2]
6    1    2    11    7    [5]    [-2]
7    1    2    1    11    [0]    [9]
8    1    3    1    6    11    [8]    [8]    [8]
9    1    4    5    1    6    11    [-7]    [7]    [7]    [7]
10    1    5    1    6    7    8    11    [3]    [3]    [3]    [3]    [3]
11    1    0
0	1	0	0	0	0	0	0
1	1	1	1	5	5	5	4
2	1	8	5	1	5	2	2
3	1	5	5	1	5	4	4
4	1	9	2	5	3	1	3
5	1	3	1	5	1	2	3
6	1	5	4	3	1	1	2
7	1	9	2	1	1	2	1
8	1	8	5	1	3	2	5
9	1	7	2	2	1	3	2
10	1	3	3	5	5	3	1
11	1	0	0	0	0	0	0
9	9	9	8	9
