10    5    0.475410
0    1    11    1    2    3    4    5    6    7    8    9    10    11    [0]    [0]    [0]    [0]    [0]    [0]    [0]    [0]    [0]    [0]    [0]
1    1    8    2    4    6    7    8    9    10    11    [9]    [9]    [21]    [9]    [9]    [9]    [2]    [9]
2    1    6    6    7    8    9    10    11    [6]    [3]    [3]    [0]    [7]    [3]
3    1    9    2    4    5    6    7    8    9    10    11    [5]    [5]    [5]    [5]    [6]    [2]    [5]    [5]    [5]
4    1    6    6    7    8    9    10    11    [1]    [1]    [1]    [2]    [1]    [1]
5    1    7    4    6    7    8    10    11    9    [4]    [4]    [0]    [5]    [4]    [4]    [-2]
6    1    2    1    11    [-34]    [5]
7    1    3    6    10    11    [4]    [4]    [4]
8    1    2    10    11    [4]    [4]
9    1    6    2    4    5    8    10    11    [-40]    [-25]    [-33]    [2]    [2]    [2]
10    1    2    2    11    [-18]    [7]
11    1    0
0	1	0	0	0	0	0	0
1	1	9	3	1	1	2	5
2	1	3	3	1	4	2	5
3	1	5	4	3	3	2	1
4	1	1	1	5	1	3	1
5	1	4	3	4	4	2	1
6	1	5	1	1	2	1	5
7	1	4	3	3	2	1	5
8	1	4	4	1	5	5	3
9	1	2	5	1	3	3	2
10	1	7	1	5	5	3	2
11	1	0	0	0	0	0	0
8	7	8	7	8
