10    5    0.787025
0    1    11    1    2    3    4    5    6    7    8    9    10    11    [0]    [0]    [0]    [0]    [0]    [0]    [0]    [0]    [0]    [0]    [0]
1    1    8    2    5    6    7    8    9    10    11    [9]    [9]    [9]    [9]    [17]    [9]    [9]    [9]
2    1    4    6    8    9    11    [3]    [2]    [1]    [1]
3    1    6    2    6    8    9    11    7    [4]    [3]    [4]    [2]    [4]    [-1]
4    1    8    2    5    6    7    8    9    11    10    [10]    [10]    [10]    [10]    [0]    [29]    [10]    [-3]
5    1    7    2    6    7    8    9    11    6    [8]    [8]    [3]    [8]    [8]    [8]    [-6]
6    1    1    11    [5]
7    1    5    2    6    8    9    11    [5]    [5]    [5]    [5]    [5]
8    1    2    6    11    [3]    [3]
9    1    3    2    6    11    [-1]    [9]    [9]
10    1    7    2    5    6    7    8    9    11    [3]    [3]    [3]    [3]    [3]    [3]    [3]
11    1    0
0	1	0	0	0	0	0	0
1	1	9	0	5	0	0	0
2	1	1	0	4	2	3	1
3	1	4	1	0	0	0	0
4	1	10	0	0	1	2	0
5	1	8	2	3	0	5	2
6	1	5	1	0	3	4	0
7	1	5	0	3	3	0	0
8	1	3	5	2	0	1	0
9	1	9	0	0	0	3	5
10	1	3	0	3	4	0	2
11	1	0	0	0	0	0	0
5	5	5	5	5
