10    5    0.760245
0    1    11    1    2    3    4    5    6    7    8    9    10    11    [0]    [0]    [0]    [0]    [0]    [0]    [0]    [0]    [0]    [0]    [0]
1    1    7    5    6    7    8    9    10    11    [3]    [3]    [3]    [6]    [3]    [3]    [3]
2    1    6    5    6    7    9    10    11    [9]    [9]    [9]    [19]    [9]    [9]
3    1    10    1    2    5    6    7    8    9    10    11    10    [5]    [5]    [12]    [5]    [5]    [5]    [5]    [5]    [5]    [-1]
4    1    8    1    5    6    7    8    9    10    11    [10]    [10]    [10]    [14]    [10]    [10]    [30]    [10]
5    1    5    6    7    9    10    11    [3]    [17]    [6]    [10]    [10]
6    1    4    7    9    10    11    [10]    [10]    [10]    [10]
7    1    1    11    [4]
8    1    7    1    5    6    7    9    10    11    [-8]    [4]    [4]    [4]    [4]    [4]    [4]
9    1    2    7    11    [7]    [7]
10    1    3    7    9    11    [8]    [8]    [8]
11    1    0
0	1	0	0	0	0	0	0
1	1	3	1	4	1	4	4
2	1	9	4	3	4	2	2
3	1	5	2	3	1	1	1
4	1	10	2	5	1	5	2
5	1	10	5	5	1	2	5
6	1	10	4	2	5	2	5
7	1	4	3	4	2	4	4
8	1	4	1	2	1	2	3
9	1	7	1	5	4	5	4
10	1	8	2	5	4	5	2
11	1	0	0	0	0	0	0
6	8	6	7	7
