10    5    0.644231
0    1    11    1    2    3    4    5    6    7    8    9    10    11    [0]    [0]    [0]    [0]    [0]    [0]    [0]    [0]    [0]    [0]    [0]
1    1    5    5    6    7    8    11    [8]    [11]    [8]    [8]    [8]
2    1    9    1    3    5    6    7    8    9    10    11    [4]    [4]    [4]    [4]    [6]    [4]    [4]    [4]    [4]
3    1    7    5    6    7    8    9    10    11    [7]    [7]    [7]    [0]    [7]    [7]    [7]
4    1    9    1    5    6    7    8    9    10    11    6    [6]    [6]    [6]    [6]    [6]    [6]    [15]    [6]    [-2]
5    1    4    7    8    9    11    [0]    [6]    [6]    [6]
6    1    6    1    5    7    8    9    11    [-12]    [3]    [3]    [3]    [8]    [3]
7    1    3    8    9    11    [0]    [1]    [1]
8    1    1    11    [1]
9    1    3    1    6    11    [-24]    [-18]    [1]
10    1    6    5    6    7    8    9    11    [6]    [6]    [6]    [6]    [6]    [6]
11    1    0
0	1	0	0	0	0	0	0
1	1	8	2	1	4	1	5
2	1	4	5	2	5	5	1
3	1	7	3	4	1	5	3
4	1	6	1	1	3	3	4
5	1	6	2	5	4	2	4
6	1	3	1	4	1	2	2
7	1	1	3	1	4	2	3
8	1	1	2	3	2	1	1
9	1	1	4	1	5	3	5
10	1	6	5	5	4	1	1
11	1	0	0	0	0	0	0
7	7	8	8	8
