10    5    0.692604
0    1    11    1    2    3    4    5    6    7    8    9    10    11    [0]    [0]    [0]    [0]    [0]    [0]    [0]    [0]    [0]    [0]    [0]
1    1    7    3    4    5    7    8    10    11    [10]    [10]    [6]    [10]    [10]    [10]    [10]
2    1    9    3    4    5    6    7    8    9    10    11    [6]    [6]    [6]    [0]    [6]    [6]    [0]    [6]    [6]
3    1    5    7    8    10    11    4    [18]    [8]    [11]    [8]    [-3]
4    1    5    3    5    7    8    11    [0]    [1]    [1]    [1]    [1]
5    1    4    7    10    11    8    [6]    [6]    [6]    [-3]
6    1    9    1    3    4    5    7    8    9    10    11    [2]    [2]    [6]    [2]    [2]    [2]    [2]    [2]    [2]
7    1    1    11    [2]
8    1    2    7    11    [4]    [4]
9    1    7    3    4    5    7    8    10    11    [5]    [5]    [5]    [5]    [5]    [5]    [5]
10    1    3    4    7    11    [-12]    [3]    [3]
11    1    0
0	1	0	0	0	0	0	0
1	1	10	1	3	2	2	4
2	1	6	4	2	1	1	4
3	1	8	4	2	5	3	3
4	1	1	2	4	2	4	5
5	1	6	3	2	3	3	5
6	1	2	2	1	1	5	4
7	1	2	3	1	2	5	3
8	1	4	1	4	4	4	1
9	1	5	5	1	3	3	1
10	1	3	3	1	3	2	5
11	1	0	0	0	0	0	0
7	8	8	8	8
