10    5    0.559307
0    1    11    1    2    3    4    5    6    7    8    9    10    11    [0]    [0]    [0]    [0]    [0]    [0]    [0]    [0]    [0]    [0]    [0]
1    1    6    2    8    9    10    11    7    [5]    [5]    [5]    [13]    [5]    [-1]
2    1    4    8    9    10    11    [0]    [10]    [0]    [10]
3    1    10    1    2    4    5    6    7    8    9    10    11    [2]    [2]    [2]    [2]    [5]    [0]    [2]    [1]    [4]    [2]
4    1    9    1    2    5    6    7    8    9    10    11    [3]    [3]    [3]    [3]    [3]    [3]    [3]    [0]    [3]
5    1    7    1    2    8    9    10    11    7    [6]    [6]    [7]    [18]    [6]    [6]    [-1]
6    1    9    3    1    2    5    7    8    9    10    11    [-5]    [1]    [1]    [1]    [1]    [1]    [1]    [1]    [1]
7    1    7    1    5    2    8    9    10    11    [-7]    [-10]    [1]    [1]    [1]    [1]    [1]
8    1    1    11    [7]
9    1    3    8    10    11    [10]    [10]    [10]
10    1    2    8    11    [9]    [9]
11    1    0
0	1	0	0	0	0	0	0
1	1	5	2	2	3	5	4
2	1	10	3	4	3	5	1
3	1	2	5	4	3	2	4
4	1	3	1	5	3	2	4
5	1	6	5	4	1	3	1
6	1	1	5	1	5	1	5
7	1	1	3	5	2	3	1
8	1	7	4	1	5	3	5
9	1	10	5	2	2	4	5
10	1	9	2	4	1	2	2
11	1	0	0	0	0	0	0
5	5	5	5	5
