10    5    0.713547
0    1    11    1    2    3    4    5    6    7    8    9    10    11    [0]    [0]    [0]    [0]    [0]    [0]    [0]    [0]    [0]    [0]    [0]
1    1    7    5    6    7    8    9    10    11    [10]    [10]    [6]    [10]    [10]    [11]    [10]
2    1    7    5    6    7    8    9    10    11    [5]    [5]    [5]    [15]    [5]    [5]    [5]
3    1    9    1    2    5    6    7    8    9    10    11    [10]    [10]    [10]    [8]    [10]    [10]    [10]    [10]    [10]
4    1    8    2    5    6    7    8    9    10    11    [10]    [10]    [10]    [28]    [10]    [10]    [10]    [10]
5    1    4    7    9    11    10    [7]    [14]    [7]    [-1]
6    1    5    5    7    9    10    11    [4]    [4]    [4]    [8]    [4]
7    1    2    9    11    [1]    [3]
8    1    5    2    7    9    10    11    [-15]    [5]    [5]    [5]    [5]
9    1    2    7    11    [-2]    [5]
10    1    4    5    7    9    11    [-1]    [5]    [5]    [5]
11    1    0
0	1	0	0	0	0	0	0
1	1	10	4	5	2	4	4
2	1	5	1	3	4	3	5
3	1	10	1	2	4	2	2
4	1	10	3	1	3	3	4
5	1	7	4	4	2	2	4
6	1	4	4	4	3	4	1
7	1	3	4	5	5	1	1
8	1	5	3	1	5	2	4
9	1	5	1	1	3	2	1
10	1	5	1	3	1	4	5
11	1	0	0	0	0	0	0
7	8	9	9	10
