10    5    0.903409
0    1    11    1    2    3    4    5    6    7    8    9    10    11    [0]    [0]    [0]    [0]    [0]    [0]    [0]    [0]    [0]    [0]    [0]
1    1    2    8    11    [1]    [1]
2    1    9    1    4    5    6    7    8    9    10    11    [1]    [1]    [0]    [1]    [1]    [1]    [1]    [0]    [1]
3    1    6    1    6    7    8    9    11    [5]    [1]    [5]    [5]    [9]    [5]
4    1    5    1    7    8    9    11    [5]    [3]    [2]    [5]    [5]
5    1    7    1    6    7    8    9    10    11    [4]    [1]    [4]    [4]    [10]    [4]    [4]
6    1    8    5    1    4    7    8    9    10    11    [-2]    [1]    [1]    [1]    [1]    [1]    [1]    [1]
7    1    2    4    11    [-6]    [10]
8    1    2    1    11    [-1]    [1]
9    1    1    11    [6]
10    1    2    9    11    [4]    [4]
11    1    0
0	1	0	0	0	0	0	0
1	1	1	3	3	5	1	5
2	1	1	4	2	4	3	5
3	1	5	4	5	4	2	3
4	1	5	4	3	4	3	1
5	1	4	1	1	3	3	4
6	1	1	4	3	3	4	2
7	1	10	2	3	2	3	1
8	1	1	4	3	4	1	5
9	1	6	1	2	4	5	2
10	1	4	1	5	2	5	3
11	1	0	0	0	0	0	0
11	13	13	12	12
