10    5    0.384550
0    1    11    1    2    3    4    5    6    7    8    9    10    11    [0]    [0]    [0]    [0]    [0]    [0]    [0]    [0]    [0]    [0]    [0]
1    1    7    4    5    6    8    9    10    11    [9]    [9]    [9]    [15]    [9]    [9]    [9]
2    1    10    1    4    5    6    7    8    9    10    11    10    [10]    [10]    [27]    [10]    [10]    [10]    [10]    [10]    [10]    [-5]
3    1    7    4    6    7    8    9    10    11    [4]    [4]    [4]    [6]    [4]    [4]    [4]
4    1    6    6    7    8    9    10    11    [9]    [17]    [9]    [9]    [9]    [9]
5    1    5    7    9    10    11    6    [6]    [6]    [6]    [6]    [-2]
6    1    5    7    9    10    11    9    [3]    [3]    [3]    [3]    [-2]
7    1    2    1    11    [-35]    [3]
8    1    4    1    3    7    11    [-22]    [-24]    [2]    [2]
9    1    3    7    10    11    [1]    [1]    [1]
10    1    2    7    11    [3]    [3]
11    1    0
0	1	0	0	0	0	0	0
1	1	9	0	4	0	0	1
2	1	10	5	3	1	4	4
3	1	4	0	0	3	0	0
4	1	9	0	0	3	5	5
5	1	6	0	4	0	0	0
6	1	3	4	0	0	1	4
7	1	3	3	3	0	1	0
8	1	2	0	0	0	4	0
9	1	1	0	4	4	0	4
10	1	3	3	3	5	0	0
11	1	0	0	0	0	0	0
5	5	5	5	5
