10    5    0.656535
0    1    11    1    2    3    4    5    6    7    8    9    10    11    [0]    [0]    [0]    [0]    [0]    [0]    [0]    [0]    [0]    [0]    [0]
1    1    8    2    4    6    7    8    9    10    11    [3]    [3]    [8]    [3]    [3]    [3]    [3]    [3]
2    1    4    4    8    10    11    [3]    [6]    [9]    [3]
3    1    7    2    4    7    8    9    10    11    [6]    [6]    [6]    [6]    [12]    [9]    [6]
4    1    2    11    10    [8]    [-3]
5    1    10    1    2    3    4    6    7    8    9    10    11    [10]    [10]    [10]    [10]    [10]    [26]    [10]    [5]    [10]    [10]
6    1    7    2    4    7    8    9    10    11    [5]    [5]    [5]    [5]    [5]    [15]    [5]
7    1    5    2    4    8    10    11    [6]    [6]    [13]    [6]    [6]
8    1    4    2    4    10    11    [-6]    [3]    [3]    [3]
9    1    7    3    2    4    7    8    10    11    [-12]    [1]    [1]    [1]    [1]    [1]    [1]
10    1    2    4    11    [-6]    [3]
11    1    0
0	1	0	0	0	0	0	0
1	1	3	2	5	1	5	3
2	1	3	1	1	1	3	2
3	1	6	1	2	1	1	5
4	1	8	4	3	3	4	4
5	1	10	4	1	1	3	5
6	1	5	1	5	3	1	4
7	1	6	4	3	2	3	5
8	1	3	2	5	5	1	5
9	1	1	3	5	3	1	3
10	1	3	2	1	5	1	2
11	1	0	0	0	0	0	0
6	8	7	7	9
