10    5    0.675140
0    1    11    1    2    3    4    5    6    7    8    9    10    11    [0]    [0]    [0]    [0]    [0]    [0]    [0]    [0]    [0]    [0]    [0]
1    1    9    2    4    5    6    7    8    9    10    11    [2]    [2]    [2]    [2]    [2]    [2]    [2]    [0]    [2]
2    1    6    6    7    8    9    10    11    [1]    [1]    [3]    [1]    [1]    [1]
3    1    8    2    4    6    7    8    9    10    11    [6]    [6]    [6]    [17]    [6]    [6]    [6]    [6]
4    1    6    6    7    9    10    11    6    [8]    [8]    [8]    [16]    [8]    [-5]
5    1    5    6    7    8    10    11    [11]    [9]    [9]    [9]    [9]
6    1    4    5    9    10    11    [-18]    [9]    [4]    [4]
7    1    1    11    [10]
8    1    5    2    7    9    10    11    [-3]    [5]    [5]    [5]    [5]
9    1    4    5    6    10    11    [-22]    [-21]    [10]    [10]
10    1    1    11    [7]
11    1    0
0	1	0	0	0	0	0	0
1	1	2	3	4	5	5	2
2	1	1	3	3	1	5	1
3	1	6	2	4	4	4	3
4	1	8	4	1	5	4	2
5	1	9	1	5	3	2	5
6	1	4	3	4	5	2	2
7	1	10	1	3	4	5	3
8	1	5	5	1	5	1	2
9	1	10	3	5	4	5	4
10	1	7	1	5	1	4	3
11	1	0	0	0	0	0	0
9	9	11	12	9
