10    5    0.568462
0    1    11    1    2    3    4    5    6    7    8    9    10    11    [0]    [0]    [0]    [0]    [0]    [0]    [0]    [0]    [0]    [0]    [0]
1    1    8    2    4    6    7    8    9    10    11    [1]    [1]    [1]    [0]    [0]    [3]    [0]    [1]
2    1    4    6    7    8    11    [5]    [12]    [5]    [5]
3    1    8    2    4    6    7    8    9    10    11    [2]    [2]    [0]    [2]    [2]    [2]    [3]    [2]
4    1    6    6    7    8    9    10    11    [2]    [2]    [1]    [2]    [2]    [2]
5    1    8    2    4    6    7    8    9    10    11    [5]    [5]    [5]    [15]    [5]    [5]    [5]    [5]
6    1    1    11    [8]
7    1    2    2    11    [-14]    [10]
8    1    2    7    11    [2]    [2]
9    1    6    1    3    5    6    7    11    [-6]    [-6]    [-10]    [3]    [3]    [3]
10    1    6    3    6    7    8    9    11    [-6]    [2]    [2]    [2]    [2]    [2]
11    1    0
0	1	0	0	0	0	0	0
1	1	1	1	2	5	4	1
2	1	5	5	5	4	3	5
3	1	2	3	5	3	5	5
4	1	2	1	1	4	3	5
5	1	5	5	4	1	2	2
6	1	8	4	5	5	3	4
7	1	10	5	4	3	5	3
8	1	2	5	5	1	2	1
9	1	3	2	5	1	3	2
10	1	2	2	3	2	3	2
11	1	0	0	0	0	0	0
12	12	12	11	11
