10    5    0.510701
0    1    11    1    2    3    4    5    6    7    8    9    10    11    [0]    [0]    [0]    [0]    [0]    [0]    [0]    [0]    [0]    [0]    [0]
1    1    11    3    4    5    6    7    8    9    10    11    8    9    [4]    [4]    [4]    [4]    [4]    [4]    [4]    [4]    [4]    [-2]    [-2]
2    1    8    3    4    5    6    7    8    10    11    [7]    [17]    [7]    [7]    [7]    [7]    [6]    [7]
3    1    7    5    6    7    8    10    11    8    [4]    [2]    [5]    [2]    [6]    [2]    [-1]
4    1    7    3    5    6    7    8    10    11    [10]    [10]    [10]    [26]    [10]    [10]    [10]
5    1    4    6    7    10    11    [1]    [1]    [1]    [1]
6    1    1    11    [3]
7    1    2    3    11    [-18]    [4]
8    1    5    5    6    7    10    11    [7]    [7]    [7]    [7]    [7]
9    1    7    3    5    6    7    8    10    11    [6]    [6]    [6]    [6]    [6]    [6]    [6]
10    1    4    2    3    7    11    [-46]    [-51]    [7]    [7]
11    1    0
0	1	0	0	0	0	0	0
1	1	4	5	5	2	4	4
2	1	7	2	1	3	2	4
3	1	2	1	5	5	5	4
4	1	10	1	1	1	4	4
5	1	1	1	2	1	5	3
6	1	3	3	5	2	2	3
7	1	4	2	1	2	4	3
8	1	7	4	3	5	4	4
9	1	6	3	3	4	4	5
10	1	7	5	2	2	5	3
11	1	0	0	0	0	0	0
8	7	7	8	9
