10    5    0.720498
0    1    11    1    2    3    4    5    6    7    8    9    10    11    [0]    [0]    [0]    [0]    [0]    [0]    [0]    [0]    [0]    [0]    [0]
1    1    6    5    6    7    9    11    3    [6]    [6]    [6]    [6]    [6]    [-2]
2    1    10    1    3    4    5    6    7    8    9    10    11    [5]    [3]    [5]    [5]    [5]    [5]    [4]    [7]    [5]    [5]
3    1    9    1    4    5    6    7    8    9    10    11    [0]    [6]    [2]    [2]    [2]    [2]    [2]    [2]    [2]
4    1    6    5    6    7    9    10    11    [3]    [6]    [6]    [3]    [0]    [3]
5    1    4    7    9    11    6    [7]    [0]    [7]    [-1]
6    1    3    5    7    11    [-1]    [10]    [10]
7    1    1    11    [7]
8    1    7    4    5    6    7    9    10    11    [3]    [3]    [3]    [3]    [3]    [3]    [3]
9    1    2    7    11    [4]    [4]
10    1    5    5    6    7    9    11    [7]    [7]    [7]    [7]    [7]
11    1    0
0	1	0	0	0	0	0	0
1	1	6	0	0	3	0	1
2	1	5	0	5	0	1	0
3	1	2	4	0	0	0	5
4	1	3	0	0	0	0	1
5	1	7	4	0	0	0	0
6	1	10	0	4	3	1	1
7	1	7	3	2	4	0	5
8	1	3	4	2	0	3	4
9	1	4	0	0	1	0	0
10	1	7	4	5	0	3	3
11	1	0	0	0	0	0	0
4	5	5	5	5
