10    5    0.629666
0    1    11    1    2    3    4    5    6    7    8    9    10    11    [0]    [0]    [0]    [0]    [0]    [0]    [0]    [0]    [0]    [0]    [0]
1    1    9    3    4    5    6    7    8    9    10    11    [2]    [2]    [1]    [2]    [2]    [2]    [4]    [2]    [2]
2    1    9    3    4    5    6    7    8    9    10    11    [9]    [9]    [9]    [9]    [9]    [9]    [10]    [9]    [9]
3    1    7    4    6    7    8    10    11    5    [16]    [7]    [11]    [2]    [7]    [7]    [-2]
4    1    3    6    11    5    [5]    [3]    [-22]
5    1    6    3    6    7    8    10    11    [0]    [2]    [2]    [2]    [0]    [2]
6    1    1    11    [7]
7    1    1    11    [3]
8    1    3    6    7    11    [3]    [3]    [3]
9    1    9    1    3    4    5    6    7    8    10    11    [-5]    [7]    [7]    [7]    [7]    [7]    [7]    [7]    [7]
10    1    5    4    6    7    8    11    [4]    [4]    [4]    [4]    [4]
11    1    0
0	1	0	0	0	0	0	0
1	1	2	0	3	0	0	0
2	1	9	0	0	3	5	0
3	1	7	1	0	4	3	5
4	1	3	0	4	0	0	2
5	1	2	5	0	0	4	4
6	1	7	1	4	1	0	0
7	1	3	0	0	0	3	2
8	1	3	5	1	2	4	0
9	1	7	0	0	0	0	4
10	1	4	0	5	0	3	5
11	1	0	0	0	0	0	0
5	5	5	5	5
