10    5    0.572638
0    1    11    1    2    3    4    5    6    7    8    9    10    11    [0]    [0]    [0]    [0]    [0]    [0]    [0]    [0]    [0]    [0]    [0]
1    1    8    4    5    6    8    9    10    11    7    [4]    [3]    [3]    [3]    [3]    [3]    [3]    [-1]
2    1    10    1    3    4    5    6    7    8    9    10    11    [2]    [2]    [2]    [2]    [2]    [5]    [2]    [2]    [2]    [2]
3    1    8    1    4    5    6    8    9    10    11    [5]    [5]    [5]    [5]    [7]    [5]    [5]    [5]
4    1    6    6    8    9    10    11    6    [9]    [4]    [9]    [9]    [9]    [-1]
5    1    5    4    8    9    10    11    [-15]    [4]    [4]    [12]    [4]
6    1    5    5    8    9    10    11    [3]    [6]    [6]    [6]    [6]
7    1    8    1    4    5    6    8    9    10    11    [0]    [5]    [5]    [5]    [5]    [0]    [9]    [5]
8    1    3    9    10    11    [0]    [5]    [5]
9    1    1    11    [3]
10    1    1    11    [4]
11    1    0
0	1	0	0	0	0	0	0
1	1	3	2	0	1	2	0
2	1	2	0	3	0	5	0
3	1	5	5	3	0	0	2
4	1	9	5	1	3	0	4
5	1	4	3	0	0	0	3
6	1	6	3	0	0	0	0
7	1	5	0	0	0	3	2
8	1	5	4	0	0	4	4
9	1	3	0	0	0	2	0
10	1	4	4	4	1	0	3
11	1	0	0	0	0	0	0
5	5	5	5	5
