10    5    0.780198
0    1    11    1    2    3    4    5    6    7    8    9    10    11    [0]    [0]    [0]    [0]    [0]    [0]    [0]    [0]    [0]    [0]    [0]
1    1    9    2    3    5    6    7    8    9    10    11    [5]    [5]    [5]    [14]    [5]    [14]    [5]    [0]    [5]
2    1    7    3    6    7    8    9    10    11    [10]    [10]    [17]    [19]    [10]    [13]    [10]
3    1    6    6    7    8    9    10    11    [6]    [2]    [6]    [2]    [2]    [2]
4    1    8    3    5    6    7    8    9    10    11    [9]    [9]    [9]    [15]    [9]    [9]    [9]    [9]
5    1    7    3    6    7    8    9    10    11    [8]    [8]    [0]    [8]    [9]    [8]    [8]
6    1    1    11    [6]
7    1    3    6    8    11    [8]    [8]    [8]
8    1    2    6    11    [10]    [10]
9    1    3    6    8    11    [6]    [6]    [6]
10    1    5    2    6    8    9    11    [-15]    [4]    [4]    [4]    [4]
11    1    0
0	1	0	0	0	0	0	0
1	1	5	0	0	0	5	4
2	1	10	1	0	0	1	2
3	1	2	4	0	0	2	2
4	1	9	3	1	2	0	0
5	1	8	1	4	5	4	0
6	1	6	0	0	5	2	0
7	1	8	0	3	4	0	1
8	1	10	0	0	5	4	1
9	1	6	0	0	0	4	0
10	1	4	0	0	0	4	0
11	1	0	0	0	0	0	0
4	4	5	5	5
