10    5    0.567006
0    1    11    1    2    3    4    5    6    7    8    9    10    11    [0]    [0]    [0]    [0]    [0]    [0]    [0]    [0]    [0]    [0]    [0]
1    1    9    3    4    5    6    7    8    9    10    11    [3]    [3]    [3]    [0]    [3]    [3]    [3]    [3]    [3]
2    1    9    3    4    5    6    7    8    9    10    11    [6]    [6]    [6]    [6]    [11]    [6]    [6]    [6]    [6]
3    1    3    9    10    11    [8]    [3]    [3]
4    1    4    3    9    10    11    [10]    [10]    [11]    [10]
5    1    5    3    9    10    11    8    [6]    [6]    [6]    [6]    [-1]
6    1    6    4    3    9    10    11    9    [-3]    [7]    [7]    [7]    [7]    [-5]
7    1    9    2    5    3    4    5    6    9    10    11    [-11]    [-4]    [6]    [1]    [6]    [6]    [6]    [6]    [6]
8    1    6    5    3    4    9    10    11    [-4]    [6]    [6]    [14]    [6]    [6]
9    1    3    3    10    11    [-8]    [2]    [2]
10    1    1    11    [10]
11    1    0
0	1	0	0	0	0	0	0
1	1	3	3	0	0	3	5
2	1	6	0	3	3	2	0
3	1	3	1	0	0	0	3
4	1	10	1	2	0	4	4
5	1	6	0	0	3	1	0
6	1	7	0	0	2	0	1
7	1	6	5	0	4	0	0
8	1	6	0	0	0	0	4
9	1	2	0	4	0	0	0
10	1	10	1	5	5	3	3
11	1	0	0	0	0	0	0
5	5	5	5	5
