10    5    0.551000
0    1    11    1    2    3    4    5    6    7    8    9    10    11    [0]    [0]    [0]    [0]    [0]    [0]    [0]    [0]    [0]    [0]    [0]
1    1    3    5    8    11    [0]    [1]    [1]
2    1    9    1    3    4    5    6    7    8    10    11    [3]    [3]    [4]    [3]    [3]    [3]    [3]    [3]    [3]
3    1    3    7    8    11    [10]    [4]    [4]
4    1    9    1    3    5    6    7    8    9    10    11    [10]    [10]    [10]    [24]    [10]    [10]    [24]    [27]    [10]
5    1    2    8    11    [9]    [9]
6    1    5    1    3    5    7    11    [10]    [3]    [16]    [10]    [10]
7    1    2    3    11    [-13]    [4]
8    1    2    6    11    [-25]    [8]
9    1    7    2    1    3    5    7    8    11    [-32]    [7]    [7]    [7]    [7]    [7]    [7]
10    1    2    7    11    [1]    [1]
11    1    0
0	1	0	0	0	0	0	0
1	1	1	0	0	0	0	5
2	1	3	4	0	3	0	5
3	1	4	0	3	2	0	0
4	1	10	4	5	5	3	4
5	1	9	0	0	0	1	2
6	1	10	0	0	0	1	1
7	1	4	5	0	0	1	0
8	1	8	0	5	1	0	1
9	1	7	4	4	1	0	1
10	1	1	0	0	0	4	0
11	1	0	0	0	0	0	0
5	5	5	5	5
