10    5    0.753808
0    1    11    1    2    3    4    5    6    7    8    9    10    11    [0]    [0]    [0]    [0]    [0]    [0]    [0]    [0]    [0]    [0]    [0]
1    1    4    6    9    10    11    [4]    [10]    [10]    [10]
2    1    8    1    5    6    7    8    9    10    11    [7]    [7]    [0]    [7]    [7]    [7]    [5]    [7]
3    1    7    1    6    7    8    9    10    11    [10]    [24]    [10]    [6]    [10]    [10]    [10]
4    1    8    1    5    6    7    8    9    10    11    [7]    [7]    [7]    [21]    [7]    [7]    [15]    [7]
5    1    5    6    7    9    10    11    [2]    [0]    [2]    [2]    [2]
6    1    4    1    9    10    11    [-11]    [15]    [5]    [5]
7    1    4    6    9    10    11    [6]    [6]    [6]    [6]
8    1    7    3    1    6    7    9    10    11    [-9]    [1]    [1]    [1]    [1]    [1]    [1]
9    1    1    11    [10]
10    1    2    9    11    [10]    [10]
11    1    0
0	1	0	0	0	0	0	0
1	1	10	1	4	3	4	4
2	1	7	2	2	3	5	4
3	1	10	3	1	2	1	1
4	1	7	2	2	3	3	2
5	1	2	1	2	1	3	3
6	1	5	3	1	2	1	5
7	1	6	4	2	1	4	4
8	1	1	4	5	2	4	2
9	1	10	4	4	2	4	4
10	1	10	3	4	4	5	5
11	1	0	0	0	0	0	0
8	8	8	9	8
