10    5    0.766383
0    1    11    1    2    3    4    5    6    7    8    9    10    11    [0]    [0]    [0]    [0]    [0]    [0]    [0]    [0]    [0]    [0]    [0]
1    1    8    5    6    7    8    9    10    11    8    [5]    [9]    [5]    [5]    [5]    [5]    [5]    [-3]
2    1    9    1    4    5    6    7    8    9    10    11    [5]    [5]    [5]    [5]    [4]    [13]    [5]    [5]    [5]
3    1    10    1    4    5    6    7    8    9    10    11    6    [7]    [17]    [7]    [7]    [7]    [7]    [7]    [7]    [7]    [-4]
4    1    7    5    7    8    9    10    11    5    [7]    [7]    [2]    [7]    [7]    [7]    [-1]
5    1    4    7    9    10    11    [5]    [5]    [6]    [3]
6    1    5    5    7    9    10    11    [1]    [1]    [2]    [1]    [1]
7    1    1    11    [10]
8    1    5    5    7    9    10    11    [8]    [8]    [8]    [8]    [8]
9    1    1    11    [7]
10    1    3    5    9    11    [-7]    [9]    [9]
11    1    0
0	1	0	0	0	0	0	0
1	1	5	5	3	3	0	4
2	1	5	0	4	0	2	3
3	1	7	2	0	4	2	0
4	1	7	0	0	0	3	0
5	1	3	4	0	0	5	5
6	1	1	3	4	2	0	1
7	1	10	0	0	1	0	0
8	1	8	0	0	0	1	2
9	1	7	0	4	2	0	0
10	1	9	0	2	0	5	0
11	1	0	0	0	0	0	0
5	5	5	5	5
